<?xml version="1.0" encoding="UTF-8"?>
<testsuites name="nc-cp-bo-login-test-suit" time="2985" tests="113" failures="17" errors="0">
   <testsuite name="nc-cp-bo-login-test-suit" tests="113" failures="17" errors="0" time="2985" timestamp="2018-09-25 18:34:55" hostname="Mazhar - mazhar-pc.metafour.lan" id="Test Suites/nc-cp-bo-login-test-suit">
      <properties>
[...]
</properties>
      <testcase name="Test Cases/nc_cp_login_test" classname="Test Cases/nc_cp_login_test" status="PASSED">
         <system-out><![CDATA[2018-09-25 18:34:55 - [TEST_CASE][PASSED] - Test Cases/nc_cp_login_test: Test Cases/nc_cp_login_test

2018-09-25 18:34:56 - [TEST_STEP][PASSED] - openBrowser: Browser is opened with url: 'https://360.netcourier.net/metafour-auth/authenticate?appId=clon&accessCode=&continue=/online/authenticated'

2018-09-25 18:35:04 - [MESSAGE][PASSED] - Browser is opened with url: 'https://360.netcourier.net/metafour-auth/authenticate?appId=clon&accessCode=&continue=/online/authenticated'

2018-09-25 18:35:04 - [TEST_STEP][PASSED] - navigateToUrl: Navigate to 'https://360.netcourier.net/metafour-auth/authenticate?appId=clon&accessCode=&continue=/online/authenticated' successfully

2018-09-25 18:35:05 - [MESSAGE][PASSED] - Navigate to 'https://360.netcourier.net/metafour-auth/authenticate?appId=clon&accessCode=&continue=/online/authenticated' successfully

2018-09-25 18:35:05 - [TEST_STEP][PASSED] - setText: Text 'dumm' is set on object 'Object Repository/Page_Metafour User Login/input_Login_access_code'

2018-09-25 18:35:05 - [MESSAGE][PASSED] - Text 'dumm' is set on object 'Object Repository/Page_Metafour User Login/input_Login_access_code'

2018-09-25 18:35:05 - [TEST_STEP][PASSED] - setText: Text 'Jony' is set on object 'Object Repository/Page_Metafour User Login/input_Login_login'

2018-09-25 18:35:05 - [MESSAGE][PASSED] - Text 'Jony' is set on object 'Object Repository/Page_Metafour User Login/input_Login_login'

2018-09-25 18:35:05 - [TEST_STEP][PASSED] - setText: Text '1234' is set on object 'Object Repository/Page_Metafour User Login/input_Login_j_password'

2018-09-25 18:35:05 - [MESSAGE][PASSED] - Text '1234' is set on object 'Object Repository/Page_Metafour User Login/input_Login_j_password'

2018-09-25 18:35:05 - [TEST_STEP][PASSED] - click: Object: 'Object Repository/Page_Metafour User Login/button_Sign in' is clicked on

2018-09-25 18:35:08 - [MESSAGE][PASSED] - Object: 'Object Repository/Page_Metafour User Login/button_Sign in' is clicked on

2018-09-25 18:35:08 - [TEST_STEP][PASSED] - delay: Delayed 3 second(s)

2018-09-25 18:35:11 - [MESSAGE][PASSED] - Delayed 3 second(s)

2018-09-25 18:35:11 - [TEST_STEP][PASSED] - verifyElementNotPresent: Web element with id: 'Object Repository/Page_Metafour User Login/div_Sorry login failed' located by 'By.xpath: //div[@id='customerrormessagediv']' is not present after '30' second(s)

2018-09-25 18:35:11 - [MESSAGE][WARNING] - Timeout '0' is invalid. Using default page load timeout: '30'

2018-09-25 18:35:12 - [MESSAGE][PASSED] - Web element with id: 'Object Repository/Page_Metafour User Login/div_Sorry login failed' located by 'By.xpath: //div[@id='customerrormessagediv']' is not present after '30' second(s)

2018-09-25 18:35:12 - [TEST_STEP][PASSED] - closeBrowser: Browser is closed

2018-09-25 18:35:12 - [MESSAGE][PASSED] - Browser is closed]]></system-out>
         <system-err><![CDATA[]]></system-err>
      </testcase>
      <testcase name="Test Cases/nc_cp_login_test" classname="Test Cases/nc_cp_login_test" status="PASSED">
         <system-out><![CDATA[2018-09-25 18:35:12 - [TEST_CASE][PASSED] - Test Cases/nc_cp_login_test: Test Cases/nc_cp_login_test

2018-09-25 18:35:12 - [TEST_STEP][PASSED] - openBrowser: Browser is opened with url: 'https://ateamexpress.netcourier.net/metafour-auth/authenticate?appId=clon&accessCode=&continue=/online/authenticated'

2018-09-25 18:35:19 - [MESSAGE][PASSED] - Browser is opened with url: 'https://ateamexpress.netcourier.net/metafour-auth/authenticate?appId=clon&accessCode=&continue=/online/authenticated'

2018-09-25 18:35:19 - [TEST_STEP][PASSED] - navigateToUrl: Navigate to 'https://ateamexpress.netcourier.net/metafour-auth/authenticate?appId=clon&accessCode=&continue=/online/authenticated' successfully

2018-09-25 18:35:20 - [MESSAGE][PASSED] - Navigate to 'https://ateamexpress.netcourier.net/metafour-auth/authenticate?appId=clon&accessCode=&continue=/online/authenticated' successfully

2018-09-25 18:35:20 - [TEST_STEP][PASSED] - setText: Text 'ACME' is set on object 'Object Repository/Page_Metafour User Login/input_Login_access_code'

2018-09-25 18:35:20 - [MESSAGE][PASSED] - Text 'ACME' is set on object 'Object Repository/Page_Metafour User Login/input_Login_access_code'

2018-09-25 18:35:20 - [TEST_STEP][PASSED] - setText: Text 'Jony' is set on object 'Object Repository/Page_Metafour User Login/input_Login_login'

2018-09-25 18:35:20 - [MESSAGE][PASSED] - Text 'Jony' is set on object 'Object Repository/Page_Metafour User Login/input_Login_login'

2018-09-25 18:35:20 - [TEST_STEP][PASSED] - setText: Text '1234' is set on object 'Object Repository/Page_Metafour User Login/input_Login_j_password'

2018-09-25 18:35:20 - [MESSAGE][PASSED] - Text '1234' is set on object 'Object Repository/Page_Metafour User Login/input_Login_j_password'

2018-09-25 18:35:20 - [TEST_STEP][PASSED] - click: Object: 'Object Repository/Page_Metafour User Login/button_Sign in' is clicked on

2018-09-25 18:35:24 - [MESSAGE][PASSED] - Object: 'Object Repository/Page_Metafour User Login/button_Sign in' is clicked on

2018-09-25 18:35:24 - [TEST_STEP][PASSED] - delay: Delayed 3 second(s)

2018-09-25 18:35:27 - [MESSAGE][PASSED] - Delayed 3 second(s)

2018-09-25 18:35:27 - [TEST_STEP][PASSED] - verifyElementNotPresent: Web element with id: 'Object Repository/Page_Metafour User Login/div_Sorry login failed' located by 'By.xpath: //div[@id='customerrormessagediv']' is not present after '30' second(s)

2018-09-25 18:35:27 - [MESSAGE][WARNING] - Timeout '0' is invalid. Using default page load timeout: '30'

2018-09-25 18:35:27 - [MESSAGE][PASSED] - Web element with id: 'Object Repository/Page_Metafour User Login/div_Sorry login failed' located by 'By.xpath: //div[@id='customerrormessagediv']' is not present after '30' second(s)

2018-09-25 18:35:27 - [TEST_STEP][PASSED] - closeBrowser: Browser is closed

2018-09-25 18:35:28 - [MESSAGE][PASSED] - Browser is closed]]></system-out>
         <system-err><![CDATA[]]></system-err>
      </testcase>
      <testcase name="Test Cases/nc_cp_login_test" classname="Test Cases/nc_cp_login_test" status="PASSED">
         <system-out><![CDATA[2018-09-25 18:35:28 - [TEST_CASE][PASSED] - Test Cases/nc_cp_login_test: Test Cases/nc_cp_login_test

2018-09-25 18:35:28 - [TEST_STEP][PASSED] - openBrowser: Browser is opened with url: 'http://aands.metafour.com/metafour-auth/authenticate?appId=clon&accessCode=&continue=/online/authenticated'

2018-09-25 18:35:33 - [MESSAGE][PASSED] - Browser is opened with url: 'http://aands.metafour.com/metafour-auth/authenticate?appId=clon&accessCode=&continue=/online/authenticated'

2018-09-25 18:35:33 - [TEST_STEP][PASSED] - navigateToUrl: Navigate to 'http://aands.metafour.com/metafour-auth/authenticate?appId=clon&accessCode=&continue=/online/authenticated' successfully

2018-09-25 18:35:34 - [MESSAGE][PASSED] - Navigate to 'http://aands.metafour.com/metafour-auth/authenticate?appId=clon&accessCode=&continue=/online/authenticated' successfully

2018-09-25 18:35:34 - [TEST_STEP][PASSED] - setText: Text 'dummy' is set on object 'Object Repository/Page_Metafour User Login/input_Login_access_code'

2018-09-25 18:35:34 - [MESSAGE][PASSED] - Text 'dummy' is set on object 'Object Repository/Page_Metafour User Login/input_Login_access_code'

2018-09-25 18:35:34 - [TEST_STEP][PASSED] - setText: Text 'clon' is set on object 'Object Repository/Page_Metafour User Login/input_Login_login'

2018-09-25 18:35:34 - [MESSAGE][PASSED] - Text 'clon' is set on object 'Object Repository/Page_Metafour User Login/input_Login_login'

2018-09-25 18:35:34 - [TEST_STEP][PASSED] - setText: Text 'clon' is set on object 'Object Repository/Page_Metafour User Login/input_Login_j_password'

2018-09-25 18:35:34 - [MESSAGE][PASSED] - Text 'clon' is set on object 'Object Repository/Page_Metafour User Login/input_Login_j_password'

2018-09-25 18:35:34 - [TEST_STEP][PASSED] - click: Object: 'Object Repository/Page_Metafour User Login/button_Sign in' is clicked on

2018-09-25 18:35:37 - [MESSAGE][PASSED] - Object: 'Object Repository/Page_Metafour User Login/button_Sign in' is clicked on

2018-09-25 18:35:37 - [TEST_STEP][PASSED] - delay: Delayed 3 second(s)

2018-09-25 18:35:40 - [MESSAGE][PASSED] - Delayed 3 second(s)

2018-09-25 18:35:40 - [TEST_STEP][PASSED] - verifyElementNotPresent: Web element with id: 'Object Repository/Page_Metafour User Login/div_Sorry login failed' located by 'By.xpath: //div[@id='customerrormessagediv']' is not present after '30' second(s)

2018-09-25 18:35:40 - [MESSAGE][WARNING] - Timeout '0' is invalid. Using default page load timeout: '30'

2018-09-25 18:35:40 - [MESSAGE][PASSED] - Web element with id: 'Object Repository/Page_Metafour User Login/div_Sorry login failed' located by 'By.xpath: //div[@id='customerrormessagediv']' is not present after '30' second(s)

2018-09-25 18:35:40 - [TEST_STEP][PASSED] - closeBrowser: Browser is closed

2018-09-25 18:35:40 - [MESSAGE][PASSED] - Browser is closed]]></system-out>
         <system-err><![CDATA[]]></system-err>
      </testcase>
      <testcase name="Test Cases/nc_cp_login_test" classname="Test Cases/nc_cp_login_test" status="FAILED">
         <failure type="FAILED" message="(Stack trace: com.kms.katalon.core.exception.StepFailedException: Unable to verify object 'Object Repository/Page_Metafour User Login/div_Sorry login failed' is not present (Root cause: Web element with id: 'Object Repository/Page_Metafour User Login/div_Sorry login failed' located by 'By.xpath: //div[@id='customerrormessagediv']' is present after '30' second(s))
	at com.kms.katalon.core.keyword.internal.KeywordMain.stepFailed(KeywordMain.groovy:36)
	at com.kms.katalon.core.webui.keyword.internal.WebUIKeywordMain.stepFailed(WebUIKeywordMain.groovy:65)
	at com.kms.katalon.core.webui.keyword.internal.WebUIKeywordMain.runKeyword(WebUIKeywordMain.groovy:27)
	at com.kms.katalon.core.webui.keyword.builtin.VerifyElementNotPresentKeyword.verifyElementNotPresent(VerifyElementNotPresentKeyword.groovy:118)
	at com.kms.katalon.core.webui.keyword.builtin.VerifyElementNotPresentKeyword.execute(VerifyElementNotPresentKeyword.groovy:68)
	at com.kms.katalon.core.keyword.internal.KeywordExecutor.executeKeywordForPlatform(KeywordExecutor.groovy:53)
	at com.kms.katalon.core.webui.keyword.WebUiBuiltInKeywords.verifyElementNotPresent(WebUiBuiltInKeywords.groovy:1467)
	at com.kms.katalon.core.webui.keyword.WebUiBuiltInKeywords$verifyElementNotPresent$3.call(Unknown Source)
	at Script1537190043452.run(Script1537190043452.groovy:31)
	at com.kms.katalon.core.main.ScriptEngine.run(ScriptEngine.java:183)
	at com.kms.katalon.core.main.ScriptEngine.runScriptAsRawText(ScriptEngine.java:108)
	at com.kms.katalon.core.main.TestCaseExecutor.runScript(TestCaseExecutor.java:294)
	at com.kms.katalon.core.main.TestCaseExecutor.doExecute(TestCaseExecutor.java:285)
	at com.kms.katalon.core.main.TestCaseExecutor.processExecutionPhase(TestCaseExecutor.java:264)
	at com.kms.katalon.core.main.TestCaseExecutor.accessMainPhase(TestCaseExecutor.java:256)
	at com.kms.katalon.core.main.TestCaseExecutor.execute(TestCaseExecutor.java:200)
	at com.kms.katalon.core.main.TestSuiteExecutor.accessTestCaseMainPhase(TestSuiteExecutor.java:129)
	at com.kms.katalon.core.main.TestSuiteExecutor.accessTestSuiteMainPhase(TestSuiteExecutor.java:112)
	at com.kms.katalon.core.main.TestSuiteExecutor.execute(TestSuiteExecutor.java:81)
	at com.kms.katalon.core.main.TestCaseMain.startTestSuite(TestCaseMain.java:142)
	at com.kms.katalon.core.main.TestCaseMain$startTestSuite$0.call(Unknown Source)
	at org.codehaus.groovy.runtime.callsite.CallSiteArray.defaultCall(CallSiteArray.java:48)
	at org.codehaus.groovy.runtime.callsite.AbstractCallSite.call(AbstractCallSite.java:113)
	at org.codehaus.groovy.runtime.callsite.AbstractCallSite.call(AbstractCallSite.java:141)
	at TempTestSuite1537878892048.run(TempTestSuite1537878892048.groovy:36)
	at groovy.lang.GroovyShell.runScriptOrMainOrTestOrRunnable(GroovyShell.java:263)
	at groovy.lang.GroovyShell.run(GroovyShell.java:518)
	at groovy.lang.GroovyShell.run(GroovyShell.java:507)
	at groovy.ui.GroovyMain.processOnce(GroovyMain.java:653)
	at groovy.ui.GroovyMain.run(GroovyMain.java:384)
	at groovy.ui.GroovyMain.process(GroovyMain.java:370)
	at groovy.ui.GroovyMain.processArgs(GroovyMain.java:129)
	at groovy.ui.GroovyMain.main(GroovyMain.java:109)
	at sun.reflect.NativeMethodAccessorImpl.invoke0(Native Method)
	at sun.reflect.NativeMethodAccessorImpl.invoke(NativeMethodAccessorImpl.java:62)
	at sun.reflect.DelegatingMethodAccessorImpl.invoke(DelegatingMethodAccessorImpl.java:43)
	at java.lang.reflect.Method.invoke(Method.java:498)
	at org.codehaus.groovy.tools.GroovyStarter.rootLoader(GroovyStarter.java:109)
	at org.codehaus.groovy.tools.GroovyStarter.main(GroovyStarter.java:131)
)"/>
         <system-out><![CDATA[2018-09-25 18:35:41 - [TEST_CASE][FAILED] - Test Cases/nc_cp_login_test: Test Cases/nc_cp_login_test FAILED because (of) (Stack trace: com.kms.katalon.core.exception.StepFailedException: Unable to verify object 'Object Repository/Page_Metafour User Login/div_Sorry login failed' is not present (Root cause: Web element with id: 'Object Repository/Page_Metafour User Login/div_Sorry login failed' located by 'By.xpath: //div[@id='customerrormessagediv']' is present after '30' second(s))
	at com.kms.katalon.core.keyword.internal.KeywordMain.stepFailed(KeywordMain.groovy:36)
	at com.kms.katalon.core.webui.keyword.internal.WebUIKeywordMain.stepFailed(WebUIKeywordMain.groovy:65)
	at com.kms.katalon.core.webui.keyword.internal.WebUIKeywordMain.runKeyword(WebUIKeywordMain.groovy:27)
	at com.kms.katalon.core.webui.keyword.builtin.VerifyElementNotPresentKeyword.verifyElementNotPresent(VerifyElementNotPresentKeyword.groovy:118)
	at com.kms.katalon.core.webui.keyword.builtin.VerifyElementNotPresentKeyword.execute(VerifyElementNotPresentKeyword.groovy:68)
	at com.kms.katalon.core.keyword.internal.KeywordExecutor.executeKeywordForPlatform(KeywordExecutor.groovy:53)
	at com.kms.katalon.core.webui.keyword.WebUiBuiltInKeywords.verifyElementNotPresent(WebUiBuiltInKeywords.groovy:1467)
	at com.kms.katalon.core.webui.keyword.WebUiBuiltInKeywords$verifyElementNotPresent$3.call(Unknown Source)
	at Script1537190043452.run(Script1537190043452.groovy:31)
	at com.kms.katalon.core.main.ScriptEngine.run(ScriptEngine.java:183)
	at com.kms.katalon.core.main.ScriptEngine.runScriptAsRawText(ScriptEngine.java:108)
	at com.kms.katalon.core.main.TestCaseExecutor.runScript(TestCaseExecutor.java:294)
	at com.kms.katalon.core.main.TestCaseExecutor.doExecute(TestCaseExecutor.java:285)
	at com.kms.katalon.core.main.TestCaseExecutor.processExecutionPhase(TestCaseExecutor.java:264)
	at com.kms.katalon.core.main.TestCaseExecutor.accessMainPhase(TestCaseExecutor.java:256)
	at com.kms.katalon.core.main.TestCaseExecutor.execute(TestCaseExecutor.java:200)
	at com.kms.katalon.core.main.TestSuiteExecutor.accessTestCaseMainPhase(TestSuiteExecutor.java:129)
	at com.kms.katalon.core.main.TestSuiteExecutor.accessTestSuiteMainPhase(TestSuiteExecutor.java:112)
	at com.kms.katalon.core.main.TestSuiteExecutor.execute(TestSuiteExecutor.java:81)
	at com.kms.katalon.core.main.TestCaseMain.startTestSuite(TestCaseMain.java:142)
	at com.kms.katalon.core.main.TestCaseMain$startTestSuite$0.call(Unknown Source)
	at org.codehaus.groovy.runtime.callsite.CallSiteArray.defaultCall(CallSiteArray.java:48)
	at org.codehaus.groovy.runtime.callsite.AbstractCallSite.call(AbstractCallSite.java:113)
	at org.codehaus.groovy.runtime.callsite.AbstractCallSite.call(AbstractCallSite.java:141)
	at TempTestSuite1537878892048.run(TempTestSuite1537878892048.groovy:36)
	at groovy.lang.GroovyShell.runScriptOrMainOrTestOrRunnable(GroovyShell.java:263)
	at groovy.lang.GroovyShell.run(GroovyShell.java:518)
	at groovy.lang.GroovyShell.run(GroovyShell.java:507)
	at groovy.ui.GroovyMain.processOnce(GroovyMain.java:653)
	at groovy.ui.GroovyMain.run(GroovyMain.java:384)
	at groovy.ui.GroovyMain.process(GroovyMain.java:370)
	at groovy.ui.GroovyMain.processArgs(GroovyMain.java:129)
	at groovy.ui.GroovyMain.main(GroovyMain.java:109)
	at sun.reflect.NativeMethodAccessorImpl.invoke0(Native Method)
	at sun.reflect.NativeMethodAccessorImpl.invoke(NativeMethodAccessorImpl.java:62)
	at sun.reflect.DelegatingMethodAccessorImpl.invoke(DelegatingMethodAccessorImpl.java:43)
	at java.lang.reflect.Method.invoke(Method.java:498)
	at org.codehaus.groovy.tools.GroovyStarter.rootLoader(GroovyStarter.java:109)
	at org.codehaus.groovy.tools.GroovyStarter.main(GroovyStarter.java:131)
)

2018-09-25 18:35:41 - [TEST_STEP][PASSED] - openBrowser: Browser is opened with url: 'https://addlee.netcourier.net/metafour-auth/authenticate?appId=clon&accessCode=&continue=/online/authenticated'

2018-09-25 18:35:46 - [MESSAGE][PASSED] - Browser is opened with url: 'https://addlee.netcourier.net/metafour-auth/authenticate?appId=clon&accessCode=&continue=/online/authenticated'

2018-09-25 18:35:46 - [TEST_STEP][PASSED] - navigateToUrl: Navigate to 'https://addlee.netcourier.net/metafour-auth/authenticate?appId=clon&accessCode=&continue=/online/authenticated' successfully

2018-09-25 18:35:46 - [MESSAGE][PASSED] - Navigate to 'https://addlee.netcourier.net/metafour-auth/authenticate?appId=clon&accessCode=&continue=/online/authenticated' successfully

2018-09-25 18:35:46 - [TEST_STEP][PASSED] - setText: Text 'dummy' is set on object 'Object Repository/Page_Metafour User Login/input_Login_access_code'

2018-09-25 18:35:46 - [MESSAGE][PASSED] - Text 'dummy' is set on object 'Object Repository/Page_Metafour User Login/input_Login_access_code'

2018-09-25 18:35:46 - [TEST_STEP][PASSED] - setText: Text 'Hasan' is set on object 'Object Repository/Page_Metafour User Login/input_Login_login'

2018-09-25 18:35:46 - [MESSAGE][PASSED] - Text 'Hasan' is set on object 'Object Repository/Page_Metafour User Login/input_Login_login'

2018-09-25 18:35:46 - [TEST_STEP][PASSED] - setText: Text 'MFasia%123' is set on object 'Object Repository/Page_Metafour User Login/input_Login_j_password'

2018-09-25 18:35:46 - [MESSAGE][PASSED] - Text 'MFasia%123' is set on object 'Object Repository/Page_Metafour User Login/input_Login_j_password'

2018-09-25 18:35:46 - [TEST_STEP][PASSED] - click: Object: 'Object Repository/Page_Metafour User Login/button_Sign in' is clicked on

2018-09-25 18:35:47 - [MESSAGE][PASSED] - Object: 'Object Repository/Page_Metafour User Login/button_Sign in' is clicked on

2018-09-25 18:35:47 - [TEST_STEP][PASSED] - delay: Delayed 3 second(s)

2018-09-25 18:35:50 - [MESSAGE][PASSED] - Delayed 3 second(s)

2018-09-25 18:35:50 - [TEST_STEP][FAILED] - verifyElementNotPresent: Unable to verify object 'Object Repository/Page_Metafour User Login/div_Sorry login failed' is not present (Root cause: Web element with id: 'Object Repository/Page_Metafour User Login/div_Sorry login failed' located by 'By.xpath: //div[@id='customerrormessagediv']' is present after '30' second(s))

2018-09-25 18:35:50 - [MESSAGE][WARNING] - Timeout '0' is invalid. Using default page load timeout: '30'

2018-09-25 18:36:21 - [MESSAGE][FAILED] - Web element with id: 'Object Repository/Page_Metafour User Login/div_Sorry login failed' located by 'By.xpath: //div[@id='customerrormessagediv']' is present after '30' second(s)
[[ATTACHMENT|C:\\Users\\mazha\\Katalon Studio\\m4-monitoring\\Reports\\nc-cp-bo-login-test-suit\\20180925_183452\\1537878980896.png]]

2018-09-25 18:36:21 - [MESSAGE][FAILED] - Unable to verify object 'Object Repository/Page_Metafour User Login/div_Sorry login failed' is not present (Root cause: Web element with id: 'Object Repository/Page_Metafour User Login/div_Sorry login failed' located by 'By.xpath: //div[@id='customerrormessagediv']' is present after '30' second(s))
[[ATTACHMENT|C:\\Users\\mazha\\Katalon Studio\\m4-monitoring\\Reports\\nc-cp-bo-login-test-suit\\20180925_183452\\1537878981129.png]]]]></system-out>
         <system-err><![CDATA[2018-09-25 18:35:41 - [TEST_CASE][FAILED] - Test Cases/nc_cp_login_test: Test Cases/nc_cp_login_test FAILED because (of) (Stack trace: com.kms.katalon.core.exception.StepFailedException: Unable to verify object 'Object Repository/Page_Metafour User Login/div_Sorry login failed' is not present (Root cause: Web element with id: 'Object Repository/Page_Metafour User Login/div_Sorry login failed' located by 'By.xpath: //div[@id='customerrormessagediv']' is present after '30' second(s))
	at com.kms.katalon.core.keyword.internal.KeywordMain.stepFailed(KeywordMain.groovy:36)
	at com.kms.katalon.core.webui.keyword.internal.WebUIKeywordMain.stepFailed(WebUIKeywordMain.groovy:65)
	at com.kms.katalon.core.webui.keyword.internal.WebUIKeywordMain.runKeyword(WebUIKeywordMain.groovy:27)
	at com.kms.katalon.core.webui.keyword.builtin.VerifyElementNotPresentKeyword.verifyElementNotPresent(VerifyElementNotPresentKeyword.groovy:118)
	at com.kms.katalon.core.webui.keyword.builtin.VerifyElementNotPresentKeyword.execute(VerifyElementNotPresentKeyword.groovy:68)
	at com.kms.katalon.core.keyword.internal.KeywordExecutor.executeKeywordForPlatform(KeywordExecutor.groovy:53)
	at com.kms.katalon.core.webui.keyword.WebUiBuiltInKeywords.verifyElementNotPresent(WebUiBuiltInKeywords.groovy:1467)
	at com.kms.katalon.core.webui.keyword.WebUiBuiltInKeywords$verifyElementNotPresent$3.call(Unknown Source)
	at Script1537190043452.run(Script1537190043452.groovy:31)
	at com.kms.katalon.core.main.ScriptEngine.run(ScriptEngine.java:183)
	at com.kms.katalon.core.main.ScriptEngine.runScriptAsRawText(ScriptEngine.java:108)
	at com.kms.katalon.core.main.TestCaseExecutor.runScript(TestCaseExecutor.java:294)
	at com.kms.katalon.core.main.TestCaseExecutor.doExecute(TestCaseExecutor.java:285)
	at com.kms.katalon.core.main.TestCaseExecutor.processExecutionPhase(TestCaseExecutor.java:264)
	at com.kms.katalon.core.main.TestCaseExecutor.accessMainPhase(TestCaseExecutor.java:256)
	at com.kms.katalon.core.main.TestCaseExecutor.execute(TestCaseExecutor.java:200)
	at com.kms.katalon.core.main.TestSuiteExecutor.accessTestCaseMainPhase(TestSuiteExecutor.java:129)
	at com.kms.katalon.core.main.TestSuiteExecutor.accessTestSuiteMainPhase(TestSuiteExecutor.java:112)
	at com.kms.katalon.core.main.TestSuiteExecutor.execute(TestSuiteExecutor.java:81)
	at com.kms.katalon.core.main.TestCaseMain.startTestSuite(TestCaseMain.java:142)
	at com.kms.katalon.core.main.TestCaseMain$startTestSuite$0.call(Unknown Source)
	at org.codehaus.groovy.runtime.callsite.CallSiteArray.defaultCall(CallSiteArray.java:48)
	at org.codehaus.groovy.runtime.callsite.AbstractCallSite.call(AbstractCallSite.java:113)
	at org.codehaus.groovy.runtime.callsite.AbstractCallSite.call(AbstractCallSite.java:141)
	at TempTestSuite1537878892048.run(TempTestSuite1537878892048.groovy:36)
	at groovy.lang.GroovyShell.runScriptOrMainOrTestOrRunnable(GroovyShell.java:263)
	at groovy.lang.GroovyShell.run(GroovyShell.java:518)
	at groovy.lang.GroovyShell.run(GroovyShell.java:507)
	at groovy.ui.GroovyMain.processOnce(GroovyMain.java:653)
	at groovy.ui.GroovyMain.run(GroovyMain.java:384)
	at groovy.ui.GroovyMain.process(GroovyMain.java:370)
	at groovy.ui.GroovyMain.processArgs(GroovyMain.java:129)
	at groovy.ui.GroovyMain.main(GroovyMain.java:109)
	at sun.reflect.NativeMethodAccessorImpl.invoke0(Native Method)
	at sun.reflect.NativeMethodAccessorImpl.invoke(NativeMethodAccessorImpl.java:62)
	at sun.reflect.DelegatingMethodAccessorImpl.invoke(DelegatingMethodAccessorImpl.java:43)
	at java.lang.reflect.Method.invoke(Method.java:498)
	at org.codehaus.groovy.tools.GroovyStarter.rootLoader(GroovyStarter.java:109)
	at org.codehaus.groovy.tools.GroovyStarter.main(GroovyStarter.java:131)
)]]></system-err>
      </testcase>
      <testcase name="Test Cases/nc_cp_login_test" classname="Test Cases/nc_cp_login_test" status="FAILED">
         <failure type="FAILED" message="(Stack trace: com.kms.katalon.core.exception.StepFailedException: Unable to set text 'dummy' of object 'Object Repository/Page_Metafour User Login/input_Login_access_code' (Root cause: com.kms.katalon.core.webui.exception.WebElementNotFoundException: Web element with id: 'Object Repository/Page_Metafour User Login/input_Login_access_code' located by 'By.xpath: //input[@id='access_code']' not found)
	at com.kms.katalon.core.keyword.internal.KeywordMain.stepFailed(KeywordMain.groovy:36)
	at com.kms.katalon.core.webui.keyword.internal.WebUIKeywordMain.stepFailed(WebUIKeywordMain.groovy:65)
	at com.kms.katalon.core.webui.keyword.internal.WebUIKeywordMain.runKeyword(WebUIKeywordMain.groovy:27)
	at com.kms.katalon.core.webui.keyword.builtin.SetTextKeyword.setText(SetTextKeyword.groovy:65)
	at com.kms.katalon.core.webui.keyword.builtin.SetTextKeyword.execute(SetTextKeyword.groovy:37)
	at com.kms.katalon.core.keyword.internal.KeywordExecutor.executeKeywordForPlatform(KeywordExecutor.groovy:53)
	at com.kms.katalon.core.webui.keyword.WebUiBuiltInKeywords.setText(WebUiBuiltInKeywords.groovy:950)
	at com.kms.katalon.core.webui.keyword.WebUiBuiltInKeywords$setText$1.call(Unknown Source)
	at Script1537190043452.run(Script1537190043452.groovy:21)
	at com.kms.katalon.core.main.ScriptEngine.run(ScriptEngine.java:183)
	at com.kms.katalon.core.main.ScriptEngine.runScriptAsRawText(ScriptEngine.java:108)
	at com.kms.katalon.core.main.TestCaseExecutor.runScript(TestCaseExecutor.java:294)
	at com.kms.katalon.core.main.TestCaseExecutor.doExecute(TestCaseExecutor.java:285)
	at com.kms.katalon.core.main.TestCaseExecutor.processExecutionPhase(TestCaseExecutor.java:264)
	at com.kms.katalon.core.main.TestCaseExecutor.accessMainPhase(TestCaseExecutor.java:256)
	at com.kms.katalon.core.main.TestCaseExecutor.execute(TestCaseExecutor.java:200)
	at com.kms.katalon.core.main.TestSuiteExecutor.accessTestCaseMainPhase(TestSuiteExecutor.java:129)
	at com.kms.katalon.core.main.TestSuiteExecutor.accessTestSuiteMainPhase(TestSuiteExecutor.java:112)
	at com.kms.katalon.core.main.TestSuiteExecutor.execute(TestSuiteExecutor.java:81)
	at com.kms.katalon.core.main.TestCaseMain.startTestSuite(TestCaseMain.java:142)
	at com.kms.katalon.core.main.TestCaseMain$startTestSuite$0.call(Unknown Source)
	at org.codehaus.groovy.runtime.callsite.CallSiteArray.defaultCall(CallSiteArray.java:48)
	at org.codehaus.groovy.runtime.callsite.AbstractCallSite.call(AbstractCallSite.java:113)
	at org.codehaus.groovy.runtime.callsite.AbstractCallSite.call(AbstractCallSite.java:141)
	at TempTestSuite1537878892048.run(TempTestSuite1537878892048.groovy:36)
	at groovy.lang.GroovyShell.runScriptOrMainOrTestOrRunnable(GroovyShell.java:263)
	at groovy.lang.GroovyShell.run(GroovyShell.java:518)
	at groovy.lang.GroovyShell.run(GroovyShell.java:507)
	at groovy.ui.GroovyMain.processOnce(GroovyMain.java:653)
	at groovy.ui.GroovyMain.run(GroovyMain.java:384)
	at groovy.ui.GroovyMain.process(GroovyMain.java:370)
	at groovy.ui.GroovyMain.processArgs(GroovyMain.java:129)
	at groovy.ui.GroovyMain.main(GroovyMain.java:109)
	at sun.reflect.NativeMethodAccessorImpl.invoke0(Native Method)
	at sun.reflect.NativeMethodAccessorImpl.invoke(NativeMethodAccessorImpl.java:62)
	at sun.reflect.DelegatingMethodAccessorImpl.invoke(DelegatingMethodAccessorImpl.java:43)
	at java.lang.reflect.Method.invoke(Method.java:498)
	at org.codehaus.groovy.tools.GroovyStarter.rootLoader(GroovyStarter.java:109)
	at org.codehaus.groovy.tools.GroovyStarter.main(GroovyStarter.java:131)
)"/>
         <system-out><![CDATA[2018-09-25 18:36:21 - [TEST_CASE][FAILED] - Test Cases/nc_cp_login_test: Test Cases/nc_cp_login_test FAILED because (of) (Stack trace: com.kms.katalon.core.exception.StepFailedException: Unable to set text 'dummy' of object 'Object Repository/Page_Metafour User Login/input_Login_access_code' (Root cause: com.kms.katalon.core.webui.exception.WebElementNotFoundException: Web element with id: 'Object Repository/Page_Metafour User Login/input_Login_access_code' located by 'By.xpath: //input[@id='access_code']' not found)
	at com.kms.katalon.core.keyword.internal.KeywordMain.stepFailed(KeywordMain.groovy:36)
	at com.kms.katalon.core.webui.keyword.internal.WebUIKeywordMain.stepFailed(WebUIKeywordMain.groovy:65)
	at com.kms.katalon.core.webui.keyword.internal.WebUIKeywordMain.runKeyword(WebUIKeywordMain.groovy:27)
	at com.kms.katalon.core.webui.keyword.builtin.SetTextKeyword.setText(SetTextKeyword.groovy:65)
	at com.kms.katalon.core.webui.keyword.builtin.SetTextKeyword.execute(SetTextKeyword.groovy:37)
	at com.kms.katalon.core.keyword.internal.KeywordExecutor.executeKeywordForPlatform(KeywordExecutor.groovy:53)
	at com.kms.katalon.core.webui.keyword.WebUiBuiltInKeywords.setText(WebUiBuiltInKeywords.groovy:950)
	at com.kms.katalon.core.webui.keyword.WebUiBuiltInKeywords$setText$1.call(Unknown Source)
	at Script1537190043452.run(Script1537190043452.groovy:21)
	at com.kms.katalon.core.main.ScriptEngine.run(ScriptEngine.java:183)
	at com.kms.katalon.core.main.ScriptEngine.runScriptAsRawText(ScriptEngine.java:108)
	at com.kms.katalon.core.main.TestCaseExecutor.runScript(TestCaseExecutor.java:294)
	at com.kms.katalon.core.main.TestCaseExecutor.doExecute(TestCaseExecutor.java:285)
	at com.kms.katalon.core.main.TestCaseExecutor.processExecutionPhase(TestCaseExecutor.java:264)
	at com.kms.katalon.core.main.TestCaseExecutor.accessMainPhase(TestCaseExecutor.java:256)
	at com.kms.katalon.core.main.TestCaseExecutor.execute(TestCaseExecutor.java:200)
	at com.kms.katalon.core.main.TestSuiteExecutor.accessTestCaseMainPhase(TestSuiteExecutor.java:129)
	at com.kms.katalon.core.main.TestSuiteExecutor.accessTestSuiteMainPhase(TestSuiteExecutor.java:112)
	at com.kms.katalon.core.main.TestSuiteExecutor.execute(TestSuiteExecutor.java:81)
	at com.kms.katalon.core.main.TestCaseMain.startTestSuite(TestCaseMain.java:142)
	at com.kms.katalon.core.main.TestCaseMain$startTestSuite$0.call(Unknown Source)
	at org.codehaus.groovy.runtime.callsite.CallSiteArray.defaultCall(CallSiteArray.java:48)
	at org.codehaus.groovy.runtime.callsite.AbstractCallSite.call(AbstractCallSite.java:113)
	at org.codehaus.groovy.runtime.callsite.AbstractCallSite.call(AbstractCallSite.java:141)
	at TempTestSuite1537878892048.run(TempTestSuite1537878892048.groovy:36)
	at groovy.lang.GroovyShell.runScriptOrMainOrTestOrRunnable(GroovyShell.java:263)
	at groovy.lang.GroovyShell.run(GroovyShell.java:518)
	at groovy.lang.GroovyShell.run(GroovyShell.java:507)
	at groovy.ui.GroovyMain.processOnce(GroovyMain.java:653)
	at groovy.ui.GroovyMain.run(GroovyMain.java:384)
	at groovy.ui.GroovyMain.process(GroovyMain.java:370)
	at groovy.ui.GroovyMain.processArgs(GroovyMain.java:129)
	at groovy.ui.GroovyMain.main(GroovyMain.java:109)
	at sun.reflect.NativeMethodAccessorImpl.invoke0(Native Method)
	at sun.reflect.NativeMethodAccessorImpl.invoke(NativeMethodAccessorImpl.java:62)
	at sun.reflect.DelegatingMethodAccessorImpl.invoke(DelegatingMethodAccessorImpl.java:43)
	at java.lang.reflect.Method.invoke(Method.java:498)
	at org.codehaus.groovy.tools.GroovyStarter.rootLoader(GroovyStarter.java:109)
	at org.codehaus.groovy.tools.GroovyStarter.main(GroovyStarter.java:131)
)

2018-09-25 18:36:21 - [TEST_STEP][PASSED] - openBrowser: Browser is opened with url: 'http://aci.metafour.com/metafour-auth/authenticate?appId=clon&accessCode=&continue=/online/authenticated'

2018-09-25 18:36:21 - [MESSAGE][WARNING] - A browser is already opened. Closing browser and opening a new one

2018-09-25 18:36:58 - [MESSAGE][PASSED] - Browser is opened with url: 'http://aci.metafour.com/metafour-auth/authenticate?appId=clon&accessCode=&continue=/online/authenticated'

2018-09-25 18:36:58 - [TEST_STEP][PASSED] - navigateToUrl: Navigate to 'http://aci.metafour.com/metafour-auth/authenticate?appId=clon&accessCode=&continue=/online/authenticated' successfully

2018-09-25 18:36:58 - [MESSAGE][PASSED] - Navigate to 'http://aci.metafour.com/metafour-auth/authenticate?appId=clon&accessCode=&continue=/online/authenticated' successfully

2018-09-25 18:36:58 - [TEST_STEP][FAILED] - setText: Unable to set text 'dummy' of object 'Object Repository/Page_Metafour User Login/input_Login_access_code' (Root cause: com.kms.katalon.core.webui.exception.WebElementNotFoundException: Web element with id: 'Object Repository/Page_Metafour User Login/input_Login_access_code' located by 'By.xpath: //input[@id='access_code']' not found)

2018-09-25 18:37:29 - [MESSAGE][FAILED] - Unable to set text 'dummy' of object 'Object Repository/Page_Metafour User Login/input_Login_access_code' (Root cause: com.kms.katalon.core.webui.exception.WebElementNotFoundException: Web element with id: 'Object Repository/Page_Metafour User Login/input_Login_access_code' located by 'By.xpath: //input[@id='access_code']' not found)
[[ATTACHMENT|C:\\Users\\mazha\\Katalon Studio\\m4-monitoring\\Reports\\nc-cp-bo-login-test-suit\\20180925_183452\\1537879049613.png]]]]></system-out>
         <system-err><![CDATA[2018-09-25 18:36:21 - [TEST_CASE][FAILED] - Test Cases/nc_cp_login_test: Test Cases/nc_cp_login_test FAILED because (of) (Stack trace: com.kms.katalon.core.exception.StepFailedException: Unable to set text 'dummy' of object 'Object Repository/Page_Metafour User Login/input_Login_access_code' (Root cause: com.kms.katalon.core.webui.exception.WebElementNotFoundException: Web element with id: 'Object Repository/Page_Metafour User Login/input_Login_access_code' located by 'By.xpath: //input[@id='access_code']' not found)
	at com.kms.katalon.core.keyword.internal.KeywordMain.stepFailed(KeywordMain.groovy:36)
	at com.kms.katalon.core.webui.keyword.internal.WebUIKeywordMain.stepFailed(WebUIKeywordMain.groovy:65)
	at com.kms.katalon.core.webui.keyword.internal.WebUIKeywordMain.runKeyword(WebUIKeywordMain.groovy:27)
	at com.kms.katalon.core.webui.keyword.builtin.SetTextKeyword.setText(SetTextKeyword.groovy:65)
	at com.kms.katalon.core.webui.keyword.builtin.SetTextKeyword.execute(SetTextKeyword.groovy:37)
	at com.kms.katalon.core.keyword.internal.KeywordExecutor.executeKeywordForPlatform(KeywordExecutor.groovy:53)
	at com.kms.katalon.core.webui.keyword.WebUiBuiltInKeywords.setText(WebUiBuiltInKeywords.groovy:950)
	at com.kms.katalon.core.webui.keyword.WebUiBuiltInKeywords$setText$1.call(Unknown Source)
	at Script1537190043452.run(Script1537190043452.groovy:21)
	at com.kms.katalon.core.main.ScriptEngine.run(ScriptEngine.java:183)
	at com.kms.katalon.core.main.ScriptEngine.runScriptAsRawText(ScriptEngine.java:108)
	at com.kms.katalon.core.main.TestCaseExecutor.runScript(TestCaseExecutor.java:294)
	at com.kms.katalon.core.main.TestCaseExecutor.doExecute(TestCaseExecutor.java:285)
	at com.kms.katalon.core.main.TestCaseExecutor.processExecutionPhase(TestCaseExecutor.java:264)
	at com.kms.katalon.core.main.TestCaseExecutor.accessMainPhase(TestCaseExecutor.java:256)
	at com.kms.katalon.core.main.TestCaseExecutor.execute(TestCaseExecutor.java:200)
	at com.kms.katalon.core.main.TestSuiteExecutor.accessTestCaseMainPhase(TestSuiteExecutor.java:129)
	at com.kms.katalon.core.main.TestSuiteExecutor.accessTestSuiteMainPhase(TestSuiteExecutor.java:112)
	at com.kms.katalon.core.main.TestSuiteExecutor.execute(TestSuiteExecutor.java:81)
	at com.kms.katalon.core.main.TestCaseMain.startTestSuite(TestCaseMain.java:142)
	at com.kms.katalon.core.main.TestCaseMain$startTestSuite$0.call(Unknown Source)
	at org.codehaus.groovy.runtime.callsite.CallSiteArray.defaultCall(CallSiteArray.java:48)
	at org.codehaus.groovy.runtime.callsite.AbstractCallSite.call(AbstractCallSite.java:113)
	at org.codehaus.groovy.runtime.callsite.AbstractCallSite.call(AbstractCallSite.java:141)
	at TempTestSuite1537878892048.run(TempTestSuite1537878892048.groovy:36)
	at groovy.lang.GroovyShell.runScriptOrMainOrTestOrRunnable(GroovyShell.java:263)
	at groovy.lang.GroovyShell.run(GroovyShell.java:518)
	at groovy.lang.GroovyShell.run(GroovyShell.java:507)
	at groovy.ui.GroovyMain.processOnce(GroovyMain.java:653)
	at groovy.ui.GroovyMain.run(GroovyMain.java:384)
	at groovy.ui.GroovyMain.process(GroovyMain.java:370)
	at groovy.ui.GroovyMain.processArgs(GroovyMain.java:129)
	at groovy.ui.GroovyMain.main(GroovyMain.java:109)
	at sun.reflect.NativeMethodAccessorImpl.invoke0(Native Method)
	at sun.reflect.NativeMethodAccessorImpl.invoke(NativeMethodAccessorImpl.java:62)
	at sun.reflect.DelegatingMethodAccessorImpl.invoke(DelegatingMethodAccessorImpl.java:43)
	at java.lang.reflect.Method.invoke(Method.java:498)
	at org.codehaus.groovy.tools.GroovyStarter.rootLoader(GroovyStarter.java:109)
	at org.codehaus.groovy.tools.GroovyStarter.main(GroovyStarter.java:131)
)]]></system-err>
      </testcase>
      <testcase name="Test Cases/nc_cp_login_test" classname="Test Cases/nc_cp_login_test" status="PASSED">
         <system-out><![CDATA[2018-09-25 18:37:29 - [TEST_CASE][PASSED] - Test Cases/nc_cp_login_test: Test Cases/nc_cp_login_test

2018-09-25 18:37:29 - [TEST_STEP][PASSED] - openBrowser: Browser is opened with url: 'https://ajww.netcourier.net/metafour-auth/authenticate?appId=clon&accessCode=&continue=/online/authenticated'

2018-09-25 18:37:29 - [MESSAGE][WARNING] - A browser is already opened. Closing browser and opening a new one

2018-09-25 18:37:36 - [MESSAGE][PASSED] - Browser is opened with url: 'https://ajww.netcourier.net/metafour-auth/authenticate?appId=clon&accessCode=&continue=/online/authenticated'

2018-09-25 18:37:36 - [TEST_STEP][PASSED] - navigateToUrl: Navigate to 'https://ajww.netcourier.net/metafour-auth/authenticate?appId=clon&accessCode=&continue=/online/authenticated' successfully

2018-09-25 18:37:36 - [MESSAGE][PASSED] - Navigate to 'https://ajww.netcourier.net/metafour-auth/authenticate?appId=clon&accessCode=&continue=/online/authenticated' successfully

2018-09-25 18:37:36 - [TEST_STEP][PASSED] - setText: Text 'dummy' is set on object 'Object Repository/Page_Metafour User Login/input_Login_access_code'

2018-09-25 18:37:36 - [MESSAGE][PASSED] - Text 'dummy' is set on object 'Object Repository/Page_Metafour User Login/input_Login_access_code'

2018-09-25 18:37:36 - [TEST_STEP][PASSED] - setText: Text 'clon' is set on object 'Object Repository/Page_Metafour User Login/input_Login_login'

2018-09-25 18:37:36 - [MESSAGE][PASSED] - Text 'clon' is set on object 'Object Repository/Page_Metafour User Login/input_Login_login'

2018-09-25 18:37:36 - [TEST_STEP][PASSED] - setText: Text 'clon' is set on object 'Object Repository/Page_Metafour User Login/input_Login_j_password'

2018-09-25 18:37:36 - [MESSAGE][PASSED] - Text 'clon' is set on object 'Object Repository/Page_Metafour User Login/input_Login_j_password'

2018-09-25 18:37:36 - [TEST_STEP][PASSED] - click: Object: 'Object Repository/Page_Metafour User Login/button_Sign in' is clicked on

2018-09-25 18:37:40 - [MESSAGE][PASSED] - Object: 'Object Repository/Page_Metafour User Login/button_Sign in' is clicked on

2018-09-25 18:37:40 - [TEST_STEP][PASSED] - delay: Delayed 3 second(s)

2018-09-25 18:37:43 - [MESSAGE][PASSED] - Delayed 3 second(s)

2018-09-25 18:37:43 - [TEST_STEP][PASSED] - verifyElementNotPresent: Web element with id: 'Object Repository/Page_Metafour User Login/div_Sorry login failed' located by 'By.xpath: //div[@id='customerrormessagediv']' is not present after '30' second(s)

2018-09-25 18:37:43 - [MESSAGE][WARNING] - Timeout '0' is invalid. Using default page load timeout: '30'

2018-09-25 18:37:43 - [MESSAGE][PASSED] - Web element with id: 'Object Repository/Page_Metafour User Login/div_Sorry login failed' located by 'By.xpath: //div[@id='customerrormessagediv']' is not present after '30' second(s)

2018-09-25 18:37:43 - [TEST_STEP][PASSED] - closeBrowser: Browser is closed

2018-09-25 18:37:43 - [MESSAGE][PASSED] - Browser is closed]]></system-out>
         <system-err><![CDATA[]]></system-err>
      </testcase>
      <testcase name="Test Cases/nc_cp_login_test" classname="Test Cases/nc_cp_login_test" status="PASSED">
         <system-out><![CDATA[2018-09-25 18:37:43 - [TEST_CASE][PASSED] - Test Cases/nc_cp_login_test: Test Cases/nc_cp_login_test

2018-09-25 18:37:43 - [TEST_STEP][PASSED] - openBrowser: Browser is opened with url: 'http://allenovery.netcourier.net/metafour-auth/authenticate?appId=clon&accessCode=&continue=/online/authenticated'

2018-09-25 18:37:49 - [MESSAGE][PASSED] - Browser is opened with url: 'http://allenovery.netcourier.net/metafour-auth/authenticate?appId=clon&accessCode=&continue=/online/authenticated'

2018-09-25 18:37:49 - [TEST_STEP][PASSED] - navigateToUrl: Navigate to 'http://allenovery.netcourier.net/metafour-auth/authenticate?appId=clon&accessCode=&continue=/online/authenticated' successfully

2018-09-25 18:37:49 - [MESSAGE][PASSED] - Navigate to 'http://allenovery.netcourier.net/metafour-auth/authenticate?appId=clon&accessCode=&continue=/online/authenticated' successfully

2018-09-25 18:37:49 - [TEST_STEP][PASSED] - setText: Text 'dummy' is set on object 'Object Repository/Page_Metafour User Login/input_Login_access_code'

2018-09-25 18:37:49 - [MESSAGE][PASSED] - Text 'dummy' is set on object 'Object Repository/Page_Metafour User Login/input_Login_access_code'

2018-09-25 18:37:49 - [TEST_STEP][PASSED] - setText: Text 'Hasan' is set on object 'Object Repository/Page_Metafour User Login/input_Login_login'

2018-09-25 18:37:49 - [MESSAGE][PASSED] - Text 'Hasan' is set on object 'Object Repository/Page_Metafour User Login/input_Login_login'

2018-09-25 18:37:49 - [TEST_STEP][PASSED] - setText: Text 'hasan' is set on object 'Object Repository/Page_Metafour User Login/input_Login_j_password'

2018-09-25 18:37:49 - [MESSAGE][PASSED] - Text 'hasan' is set on object 'Object Repository/Page_Metafour User Login/input_Login_j_password'

2018-09-25 18:37:49 - [TEST_STEP][PASSED] - click: Object: 'Object Repository/Page_Metafour User Login/button_Sign in' is clicked on

2018-09-25 18:37:53 - [MESSAGE][PASSED] - Object: 'Object Repository/Page_Metafour User Login/button_Sign in' is clicked on

2018-09-25 18:37:53 - [TEST_STEP][PASSED] - delay: Delayed 3 second(s)

2018-09-25 18:37:56 - [MESSAGE][PASSED] - Delayed 3 second(s)

2018-09-25 18:37:56 - [TEST_STEP][PASSED] - verifyElementNotPresent: Web element with id: 'Object Repository/Page_Metafour User Login/div_Sorry login failed' located by 'By.xpath: //div[@id='customerrormessagediv']' is not present after '30' second(s)

2018-09-25 18:37:56 - [MESSAGE][WARNING] - Timeout '0' is invalid. Using default page load timeout: '30'

2018-09-25 18:37:56 - [MESSAGE][PASSED] - Web element with id: 'Object Repository/Page_Metafour User Login/div_Sorry login failed' located by 'By.xpath: //div[@id='customerrormessagediv']' is not present after '30' second(s)

2018-09-25 18:37:56 - [TEST_STEP][PASSED] - closeBrowser: Browser is closed

2018-09-25 18:37:56 - [MESSAGE][PASSED] - Browser is closed]]></system-out>
         <system-err><![CDATA[]]></system-err>
      </testcase>
      <testcase name="Test Cases/nc_cp_login_test" classname="Test Cases/nc_cp_login_test" status="PASSED">
         <system-out><![CDATA[2018-09-25 18:37:56 - [TEST_CASE][PASSED] - Test Cases/nc_cp_login_test: Test Cases/nc_cp_login_test

2018-09-25 18:37:56 - [TEST_STEP][PASSED] - openBrowser: Browser is opened with url: 'https://ariestransport.netcourier.net/metafour-auth/authenticate?appId=clon&accessCode=&continue=/online/authenticated'

2018-09-25 18:38:02 - [MESSAGE][PASSED] - Browser is opened with url: 'https://ariestransport.netcourier.net/metafour-auth/authenticate?appId=clon&accessCode=&continue=/online/authenticated'

2018-09-25 18:38:02 - [TEST_STEP][PASSED] - navigateToUrl: Navigate to 'https://ariestransport.netcourier.net/metafour-auth/authenticate?appId=clon&accessCode=&continue=/online/authenticated' successfully

2018-09-25 18:38:03 - [MESSAGE][PASSED] - Navigate to 'https://ariestransport.netcourier.net/metafour-auth/authenticate?appId=clon&accessCode=&continue=/online/authenticated' successfully

2018-09-25 18:38:03 - [TEST_STEP][PASSED] - setText: Text 'Test' is set on object 'Object Repository/Page_Metafour User Login/input_Login_access_code'

2018-09-25 18:38:03 - [MESSAGE][PASSED] - Text 'Test' is set on object 'Object Repository/Page_Metafour User Login/input_Login_access_code'

2018-09-25 18:38:03 - [TEST_STEP][PASSED] - setText: Text 'Jony' is set on object 'Object Repository/Page_Metafour User Login/input_Login_login'

2018-09-25 18:38:03 - [MESSAGE][PASSED] - Text 'Jony' is set on object 'Object Repository/Page_Metafour User Login/input_Login_login'

2018-09-25 18:38:03 - [TEST_STEP][PASSED] - setText: Text '1234' is set on object 'Object Repository/Page_Metafour User Login/input_Login_j_password'

2018-09-25 18:38:03 - [MESSAGE][PASSED] - Text '1234' is set on object 'Object Repository/Page_Metafour User Login/input_Login_j_password'

2018-09-25 18:38:03 - [TEST_STEP][PASSED] - click: Object: 'Object Repository/Page_Metafour User Login/button_Sign in' is clicked on

2018-09-25 18:38:07 - [MESSAGE][PASSED] - Object: 'Object Repository/Page_Metafour User Login/button_Sign in' is clicked on

2018-09-25 18:38:07 - [TEST_STEP][PASSED] - delay: Delayed 3 second(s)

2018-09-25 18:38:10 - [MESSAGE][PASSED] - Delayed 3 second(s)

2018-09-25 18:38:10 - [TEST_STEP][PASSED] - verifyElementNotPresent: Web element with id: 'Object Repository/Page_Metafour User Login/div_Sorry login failed' located by 'By.xpath: //div[@id='customerrormessagediv']' is not present after '30' second(s)

2018-09-25 18:38:10 - [MESSAGE][WARNING] - Timeout '0' is invalid. Using default page load timeout: '30'

2018-09-25 18:38:10 - [MESSAGE][PASSED] - Web element with id: 'Object Repository/Page_Metafour User Login/div_Sorry login failed' located by 'By.xpath: //div[@id='customerrormessagediv']' is not present after '30' second(s)

2018-09-25 18:38:10 - [TEST_STEP][PASSED] - closeBrowser: Browser is closed

2018-09-25 18:38:11 - [MESSAGE][PASSED] - Browser is closed]]></system-out>
         <system-err><![CDATA[]]></system-err>
      </testcase>
      <testcase name="Test Cases/nc_cp_login_test" classname="Test Cases/nc_cp_login_test" status="PASSED">
         <system-out><![CDATA[2018-09-25 18:38:11 - [TEST_CASE][PASSED] - Test Cases/nc_cp_login_test: Test Cases/nc_cp_login_test

2018-09-25 18:38:11 - [TEST_STEP][PASSED] - openBrowser: Browser is opened with url: 'https://asialogistics.netcourier.net/metafour-auth/authenticate?appId=clon&accessCode=&continue=/online/authenticated'

2018-09-25 18:38:16 - [MESSAGE][PASSED] - Browser is opened with url: 'https://asialogistics.netcourier.net/metafour-auth/authenticate?appId=clon&accessCode=&continue=/online/authenticated'

2018-09-25 18:38:16 - [TEST_STEP][PASSED] - navigateToUrl: Navigate to 'https://asialogistics.netcourier.net/metafour-auth/authenticate?appId=clon&accessCode=&continue=/online/authenticated' successfully

2018-09-25 18:38:16 - [MESSAGE][PASSED] - Navigate to 'https://asialogistics.netcourier.net/metafour-auth/authenticate?appId=clon&accessCode=&continue=/online/authenticated' successfully

2018-09-25 18:38:16 - [TEST_STEP][PASSED] - setText: Text 'dummy' is set on object 'Object Repository/Page_Metafour User Login/input_Login_access_code'

2018-09-25 18:38:16 - [MESSAGE][PASSED] - Text 'dummy' is set on object 'Object Repository/Page_Metafour User Login/input_Login_access_code'

2018-09-25 18:38:16 - [TEST_STEP][PASSED] - setText: Text 'Jony' is set on object 'Object Repository/Page_Metafour User Login/input_Login_login'

2018-09-25 18:38:16 - [MESSAGE][PASSED] - Text 'Jony' is set on object 'Object Repository/Page_Metafour User Login/input_Login_login'

2018-09-25 18:38:16 - [TEST_STEP][PASSED] - setText: Text '2021' is set on object 'Object Repository/Page_Metafour User Login/input_Login_j_password'

2018-09-25 18:38:16 - [MESSAGE][PASSED] - Text '2021' is set on object 'Object Repository/Page_Metafour User Login/input_Login_j_password'

2018-09-25 18:38:16 - [TEST_STEP][PASSED] - click: Object: 'Object Repository/Page_Metafour User Login/button_Sign in' is clicked on

2018-09-25 18:38:20 - [MESSAGE][PASSED] - Object: 'Object Repository/Page_Metafour User Login/button_Sign in' is clicked on

2018-09-25 18:38:20 - [TEST_STEP][PASSED] - delay: Delayed 3 second(s)

2018-09-25 18:38:23 - [MESSAGE][PASSED] - Delayed 3 second(s)

2018-09-25 18:38:23 - [TEST_STEP][PASSED] - verifyElementNotPresent: Web element with id: 'Object Repository/Page_Metafour User Login/div_Sorry login failed' located by 'By.xpath: //div[@id='customerrormessagediv']' is not present after '30' second(s)

2018-09-25 18:38:23 - [MESSAGE][WARNING] - Timeout '0' is invalid. Using default page load timeout: '30'

2018-09-25 18:38:23 - [MESSAGE][PASSED] - Web element with id: 'Object Repository/Page_Metafour User Login/div_Sorry login failed' located by 'By.xpath: //div[@id='customerrormessagediv']' is not present after '30' second(s)

2018-09-25 18:38:23 - [TEST_STEP][PASSED] - closeBrowser: Browser is closed

2018-09-25 18:38:23 - [MESSAGE][PASSED] - Browser is closed]]></system-out>
         <system-err><![CDATA[]]></system-err>
      </testcase>
      <testcase name="Test Cases/nc_cp_login_test" classname="Test Cases/nc_cp_login_test" status="FAILED">
         <failure type="FAILED" message="(Stack trace: com.kms.katalon.core.exception.StepFailedException: Unable to verify object 'Object Repository/Page_Metafour User Login/div_Sorry login failed' is not present (Root cause: Web element with id: 'Object Repository/Page_Metafour User Login/div_Sorry login failed' located by 'By.xpath: //div[@id='customerrormessagediv']' is present after '30' second(s))
	at com.kms.katalon.core.keyword.internal.KeywordMain.stepFailed(KeywordMain.groovy:36)
	at com.kms.katalon.core.webui.keyword.internal.WebUIKeywordMain.stepFailed(WebUIKeywordMain.groovy:65)
	at com.kms.katalon.core.webui.keyword.internal.WebUIKeywordMain.runKeyword(WebUIKeywordMain.groovy:27)
	at com.kms.katalon.core.webui.keyword.builtin.VerifyElementNotPresentKeyword.verifyElementNotPresent(VerifyElementNotPresentKeyword.groovy:118)
	at com.kms.katalon.core.webui.keyword.builtin.VerifyElementNotPresentKeyword.execute(VerifyElementNotPresentKeyword.groovy:68)
	at com.kms.katalon.core.keyword.internal.KeywordExecutor.executeKeywordForPlatform(KeywordExecutor.groovy:53)
	at com.kms.katalon.core.webui.keyword.WebUiBuiltInKeywords.verifyElementNotPresent(WebUiBuiltInKeywords.groovy:1467)
	at com.kms.katalon.core.webui.keyword.WebUiBuiltInKeywords$verifyElementNotPresent$3.call(Unknown Source)
	at Script1537190043452.run(Script1537190043452.groovy:31)
	at com.kms.katalon.core.main.ScriptEngine.run(ScriptEngine.java:183)
	at com.kms.katalon.core.main.ScriptEngine.runScriptAsRawText(ScriptEngine.java:108)
	at com.kms.katalon.core.main.TestCaseExecutor.runScript(TestCaseExecutor.java:294)
	at com.kms.katalon.core.main.TestCaseExecutor.doExecute(TestCaseExecutor.java:285)
	at com.kms.katalon.core.main.TestCaseExecutor.processExecutionPhase(TestCaseExecutor.java:264)
	at com.kms.katalon.core.main.TestCaseExecutor.accessMainPhase(TestCaseExecutor.java:256)
	at com.kms.katalon.core.main.TestCaseExecutor.execute(TestCaseExecutor.java:200)
	at com.kms.katalon.core.main.TestSuiteExecutor.accessTestCaseMainPhase(TestSuiteExecutor.java:129)
	at com.kms.katalon.core.main.TestSuiteExecutor.accessTestSuiteMainPhase(TestSuiteExecutor.java:112)
	at com.kms.katalon.core.main.TestSuiteExecutor.execute(TestSuiteExecutor.java:81)
	at com.kms.katalon.core.main.TestCaseMain.startTestSuite(TestCaseMain.java:142)
	at com.kms.katalon.core.main.TestCaseMain$startTestSuite$0.call(Unknown Source)
	at org.codehaus.groovy.runtime.callsite.CallSiteArray.defaultCall(CallSiteArray.java:48)
	at org.codehaus.groovy.runtime.callsite.AbstractCallSite.call(AbstractCallSite.java:113)
	at org.codehaus.groovy.runtime.callsite.AbstractCallSite.call(AbstractCallSite.java:141)
	at TempTestSuite1537878892048.run(TempTestSuite1537878892048.groovy:36)
	at groovy.lang.GroovyShell.runScriptOrMainOrTestOrRunnable(GroovyShell.java:263)
	at groovy.lang.GroovyShell.run(GroovyShell.java:518)
	at groovy.lang.GroovyShell.run(GroovyShell.java:507)
	at groovy.ui.GroovyMain.processOnce(GroovyMain.java:653)
	at groovy.ui.GroovyMain.run(GroovyMain.java:384)
	at groovy.ui.GroovyMain.process(GroovyMain.java:370)
	at groovy.ui.GroovyMain.processArgs(GroovyMain.java:129)
	at groovy.ui.GroovyMain.main(GroovyMain.java:109)
	at sun.reflect.NativeMethodAccessorImpl.invoke0(Native Method)
	at sun.reflect.NativeMethodAccessorImpl.invoke(NativeMethodAccessorImpl.java:62)
	at sun.reflect.DelegatingMethodAccessorImpl.invoke(DelegatingMethodAccessorImpl.java:43)
	at java.lang.reflect.Method.invoke(Method.java:498)
	at org.codehaus.groovy.tools.GroovyStarter.rootLoader(GroovyStarter.java:109)
	at org.codehaus.groovy.tools.GroovyStarter.main(GroovyStarter.java:131)
)"/>
         <system-out><![CDATA[2018-09-25 18:38:23 - [TEST_CASE][FAILED] - Test Cases/nc_cp_login_test: Test Cases/nc_cp_login_test FAILED because (of) (Stack trace: com.kms.katalon.core.exception.StepFailedException: Unable to verify object 'Object Repository/Page_Metafour User Login/div_Sorry login failed' is not present (Root cause: Web element with id: 'Object Repository/Page_Metafour User Login/div_Sorry login failed' located by 'By.xpath: //div[@id='customerrormessagediv']' is present after '30' second(s))
	at com.kms.katalon.core.keyword.internal.KeywordMain.stepFailed(KeywordMain.groovy:36)
	at com.kms.katalon.core.webui.keyword.internal.WebUIKeywordMain.stepFailed(WebUIKeywordMain.groovy:65)
	at com.kms.katalon.core.webui.keyword.internal.WebUIKeywordMain.runKeyword(WebUIKeywordMain.groovy:27)
	at com.kms.katalon.core.webui.keyword.builtin.VerifyElementNotPresentKeyword.verifyElementNotPresent(VerifyElementNotPresentKeyword.groovy:118)
	at com.kms.katalon.core.webui.keyword.builtin.VerifyElementNotPresentKeyword.execute(VerifyElementNotPresentKeyword.groovy:68)
	at com.kms.katalon.core.keyword.internal.KeywordExecutor.executeKeywordForPlatform(KeywordExecutor.groovy:53)
	at com.kms.katalon.core.webui.keyword.WebUiBuiltInKeywords.verifyElementNotPresent(WebUiBuiltInKeywords.groovy:1467)
	at com.kms.katalon.core.webui.keyword.WebUiBuiltInKeywords$verifyElementNotPresent$3.call(Unknown Source)
	at Script1537190043452.run(Script1537190043452.groovy:31)
	at com.kms.katalon.core.main.ScriptEngine.run(ScriptEngine.java:183)
	at com.kms.katalon.core.main.ScriptEngine.runScriptAsRawText(ScriptEngine.java:108)
	at com.kms.katalon.core.main.TestCaseExecutor.runScript(TestCaseExecutor.java:294)
	at com.kms.katalon.core.main.TestCaseExecutor.doExecute(TestCaseExecutor.java:285)
	at com.kms.katalon.core.main.TestCaseExecutor.processExecutionPhase(TestCaseExecutor.java:264)
	at com.kms.katalon.core.main.TestCaseExecutor.accessMainPhase(TestCaseExecutor.java:256)
	at com.kms.katalon.core.main.TestCaseExecutor.execute(TestCaseExecutor.java:200)
	at com.kms.katalon.core.main.TestSuiteExecutor.accessTestCaseMainPhase(TestSuiteExecutor.java:129)
	at com.kms.katalon.core.main.TestSuiteExecutor.accessTestSuiteMainPhase(TestSuiteExecutor.java:112)
	at com.kms.katalon.core.main.TestSuiteExecutor.execute(TestSuiteExecutor.java:81)
	at com.kms.katalon.core.main.TestCaseMain.startTestSuite(TestCaseMain.java:142)
	at com.kms.katalon.core.main.TestCaseMain$startTestSuite$0.call(Unknown Source)
	at org.codehaus.groovy.runtime.callsite.CallSiteArray.defaultCall(CallSiteArray.java:48)
	at org.codehaus.groovy.runtime.callsite.AbstractCallSite.call(AbstractCallSite.java:113)
	at org.codehaus.groovy.runtime.callsite.AbstractCallSite.call(AbstractCallSite.java:141)
	at TempTestSuite1537878892048.run(TempTestSuite1537878892048.groovy:36)
	at groovy.lang.GroovyShell.runScriptOrMainOrTestOrRunnable(GroovyShell.java:263)
	at groovy.lang.GroovyShell.run(GroovyShell.java:518)
	at groovy.lang.GroovyShell.run(GroovyShell.java:507)
	at groovy.ui.GroovyMain.processOnce(GroovyMain.java:653)
	at groovy.ui.GroovyMain.run(GroovyMain.java:384)
	at groovy.ui.GroovyMain.process(GroovyMain.java:370)
	at groovy.ui.GroovyMain.processArgs(GroovyMain.java:129)
	at groovy.ui.GroovyMain.main(GroovyMain.java:109)
	at sun.reflect.NativeMethodAccessorImpl.invoke0(Native Method)
	at sun.reflect.NativeMethodAccessorImpl.invoke(NativeMethodAccessorImpl.java:62)
	at sun.reflect.DelegatingMethodAccessorImpl.invoke(DelegatingMethodAccessorImpl.java:43)
	at java.lang.reflect.Method.invoke(Method.java:498)
	at org.codehaus.groovy.tools.GroovyStarter.rootLoader(GroovyStarter.java:109)
	at org.codehaus.groovy.tools.GroovyStarter.main(GroovyStarter.java:131)
)

2018-09-25 18:38:23 - [TEST_STEP][PASSED] - openBrowser: Browser is opened with url: 'https://avgo-eu.netcourier.net/metafour-auth/authenticate?appId=clon&accessCode=&continue=/online/authenticated'

2018-09-25 18:38:28 - [MESSAGE][PASSED] - Browser is opened with url: 'https://avgo-eu.netcourier.net/metafour-auth/authenticate?appId=clon&accessCode=&continue=/online/authenticated'

2018-09-25 18:38:28 - [TEST_STEP][PASSED] - navigateToUrl: Navigate to 'https://avgo-eu.netcourier.net/metafour-auth/authenticate?appId=clon&accessCode=&continue=/online/authenticated' successfully

2018-09-25 18:38:29 - [MESSAGE][PASSED] - Navigate to 'https://avgo-eu.netcourier.net/metafour-auth/authenticate?appId=clon&accessCode=&continue=/online/authenticated' successfully

2018-09-25 18:38:29 - [TEST_STEP][PASSED] - setText: Text 'DUMMY ASIA' is set on object 'Object Repository/Page_Metafour User Login/input_Login_access_code'

2018-09-25 18:38:29 - [MESSAGE][PASSED] - Text 'DUMMY ASIA' is set on object 'Object Repository/Page_Metafour User Login/input_Login_access_code'

2018-09-25 18:38:29 - [TEST_STEP][PASSED] - setText: Text 'Hasan' is set on object 'Object Repository/Page_Metafour User Login/input_Login_login'

2018-09-25 18:38:29 - [MESSAGE][PASSED] - Text 'Hasan' is set on object 'Object Repository/Page_Metafour User Login/input_Login_login'

2018-09-25 18:38:29 - [TEST_STEP][PASSED] - setText: Text 'hasan' is set on object 'Object Repository/Page_Metafour User Login/input_Login_j_password'

2018-09-25 18:38:29 - [MESSAGE][PASSED] - Text 'hasan' is set on object 'Object Repository/Page_Metafour User Login/input_Login_j_password'

2018-09-25 18:38:29 - [TEST_STEP][PASSED] - click: Object: 'Object Repository/Page_Metafour User Login/button_Sign in' is clicked on

2018-09-25 18:38:30 - [MESSAGE][PASSED] - Object: 'Object Repository/Page_Metafour User Login/button_Sign in' is clicked on

2018-09-25 18:38:30 - [TEST_STEP][PASSED] - delay: Delayed 3 second(s)

2018-09-25 18:38:33 - [MESSAGE][PASSED] - Delayed 3 second(s)

2018-09-25 18:38:33 - [TEST_STEP][FAILED] - verifyElementNotPresent: Unable to verify object 'Object Repository/Page_Metafour User Login/div_Sorry login failed' is not present (Root cause: Web element with id: 'Object Repository/Page_Metafour User Login/div_Sorry login failed' located by 'By.xpath: //div[@id='customerrormessagediv']' is present after '30' second(s))

2018-09-25 18:38:33 - [MESSAGE][WARNING] - Timeout '0' is invalid. Using default page load timeout: '30'

2018-09-25 18:39:03 - [MESSAGE][FAILED] - Web element with id: 'Object Repository/Page_Metafour User Login/div_Sorry login failed' located by 'By.xpath: //div[@id='customerrormessagediv']' is present after '30' second(s)
[[ATTACHMENT|C:\\Users\\mazha\\Katalon Studio\\m4-monitoring\\Reports\\nc-cp-bo-login-test-suit\\20180925_183452\\1537879143550.png]]

2018-09-25 18:39:03 - [MESSAGE][FAILED] - Unable to verify object 'Object Repository/Page_Metafour User Login/div_Sorry login failed' is not present (Root cause: Web element with id: 'Object Repository/Page_Metafour User Login/div_Sorry login failed' located by 'By.xpath: //div[@id='customerrormessagediv']' is present after '30' second(s))
[[ATTACHMENT|C:\\Users\\mazha\\Katalon Studio\\m4-monitoring\\Reports\\nc-cp-bo-login-test-suit\\20180925_183452\\1537879143770.png]]]]></system-out>
         <system-err><![CDATA[2018-09-25 18:38:23 - [TEST_CASE][FAILED] - Test Cases/nc_cp_login_test: Test Cases/nc_cp_login_test FAILED because (of) (Stack trace: com.kms.katalon.core.exception.StepFailedException: Unable to verify object 'Object Repository/Page_Metafour User Login/div_Sorry login failed' is not present (Root cause: Web element with id: 'Object Repository/Page_Metafour User Login/div_Sorry login failed' located by 'By.xpath: //div[@id='customerrormessagediv']' is present after '30' second(s))
	at com.kms.katalon.core.keyword.internal.KeywordMain.stepFailed(KeywordMain.groovy:36)
	at com.kms.katalon.core.webui.keyword.internal.WebUIKeywordMain.stepFailed(WebUIKeywordMain.groovy:65)
	at com.kms.katalon.core.webui.keyword.internal.WebUIKeywordMain.runKeyword(WebUIKeywordMain.groovy:27)
	at com.kms.katalon.core.webui.keyword.builtin.VerifyElementNotPresentKeyword.verifyElementNotPresent(VerifyElementNotPresentKeyword.groovy:118)
	at com.kms.katalon.core.webui.keyword.builtin.VerifyElementNotPresentKeyword.execute(VerifyElementNotPresentKeyword.groovy:68)
	at com.kms.katalon.core.keyword.internal.KeywordExecutor.executeKeywordForPlatform(KeywordExecutor.groovy:53)
	at com.kms.katalon.core.webui.keyword.WebUiBuiltInKeywords.verifyElementNotPresent(WebUiBuiltInKeywords.groovy:1467)
	at com.kms.katalon.core.webui.keyword.WebUiBuiltInKeywords$verifyElementNotPresent$3.call(Unknown Source)
	at Script1537190043452.run(Script1537190043452.groovy:31)
	at com.kms.katalon.core.main.ScriptEngine.run(ScriptEngine.java:183)
	at com.kms.katalon.core.main.ScriptEngine.runScriptAsRawText(ScriptEngine.java:108)
	at com.kms.katalon.core.main.TestCaseExecutor.runScript(TestCaseExecutor.java:294)
	at com.kms.katalon.core.main.TestCaseExecutor.doExecute(TestCaseExecutor.java:285)
	at com.kms.katalon.core.main.TestCaseExecutor.processExecutionPhase(TestCaseExecutor.java:264)
	at com.kms.katalon.core.main.TestCaseExecutor.accessMainPhase(TestCaseExecutor.java:256)
	at com.kms.katalon.core.main.TestCaseExecutor.execute(TestCaseExecutor.java:200)
	at com.kms.katalon.core.main.TestSuiteExecutor.accessTestCaseMainPhase(TestSuiteExecutor.java:129)
	at com.kms.katalon.core.main.TestSuiteExecutor.accessTestSuiteMainPhase(TestSuiteExecutor.java:112)
	at com.kms.katalon.core.main.TestSuiteExecutor.execute(TestSuiteExecutor.java:81)
	at com.kms.katalon.core.main.TestCaseMain.startTestSuite(TestCaseMain.java:142)
	at com.kms.katalon.core.main.TestCaseMain$startTestSuite$0.call(Unknown Source)
	at org.codehaus.groovy.runtime.callsite.CallSiteArray.defaultCall(CallSiteArray.java:48)
	at org.codehaus.groovy.runtime.callsite.AbstractCallSite.call(AbstractCallSite.java:113)
	at org.codehaus.groovy.runtime.callsite.AbstractCallSite.call(AbstractCallSite.java:141)
	at TempTestSuite1537878892048.run(TempTestSuite1537878892048.groovy:36)
	at groovy.lang.GroovyShell.runScriptOrMainOrTestOrRunnable(GroovyShell.java:263)
	at groovy.lang.GroovyShell.run(GroovyShell.java:518)
	at groovy.lang.GroovyShell.run(GroovyShell.java:507)
	at groovy.ui.GroovyMain.processOnce(GroovyMain.java:653)
	at groovy.ui.GroovyMain.run(GroovyMain.java:384)
	at groovy.ui.GroovyMain.process(GroovyMain.java:370)
	at groovy.ui.GroovyMain.processArgs(GroovyMain.java:129)
	at groovy.ui.GroovyMain.main(GroovyMain.java:109)
	at sun.reflect.NativeMethodAccessorImpl.invoke0(Native Method)
	at sun.reflect.NativeMethodAccessorImpl.invoke(NativeMethodAccessorImpl.java:62)
	at sun.reflect.DelegatingMethodAccessorImpl.invoke(DelegatingMethodAccessorImpl.java:43)
	at java.lang.reflect.Method.invoke(Method.java:498)
	at org.codehaus.groovy.tools.GroovyStarter.rootLoader(GroovyStarter.java:109)
	at org.codehaus.groovy.tools.GroovyStarter.main(GroovyStarter.java:131)
)]]></system-err>
      </testcase>
      <testcase name="Test Cases/nc_cp_login_test" classname="Test Cases/nc_cp_login_test" status="PASSED">
         <system-out><![CDATA[2018-09-25 18:39:03 - [TEST_CASE][PASSED] - Test Cases/nc_cp_login_test: Test Cases/nc_cp_login_test

2018-09-25 18:39:03 - [TEST_STEP][PASSED] - openBrowser: Browser is opened with url: 'https://avgo-uae.netcourier.net/metafour-auth/authenticate?appId=clon&accessCode=&continue=/online/authenticated'

2018-09-25 18:39:03 - [MESSAGE][WARNING] - A browser is already opened. Closing browser and opening a new one

2018-09-25 18:39:09 - [MESSAGE][PASSED] - Browser is opened with url: 'https://avgo-uae.netcourier.net/metafour-auth/authenticate?appId=clon&accessCode=&continue=/online/authenticated'

2018-09-25 18:39:09 - [TEST_STEP][PASSED] - navigateToUrl: Navigate to 'https://avgo-uae.netcourier.net/metafour-auth/authenticate?appId=clon&accessCode=&continue=/online/authenticated' successfully

2018-09-25 18:39:09 - [MESSAGE][PASSED] - Navigate to 'https://avgo-uae.netcourier.net/metafour-auth/authenticate?appId=clon&accessCode=&continue=/online/authenticated' successfully

2018-09-25 18:39:09 - [TEST_STEP][PASSED] - setText: Text 'Dummy' is set on object 'Object Repository/Page_Metafour User Login/input_Login_access_code'

2018-09-25 18:39:09 - [MESSAGE][PASSED] - Text 'Dummy' is set on object 'Object Repository/Page_Metafour User Login/input_Login_access_code'

2018-09-25 18:39:09 - [TEST_STEP][PASSED] - setText: Text 'Jony' is set on object 'Object Repository/Page_Metafour User Login/input_Login_login'

2018-09-25 18:39:09 - [MESSAGE][PASSED] - Text 'Jony' is set on object 'Object Repository/Page_Metafour User Login/input_Login_login'

2018-09-25 18:39:09 - [TEST_STEP][PASSED] - setText: Text '1234' is set on object 'Object Repository/Page_Metafour User Login/input_Login_j_password'

2018-09-25 18:39:10 - [MESSAGE][PASSED] - Text '1234' is set on object 'Object Repository/Page_Metafour User Login/input_Login_j_password'

2018-09-25 18:39:10 - [TEST_STEP][PASSED] - click: Object: 'Object Repository/Page_Metafour User Login/button_Sign in' is clicked on

2018-09-25 18:39:13 - [MESSAGE][PASSED] - Object: 'Object Repository/Page_Metafour User Login/button_Sign in' is clicked on

2018-09-25 18:39:13 - [TEST_STEP][PASSED] - delay: Delayed 3 second(s)

2018-09-25 18:39:16 - [MESSAGE][PASSED] - Delayed 3 second(s)

2018-09-25 18:39:16 - [TEST_STEP][PASSED] - verifyElementNotPresent: Web element with id: 'Object Repository/Page_Metafour User Login/div_Sorry login failed' located by 'By.xpath: //div[@id='customerrormessagediv']' is not present after '30' second(s)

2018-09-25 18:39:16 - [MESSAGE][WARNING] - Timeout '0' is invalid. Using default page load timeout: '30'

2018-09-25 18:39:17 - [MESSAGE][PASSED] - Web element with id: 'Object Repository/Page_Metafour User Login/div_Sorry login failed' located by 'By.xpath: //div[@id='customerrormessagediv']' is not present after '30' second(s)

2018-09-25 18:39:17 - [TEST_STEP][PASSED] - closeBrowser: Browser is closed

2018-09-25 18:39:17 - [MESSAGE][PASSED] - Browser is closed]]></system-out>
         <system-err><![CDATA[]]></system-err>
      </testcase>
      <testcase name="Test Cases/nc_cp_login_test" classname="Test Cases/nc_cp_login_test" status="FAILED">
         <failure type="FAILED" message="(Stack trace: com.kms.katalon.core.exception.StepFailedException: Unable to verify object 'Object Repository/Page_Metafour User Login/div_Sorry login failed' is not present (Root cause: Web element with id: 'Object Repository/Page_Metafour User Login/div_Sorry login failed' located by 'By.xpath: //div[@id='customerrormessagediv']' is present after '30' second(s))
	at com.kms.katalon.core.keyword.internal.KeywordMain.stepFailed(KeywordMain.groovy:36)
	at com.kms.katalon.core.webui.keyword.internal.WebUIKeywordMain.stepFailed(WebUIKeywordMain.groovy:65)
	at com.kms.katalon.core.webui.keyword.internal.WebUIKeywordMain.runKeyword(WebUIKeywordMain.groovy:27)
	at com.kms.katalon.core.webui.keyword.builtin.VerifyElementNotPresentKeyword.verifyElementNotPresent(VerifyElementNotPresentKeyword.groovy:118)
	at com.kms.katalon.core.webui.keyword.builtin.VerifyElementNotPresentKeyword.execute(VerifyElementNotPresentKeyword.groovy:68)
	at com.kms.katalon.core.keyword.internal.KeywordExecutor.executeKeywordForPlatform(KeywordExecutor.groovy:53)
	at com.kms.katalon.core.webui.keyword.WebUiBuiltInKeywords.verifyElementNotPresent(WebUiBuiltInKeywords.groovy:1467)
	at com.kms.katalon.core.webui.keyword.WebUiBuiltInKeywords$verifyElementNotPresent$3.call(Unknown Source)
	at Script1537190043452.run(Script1537190043452.groovy:31)
	at com.kms.katalon.core.main.ScriptEngine.run(ScriptEngine.java:183)
	at com.kms.katalon.core.main.ScriptEngine.runScriptAsRawText(ScriptEngine.java:108)
	at com.kms.katalon.core.main.TestCaseExecutor.runScript(TestCaseExecutor.java:294)
	at com.kms.katalon.core.main.TestCaseExecutor.doExecute(TestCaseExecutor.java:285)
	at com.kms.katalon.core.main.TestCaseExecutor.processExecutionPhase(TestCaseExecutor.java:264)
	at com.kms.katalon.core.main.TestCaseExecutor.accessMainPhase(TestCaseExecutor.java:256)
	at com.kms.katalon.core.main.TestCaseExecutor.execute(TestCaseExecutor.java:200)
	at com.kms.katalon.core.main.TestSuiteExecutor.accessTestCaseMainPhase(TestSuiteExecutor.java:129)
	at com.kms.katalon.core.main.TestSuiteExecutor.accessTestSuiteMainPhase(TestSuiteExecutor.java:112)
	at com.kms.katalon.core.main.TestSuiteExecutor.execute(TestSuiteExecutor.java:81)
	at com.kms.katalon.core.main.TestCaseMain.startTestSuite(TestCaseMain.java:142)
	at com.kms.katalon.core.main.TestCaseMain$startTestSuite$0.call(Unknown Source)
	at org.codehaus.groovy.runtime.callsite.CallSiteArray.defaultCall(CallSiteArray.java:48)
	at org.codehaus.groovy.runtime.callsite.AbstractCallSite.call(AbstractCallSite.java:113)
	at org.codehaus.groovy.runtime.callsite.AbstractCallSite.call(AbstractCallSite.java:141)
	at TempTestSuite1537878892048.run(TempTestSuite1537878892048.groovy:36)
	at groovy.lang.GroovyShell.runScriptOrMainOrTestOrRunnable(GroovyShell.java:263)
	at groovy.lang.GroovyShell.run(GroovyShell.java:518)
	at groovy.lang.GroovyShell.run(GroovyShell.java:507)
	at groovy.ui.GroovyMain.processOnce(GroovyMain.java:653)
	at groovy.ui.GroovyMain.run(GroovyMain.java:384)
	at groovy.ui.GroovyMain.process(GroovyMain.java:370)
	at groovy.ui.GroovyMain.processArgs(GroovyMain.java:129)
	at groovy.ui.GroovyMain.main(GroovyMain.java:109)
	at sun.reflect.NativeMethodAccessorImpl.invoke0(Native Method)
	at sun.reflect.NativeMethodAccessorImpl.invoke(NativeMethodAccessorImpl.java:62)
	at sun.reflect.DelegatingMethodAccessorImpl.invoke(DelegatingMethodAccessorImpl.java:43)
	at java.lang.reflect.Method.invoke(Method.java:498)
	at org.codehaus.groovy.tools.GroovyStarter.rootLoader(GroovyStarter.java:109)
	at org.codehaus.groovy.tools.GroovyStarter.main(GroovyStarter.java:131)
)"/>
         <system-out><![CDATA[2018-09-25 18:39:17 - [TEST_CASE][FAILED] - Test Cases/nc_cp_login_test: Test Cases/nc_cp_login_test FAILED because (of) (Stack trace: com.kms.katalon.core.exception.StepFailedException: Unable to verify object 'Object Repository/Page_Metafour User Login/div_Sorry login failed' is not present (Root cause: Web element with id: 'Object Repository/Page_Metafour User Login/div_Sorry login failed' located by 'By.xpath: //div[@id='customerrormessagediv']' is present after '30' second(s))
	at com.kms.katalon.core.keyword.internal.KeywordMain.stepFailed(KeywordMain.groovy:36)
	at com.kms.katalon.core.webui.keyword.internal.WebUIKeywordMain.stepFailed(WebUIKeywordMain.groovy:65)
	at com.kms.katalon.core.webui.keyword.internal.WebUIKeywordMain.runKeyword(WebUIKeywordMain.groovy:27)
	at com.kms.katalon.core.webui.keyword.builtin.VerifyElementNotPresentKeyword.verifyElementNotPresent(VerifyElementNotPresentKeyword.groovy:118)
	at com.kms.katalon.core.webui.keyword.builtin.VerifyElementNotPresentKeyword.execute(VerifyElementNotPresentKeyword.groovy:68)
	at com.kms.katalon.core.keyword.internal.KeywordExecutor.executeKeywordForPlatform(KeywordExecutor.groovy:53)
	at com.kms.katalon.core.webui.keyword.WebUiBuiltInKeywords.verifyElementNotPresent(WebUiBuiltInKeywords.groovy:1467)
	at com.kms.katalon.core.webui.keyword.WebUiBuiltInKeywords$verifyElementNotPresent$3.call(Unknown Source)
	at Script1537190043452.run(Script1537190043452.groovy:31)
	at com.kms.katalon.core.main.ScriptEngine.run(ScriptEngine.java:183)
	at com.kms.katalon.core.main.ScriptEngine.runScriptAsRawText(ScriptEngine.java:108)
	at com.kms.katalon.core.main.TestCaseExecutor.runScript(TestCaseExecutor.java:294)
	at com.kms.katalon.core.main.TestCaseExecutor.doExecute(TestCaseExecutor.java:285)
	at com.kms.katalon.core.main.TestCaseExecutor.processExecutionPhase(TestCaseExecutor.java:264)
	at com.kms.katalon.core.main.TestCaseExecutor.accessMainPhase(TestCaseExecutor.java:256)
	at com.kms.katalon.core.main.TestCaseExecutor.execute(TestCaseExecutor.java:200)
	at com.kms.katalon.core.main.TestSuiteExecutor.accessTestCaseMainPhase(TestSuiteExecutor.java:129)
	at com.kms.katalon.core.main.TestSuiteExecutor.accessTestSuiteMainPhase(TestSuiteExecutor.java:112)
	at com.kms.katalon.core.main.TestSuiteExecutor.execute(TestSuiteExecutor.java:81)
	at com.kms.katalon.core.main.TestCaseMain.startTestSuite(TestCaseMain.java:142)
	at com.kms.katalon.core.main.TestCaseMain$startTestSuite$0.call(Unknown Source)
	at org.codehaus.groovy.runtime.callsite.CallSiteArray.defaultCall(CallSiteArray.java:48)
	at org.codehaus.groovy.runtime.callsite.AbstractCallSite.call(AbstractCallSite.java:113)
	at org.codehaus.groovy.runtime.callsite.AbstractCallSite.call(AbstractCallSite.java:141)
	at TempTestSuite1537878892048.run(TempTestSuite1537878892048.groovy:36)
	at groovy.lang.GroovyShell.runScriptOrMainOrTestOrRunnable(GroovyShell.java:263)
	at groovy.lang.GroovyShell.run(GroovyShell.java:518)
	at groovy.lang.GroovyShell.run(GroovyShell.java:507)
	at groovy.ui.GroovyMain.processOnce(GroovyMain.java:653)
	at groovy.ui.GroovyMain.run(GroovyMain.java:384)
	at groovy.ui.GroovyMain.process(GroovyMain.java:370)
	at groovy.ui.GroovyMain.processArgs(GroovyMain.java:129)
	at groovy.ui.GroovyMain.main(GroovyMain.java:109)
	at sun.reflect.NativeMethodAccessorImpl.invoke0(Native Method)
	at sun.reflect.NativeMethodAccessorImpl.invoke(NativeMethodAccessorImpl.java:62)
	at sun.reflect.DelegatingMethodAccessorImpl.invoke(DelegatingMethodAccessorImpl.java:43)
	at java.lang.reflect.Method.invoke(Method.java:498)
	at org.codehaus.groovy.tools.GroovyStarter.rootLoader(GroovyStarter.java:109)
	at org.codehaus.groovy.tools.GroovyStarter.main(GroovyStarter.java:131)
)

2018-09-25 18:39:17 - [TEST_STEP][PASSED] - openBrowser: Browser is opened with url: 'https://bluesky.netcourier.net/metafour-auth/authenticate?appId=clon&accessCode=&continue=/online/authenticated'

2018-09-25 18:39:22 - [MESSAGE][PASSED] - Browser is opened with url: 'https://bluesky.netcourier.net/metafour-auth/authenticate?appId=clon&accessCode=&continue=/online/authenticated'

2018-09-25 18:39:22 - [TEST_STEP][PASSED] - navigateToUrl: Navigate to 'https://bluesky.netcourier.net/metafour-auth/authenticate?appId=clon&accessCode=&continue=/online/authenticated' successfully

2018-09-25 18:39:23 - [MESSAGE][PASSED] - Navigate to 'https://bluesky.netcourier.net/metafour-auth/authenticate?appId=clon&accessCode=&continue=/online/authenticated' successfully

2018-09-25 18:39:23 - [TEST_STEP][PASSED] - setText: Text 'M4' is set on object 'Object Repository/Page_Metafour User Login/input_Login_access_code'

2018-09-25 18:39:23 - [MESSAGE][PASSED] - Text 'M4' is set on object 'Object Repository/Page_Metafour User Login/input_Login_access_code'

2018-09-25 18:39:23 - [TEST_STEP][PASSED] - setText: Text 'Jony' is set on object 'Object Repository/Page_Metafour User Login/input_Login_login'

2018-09-25 18:39:23 - [MESSAGE][PASSED] - Text 'Jony' is set on object 'Object Repository/Page_Metafour User Login/input_Login_login'

2018-09-25 18:39:23 - [TEST_STEP][PASSED] - setText: Text '1234' is set on object 'Object Repository/Page_Metafour User Login/input_Login_j_password'

2018-09-25 18:39:23 - [MESSAGE][PASSED] - Text '1234' is set on object 'Object Repository/Page_Metafour User Login/input_Login_j_password'

2018-09-25 18:39:23 - [TEST_STEP][PASSED] - click: Object: 'Object Repository/Page_Metafour User Login/button_Sign in' is clicked on

2018-09-25 18:39:24 - [MESSAGE][PASSED] - Object: 'Object Repository/Page_Metafour User Login/button_Sign in' is clicked on

2018-09-25 18:39:24 - [TEST_STEP][PASSED] - delay: Delayed 3 second(s)

2018-09-25 18:39:27 - [MESSAGE][PASSED] - Delayed 3 second(s)

2018-09-25 18:39:27 - [TEST_STEP][FAILED] - verifyElementNotPresent: Unable to verify object 'Object Repository/Page_Metafour User Login/div_Sorry login failed' is not present (Root cause: Web element with id: 'Object Repository/Page_Metafour User Login/div_Sorry login failed' located by 'By.xpath: //div[@id='customerrormessagediv']' is present after '30' second(s))

2018-09-25 18:39:27 - [MESSAGE][WARNING] - Timeout '0' is invalid. Using default page load timeout: '30'

2018-09-25 18:39:57 - [MESSAGE][FAILED] - Web element with id: 'Object Repository/Page_Metafour User Login/div_Sorry login failed' located by 'By.xpath: //div[@id='customerrormessagediv']' is present after '30' second(s)
[[ATTACHMENT|C:\\Users\\mazha\\Katalon Studio\\m4-monitoring\\Reports\\nc-cp-bo-login-test-suit\\20180925_183452\\1537879197286.png]]

2018-09-25 18:39:57 - [MESSAGE][FAILED] - Unable to verify object 'Object Repository/Page_Metafour User Login/div_Sorry login failed' is not present (Root cause: Web element with id: 'Object Repository/Page_Metafour User Login/div_Sorry login failed' located by 'By.xpath: //div[@id='customerrormessagediv']' is present after '30' second(s))
[[ATTACHMENT|C:\\Users\\mazha\\Katalon Studio\\m4-monitoring\\Reports\\nc-cp-bo-login-test-suit\\20180925_183452\\1537879197532.png]]]]></system-out>
         <system-err><![CDATA[2018-09-25 18:39:17 - [TEST_CASE][FAILED] - Test Cases/nc_cp_login_test: Test Cases/nc_cp_login_test FAILED because (of) (Stack trace: com.kms.katalon.core.exception.StepFailedException: Unable to verify object 'Object Repository/Page_Metafour User Login/div_Sorry login failed' is not present (Root cause: Web element with id: 'Object Repository/Page_Metafour User Login/div_Sorry login failed' located by 'By.xpath: //div[@id='customerrormessagediv']' is present after '30' second(s))
	at com.kms.katalon.core.keyword.internal.KeywordMain.stepFailed(KeywordMain.groovy:36)
	at com.kms.katalon.core.webui.keyword.internal.WebUIKeywordMain.stepFailed(WebUIKeywordMain.groovy:65)
	at com.kms.katalon.core.webui.keyword.internal.WebUIKeywordMain.runKeyword(WebUIKeywordMain.groovy:27)
	at com.kms.katalon.core.webui.keyword.builtin.VerifyElementNotPresentKeyword.verifyElementNotPresent(VerifyElementNotPresentKeyword.groovy:118)
	at com.kms.katalon.core.webui.keyword.builtin.VerifyElementNotPresentKeyword.execute(VerifyElementNotPresentKeyword.groovy:68)
	at com.kms.katalon.core.keyword.internal.KeywordExecutor.executeKeywordForPlatform(KeywordExecutor.groovy:53)
	at com.kms.katalon.core.webui.keyword.WebUiBuiltInKeywords.verifyElementNotPresent(WebUiBuiltInKeywords.groovy:1467)
	at com.kms.katalon.core.webui.keyword.WebUiBuiltInKeywords$verifyElementNotPresent$3.call(Unknown Source)
	at Script1537190043452.run(Script1537190043452.groovy:31)
	at com.kms.katalon.core.main.ScriptEngine.run(ScriptEngine.java:183)
	at com.kms.katalon.core.main.ScriptEngine.runScriptAsRawText(ScriptEngine.java:108)
[...]

2018-09-25 19:22:15 - [MESSAGE][PASSED] - Object: 'Object Repository/Page_Metafour User Login/button_Sign in' is clicked on

2018-09-25 19:22:15 - [TEST_STEP][PASSED] - delay: Delayed 3 second(s)

2018-09-25 19:22:18 - [MESSAGE][PASSED] - Delayed 3 second(s)

2018-09-25 19:22:18 - [TEST_STEP][PASSED] - verifyElementNotPresent: Web element with id: 'Object Repository/Page_Metafour User Login/div_Sorry login failed' located by 'By.xpath: //div[@id='customerrormessagediv']' is not present after '30' second(s)

2018-09-25 19:22:18 - [MESSAGE][WARNING] - Timeout '0' is invalid. Using default page load timeout: '30'

2018-09-25 19:22:18 - [MESSAGE][PASSED] - Web element with id: 'Object Repository/Page_Metafour User Login/div_Sorry login failed' located by 'By.xpath: //div[@id='customerrormessagediv']' is not present after '30' second(s)

2018-09-25 19:22:18 - [TEST_STEP][PASSED] - closeBrowser: Browser is closed

2018-09-25 19:22:18 - [MESSAGE][PASSED] - Browser is closed]]></system-out>
         <system-err><![CDATA[]]></system-err>
      </testcase>
      <testcase name="Test Cases/nc_bo_login-test" classname="Test Cases/nc_bo_login-test" status="PASSED">
         <system-out><![CDATA[2018-09-25 19:22:18 - [TEST_CASE][PASSED] - Test Cases/nc_bo_login-test: Test Cases/nc_bo_login-test

2018-09-25 19:22:18 - [TEST_STEP][PASSED] - openBrowser: Browser is opened with url: 'https://spsdemo.metafour.com/netcourier-data/'

2018-09-25 19:22:46 - [MESSAGE][PASSED] - Browser is opened with url: 'https://spsdemo.metafour.com/netcourier-data/'

2018-09-25 19:22:46 - [TEST_STEP][PASSED] - navigateToUrl: Navigate to 'https://spsdemo.metafour.com/netcourier-data/' successfully

2018-09-25 19:22:50 - [MESSAGE][PASSED] - Navigate to 'https://spsdemo.metafour.com/netcourier-data/' successfully

2018-09-25 19:22:50 - [TEST_STEP][PASSED] - setText: Text 'spr' is set on object 'Object Repository/Page_Metafour User Login/input_Login_access_code'

2018-09-25 19:22:55 - [MESSAGE][PASSED] - Text 'spr' is set on object 'Object Repository/Page_Metafour User Login/input_Login_access_code'

2018-09-25 19:22:55 - [TEST_STEP][PASSED] - setText: Text 'admin' is set on object 'Object Repository/Page_Metafour User Login/input_Login_login'

2018-09-25 19:22:55 - [MESSAGE][PASSED] - Text 'admin' is set on object 'Object Repository/Page_Metafour User Login/input_Login_login'

2018-09-25 19:22:55 - [TEST_STEP][PASSED] - setText: Text 'qtspr301u' is set on object 'Object Repository/Page_Metafour User Login/input_Login_j_password'

2018-09-25 19:22:55 - [MESSAGE][PASSED] - Text 'qtspr301u' is set on object 'Object Repository/Page_Metafour User Login/input_Login_j_password'

2018-09-25 19:22:55 - [TEST_STEP][PASSED] - click: Object: 'Object Repository/Page_Metafour User Login/button_Sign in' is clicked on

2018-09-25 19:23:02 - [MESSAGE][PASSED] - Object: 'Object Repository/Page_Metafour User Login/button_Sign in' is clicked on

2018-09-25 19:23:02 - [TEST_STEP][PASSED] - delay: Delayed 3 second(s)

2018-09-25 19:23:05 - [MESSAGE][PASSED] - Delayed 3 second(s)

2018-09-25 19:23:05 - [TEST_STEP][PASSED] - verifyElementNotPresent: Web element with id: 'Object Repository/Page_Metafour User Login/div_Sorry login failed' located by 'By.xpath: //div[@id='customerrormessagediv']' is not present after '30' second(s)

2018-09-25 19:23:05 - [MESSAGE][WARNING] - Timeout '0' is invalid. Using default page load timeout: '30'

2018-09-25 19:23:05 - [MESSAGE][PASSED] - Web element with id: 'Object Repository/Page_Metafour User Login/div_Sorry login failed' located by 'By.xpath: //div[@id='customerrormessagediv']' is not present after '30' second(s)

2018-09-25 19:23:05 - [TEST_STEP][PASSED] - closeBrowser: Browser is closed

2018-09-25 19:23:06 - [MESSAGE][PASSED] - Browser is closed]]></system-out>
         <system-err><![CDATA[]]></system-err>
      </testcase>
      <testcase name="Test Cases/nc_bo_login-test" classname="Test Cases/nc_bo_login-test" status="PASSED">
         <system-out><![CDATA[2018-09-25 19:23:06 - [TEST_CASE][PASSED] - Test Cases/nc_bo_login-test: Test Cases/nc_bo_login-test

2018-09-25 19:23:06 - [TEST_STEP][PASSED] - openBrowser: Browser is opened with url: 'https://ubook2-master.metafour.com/netcourier-data/'

2018-09-25 19:23:13 - [MESSAGE][PASSED] - Browser is opened with url: 'https://ubook2-master.metafour.com/netcourier-data/'

2018-09-25 19:23:13 - [TEST_STEP][PASSED] - navigateToUrl: Navigate to 'https://ubook2-master.metafour.com/netcourier-data/' successfully

2018-09-25 19:23:24 - [MESSAGE][PASSED] - Navigate to 'https://ubook2-master.metafour.com/netcourier-data/' successfully

2018-09-25 19:23:24 - [TEST_STEP][PASSED] - setText: Text 'sps' is set on object 'Object Repository/Page_Metafour User Login/input_Login_access_code'

2018-09-25 19:23:27 - [MESSAGE][PASSED] - Text 'sps' is set on object 'Object Repository/Page_Metafour User Login/input_Login_access_code'

2018-09-25 19:23:27 - [TEST_STEP][PASSED] - setText: Text 'admin' is set on object 'Object Repository/Page_Metafour User Login/input_Login_login'

2018-09-25 19:23:28 - [MESSAGE][PASSED] - Text 'admin' is set on object 'Object Repository/Page_Metafour User Login/input_Login_login'

2018-09-25 19:23:28 - [TEST_STEP][PASSED] - setText: Text 'qtsps888u' is set on object 'Object Repository/Page_Metafour User Login/input_Login_j_password'

2018-09-25 19:23:28 - [MESSAGE][PASSED] - Text 'qtsps888u' is set on object 'Object Repository/Page_Metafour User Login/input_Login_j_password'

2018-09-25 19:23:28 - [TEST_STEP][PASSED] - click: Object: 'Object Repository/Page_Metafour User Login/button_Sign in' is clicked on

2018-09-25 19:23:34 - [MESSAGE][PASSED] - Object: 'Object Repository/Page_Metafour User Login/button_Sign in' is clicked on

2018-09-25 19:23:34 - [TEST_STEP][PASSED] - delay: Delayed 3 second(s)

2018-09-25 19:23:37 - [MESSAGE][PASSED] - Delayed 3 second(s)

2018-09-25 19:23:37 - [TEST_STEP][PASSED] - verifyElementNotPresent: Web element with id: 'Object Repository/Page_Metafour User Login/div_Sorry login failed' located by 'By.xpath: //div[@id='customerrormessagediv']' is not present after '30' second(s)

2018-09-25 19:23:37 - [MESSAGE][WARNING] - Timeout '0' is invalid. Using default page load timeout: '30'

2018-09-25 19:23:37 - [MESSAGE][PASSED] - Web element with id: 'Object Repository/Page_Metafour User Login/div_Sorry login failed' located by 'By.xpath: //div[@id='customerrormessagediv']' is not present after '30' second(s)

2018-09-25 19:23:37 - [TEST_STEP][PASSED] - closeBrowser: Browser is closed

2018-09-25 19:23:37 - [MESSAGE][PASSED] - Browser is closed]]></system-out>
         <system-err><![CDATA[]]></system-err>
      </testcase>
      <testcase name="Test Cases/nc_bo_login-test" classname="Test Cases/nc_bo_login-test" status="PASSED">
         <system-out><![CDATA[2018-09-25 19:23:37 - [TEST_CASE][PASSED] - Test Cases/nc_bo_login-test: Test Cases/nc_bo_login-test

2018-09-25 19:23:37 - [TEST_STEP][PASSED] - openBrowser: Browser is opened with url: 'https://spsuat.metafour.com/netcourier-data/'

2018-09-25 19:23:59 - [MESSAGE][PASSED] - Browser is opened with url: 'https://spsuat.metafour.com/netcourier-data/'

2018-09-25 19:23:59 - [TEST_STEP][PASSED] - navigateToUrl: Navigate to 'https://spsuat.metafour.com/netcourier-data/' successfully

2018-09-25 19:24:03 - [MESSAGE][PASSED] - Navigate to 'https://spsuat.metafour.com/netcourier-data/' successfully

2018-09-25 19:24:03 - [TEST_STEP][PASSED] - setText: Text 'uat' is set on object 'Object Repository/Page_Metafour User Login/input_Login_access_code'

2018-09-25 19:24:07 - [MESSAGE][PASSED] - Text 'uat' is set on object 'Object Repository/Page_Metafour User Login/input_Login_access_code'

2018-09-25 19:24:07 - [TEST_STEP][PASSED] - setText: Text 'admin' is set on object 'Object Repository/Page_Metafour User Login/input_Login_login'

2018-09-25 19:24:07 - [MESSAGE][PASSED] - Text 'admin' is set on object 'Object Repository/Page_Metafour User Login/input_Login_login'

2018-09-25 19:24:07 - [TEST_STEP][PASSED] - setText: Text 'qtuat301u' is set on object 'Object Repository/Page_Metafour User Login/input_Login_j_password'

2018-09-25 19:24:07 - [MESSAGE][PASSED] - Text 'qtuat301u' is set on object 'Object Repository/Page_Metafour User Login/input_Login_j_password'

2018-09-25 19:24:07 - [TEST_STEP][PASSED] - click: Object: 'Object Repository/Page_Metafour User Login/button_Sign in' is clicked on

2018-09-25 19:24:17 - [MESSAGE][PASSED] - Object: 'Object Repository/Page_Metafour User Login/button_Sign in' is clicked on

2018-09-25 19:24:17 - [TEST_STEP][PASSED] - delay: Delayed 3 second(s)

2018-09-25 19:24:20 - [MESSAGE][PASSED] - Delayed 3 second(s)

2018-09-25 19:24:20 - [TEST_STEP][PASSED] - verifyElementNotPresent: Web element with id: 'Object Repository/Page_Metafour User Login/div_Sorry login failed' located by 'By.xpath: //div[@id='customerrormessagediv']' is not present after '30' second(s)

2018-09-25 19:24:20 - [MESSAGE][WARNING] - Timeout '0' is invalid. Using default page load timeout: '30'

2018-09-25 19:24:20 - [MESSAGE][PASSED] - Web element with id: 'Object Repository/Page_Metafour User Login/div_Sorry login failed' located by 'By.xpath: //div[@id='customerrormessagediv']' is not present after '30' second(s)

2018-09-25 19:24:20 - [TEST_STEP][PASSED] - closeBrowser: Browser is closed

2018-09-25 19:24:21 - [MESSAGE][PASSED] - Browser is closed]]></system-out>
         <system-err><![CDATA[]]></system-err>
      </testcase>
      <testcase name="Test Cases/nc_bo_login-test" classname="Test Cases/nc_bo_login-test" status="PASSED">
         <system-out><![CDATA[2018-09-25 19:24:21 - [TEST_CASE][PASSED] - Test Cases/nc_bo_login-test: Test Cases/nc_bo_login-test

2018-09-25 19:24:21 - [TEST_STEP][PASSED] - openBrowser: Browser is opened with url: 'https://talktalk.metafour.com/netcourier-data/'

2018-09-25 19:24:27 - [MESSAGE][PASSED] - Browser is opened with url: 'https://talktalk.metafour.com/netcourier-data/'

2018-09-25 19:24:27 - [TEST_STEP][PASSED] - navigateToUrl: Navigate to 'https://talktalk.metafour.com/netcourier-data/' successfully

2018-09-25 19:24:29 - [MESSAGE][PASSED] - Navigate to 'https://talktalk.metafour.com/netcourier-data/' successfully

2018-09-25 19:24:29 - [TEST_STEP][PASSED] - setText: Text 'ttu' is set on object 'Object Repository/Page_Metafour User Login/input_Login_access_code'

2018-09-25 19:24:33 - [MESSAGE][PASSED] - Text 'ttu' is set on object 'Object Repository/Page_Metafour User Login/input_Login_access_code'

2018-09-25 19:24:33 - [TEST_STEP][PASSED] - setText: Text 'admin' is set on object 'Object Repository/Page_Metafour User Login/input_Login_login'

2018-09-25 19:24:33 - [MESSAGE][PASSED] - Text 'admin' is set on object 'Object Repository/Page_Metafour User Login/input_Login_login'

2018-09-25 19:24:33 - [TEST_STEP][PASSED] - setText: Text 'qtttu533u' is set on object 'Object Repository/Page_Metafour User Login/input_Login_j_password'

2018-09-25 19:24:34 - [MESSAGE][PASSED] - Text 'qtttu533u' is set on object 'Object Repository/Page_Metafour User Login/input_Login_j_password'

2018-09-25 19:24:34 - [TEST_STEP][PASSED] - click: Object: 'Object Repository/Page_Metafour User Login/button_Sign in' is clicked on

2018-09-25 19:24:37 - [MESSAGE][PASSED] - Object: 'Object Repository/Page_Metafour User Login/button_Sign in' is clicked on

2018-09-25 19:24:37 - [TEST_STEP][PASSED] - delay: Delayed 3 second(s)

2018-09-25 19:24:40 - [MESSAGE][PASSED] - Delayed 3 second(s)

2018-09-25 19:24:40 - [TEST_STEP][PASSED] - verifyElementNotPresent: Web element with id: 'Object Repository/Page_Metafour User Login/div_Sorry login failed' located by 'By.xpath: //div[@id='customerrormessagediv']' is not present after '30' second(s)

2018-09-25 19:24:40 - [MESSAGE][WARNING] - Timeout '0' is invalid. Using default page load timeout: '30'

2018-09-25 19:24:40 - [MESSAGE][PASSED] - Web element with id: 'Object Repository/Page_Metafour User Login/div_Sorry login failed' located by 'By.xpath: //div[@id='customerrormessagediv']' is not present after '30' second(s)

2018-09-25 19:24:40 - [TEST_STEP][PASSED] - closeBrowser: Browser is closed

2018-09-25 19:24:40 - [MESSAGE][PASSED] - Browser is closed]]></system-out>
         <system-err><![CDATA[]]></system-err>
      </testcase>
      <system-out><![CDATA[2018-09-25 18:34:55 - [TEST_SUITE][FAILED] - nc-cp-bo-login-test-suit: Test Cases/nc_cp_login_test FAILED because (of) (Stack trace: com.kms.katalon.core.exception.StepFailedException: Unable to verify object 'Object Repository/Page_Metafour User Login/div_Sorry login failed' is not present (Root cause: Web element with id: 'Object Repository/Page_Metafour User Login/div_Sorry login failed' located by 'By.xpath: //div[@id='customerrormessagediv']' is present after '30' second(s))
	at com.kms.katalon.core.keyword.internal.KeywordMain.stepFailed(KeywordMain.groovy:36)
	at com.kms.katalon.core.webui.keyword.internal.WebUIKeywordMain.stepFailed(WebUIKeywordMain.groovy:65)
	at com.kms.katalon.core.webui.keyword.internal.WebUIKeywordMain.runKeyword(WebUIKeywordMain.groovy:27)
	at com.kms.katalon.core.webui.keyword.builtin.VerifyElementNotPresentKeyword.verifyElementNotPresent(VerifyElementNotPresentKeyword.groovy:118)
	at com.kms.katalon.core.webui.keyword.builtin.VerifyElementNotPresentKeyword.execute(VerifyElementNotPresentKeyword.groovy:68)
	at com.kms.katalon.core.keyword.internal.KeywordExecutor.executeKeywordForPlatform(KeywordExecutor.groovy:53)
	at com.kms.katalon.core.webui.keyword.WebUiBuiltInKeywords.verifyElementNotPresent(WebUiBuiltInKeywords.groovy:1467)
	at com.kms.katalon.core.webui.keyword.WebUiBuiltInKeywords$verifyElementNotPresent$3.call(Unknown Source)
	at Script1537190043452.run(Script1537190043452.groovy:31)
	at com.kms.katalon.core.main.ScriptEngine.run(ScriptEngine.java:183)
	at com.kms.katalon.core.main.ScriptEngine.runScriptAsRawText(ScriptEngine.java:108)
	at com.kms.katalon.core.main.TestCaseExecutor.runScript(TestCaseExecutor.java:294)
	at com.kms.katalon.core.main.TestCaseExecutor.doExecute(TestCaseExecutor.java:285)
	at com.kms.katalon.core.main.TestCaseExecutor.processExecutionPhase(TestCaseExecutor.java:264)
	at com.kms.katalon.core.main.TestCaseExecutor.accessMainPhase(TestCaseExecutor.java:256)
	at com.kms.katalon.core.main.TestCaseExecutor.execute(TestCaseExecutor.java:200)
	at com.kms.katalon.core.main.TestSuiteExecutor.accessTestCaseMainPhase(TestSuiteExecutor.java:129)
	at com.kms.katalon.core.main.TestSuiteExecutor.accessTestSuiteMainPhase(TestSuiteExecutor.java:112)
	at com.kms.katalon.core.main.TestSuiteExecutor.execute(TestSuiteExecutor.java:81)
	at com.kms.katalon.core.main.TestCaseMain.startTestSuite(TestCaseMain.java:142)
	at com.kms.katalon.core.main.TestCaseMain$startTestSuite$0.call(Unknown Source)
	at org.codehaus.groovy.runtime.callsite.CallSiteArray.defaultCall(CallSiteArray.java:48)
	at org.codehaus.groovy.runtime.callsite.AbstractCallSite.call(AbstractCallSite.java:113)
	at org.codehaus.groovy.runtime.callsite.AbstractCallSite.call(AbstractCallSite.java:141)
	at TempTestSuite1537878892048.run(TempTestSuite1537878892048.groovy:36)
	at groovy.lang.GroovyShell.runScriptOrMainOrTestOrRunnable(GroovyShell.java:263)
	at groovy.lang.GroovyShell.run(GroovyShell.java:518)
	at groovy.lang.GroovyShell.run(GroovyShell.java:507)
	at groovy.ui.GroovyMain.processOnce(GroovyMain.java:653)
	at groovy.ui.GroovyMain.run(GroovyMain.java:384)
	at groovy.ui.GroovyMain.process(GroovyMain.java:370)
	at groovy.ui.GroovyMain.processArgs(GroovyMain.java:129)
	at groovy.ui.GroovyMain.main(GroovyMain.java:109)
	at sun.reflect.NativeMethodAccessorImpl.invoke0(Native Method)
	at sun.reflect.NativeMethodAccessorImpl.invoke(NativeMethodAccessorImpl.java:62)
	at sun.reflect.DelegatingMethodAccessorImpl.invoke(DelegatingMethodAccessorImpl.java:43)
	at java.lang.reflect.Method.invoke(Method.java:498)
	at org.codehaus.groovy.tools.GroovyStarter.rootLoader(GroovyStarter.java:109)
	at org.codehaus.groovy.tools.GroovyStarter.main(GroovyStarter.java:131)
)]]></system-out>
      <system-err><![CDATA[2018-09-25 18:34:55 - [TEST_SUITE][FAILED] - nc-cp-bo-login-test-suit: Test Cases/nc_cp_login_test FAILED because (of) (Stack trace: com.kms.katalon.core.exception.StepFailedException: Unable to verify object 'Object Repository/Page_Metafour User Login/div_Sorry login failed' is not present (Root cause: Web element with id: 'Object Repository/Page_Metafour User Login/div_Sorry login failed' located by 'By.xpath: //div[@id='customerrormessagediv']' is present after '30' second(s))
	at com.kms.katalon.core.keyword.internal.KeywordMain.stepFailed(KeywordMain.groovy:36)
	at com.kms.katalon.core.webui.keyword.internal.WebUIKeywordMain.stepFailed(WebUIKeywordMain.groovy:65)
	at com.kms.katalon.core.webui.keyword.internal.WebUIKeywordMain.runKeyword(WebUIKeywordMain.groovy:27)
	at com.kms.katalon.core.webui.keyword.builtin.VerifyElementNotPresentKeyword.verifyElementNotPresent(VerifyElementNotPresentKeyword.groovy:118)
	at com.kms.katalon.core.webui.keyword.builtin.VerifyElementNotPresentKeyword.execute(VerifyElementNotPresentKeyword.groovy:68)
	at com.kms.katalon.core.keyword.internal.KeywordExecutor.executeKeywordForPlatform(KeywordExecutor.groovy:53)
	at com.kms.katalon.core.webui.keyword.WebUiBuiltInKeywords.verifyElementNotPresent(WebUiBuiltInKeywords.groovy:1467)
	at com.kms.katalon.core.webui.keyword.WebUiBuiltInKeywords$verifyElementNotPresent$3.call(Unknown Source)
	at Script1537190043452.run(Script1537190043452.groovy:31)
	at com.kms.katalon.core.main.ScriptEngine.run(ScriptEngine.java:183)
	at com.kms.katalon.core.main.ScriptEngine.runScriptAsRawText(ScriptEngine.java:108)
	at com.kms.katalon.core.main.TestCaseExecutor.runScript(TestCaseExecutor.java:294)
	at com.kms.katalon.core.main.TestCaseExecutor.doExecute(TestCaseExecutor.java:285)
	at com.kms.katalon.core.main.TestCaseExecutor.processExecutionPhase(TestCaseExecutor.java:264)
	at com.kms.katalon.core.main.TestCaseExecutor.accessMainPhase(TestCaseExecutor.java:256)
	at com.kms.katalon.core.main.TestCaseExecutor.execute(TestCaseExecutor.java:200)
	at com.kms.katalon.core.main.TestSuiteExecutor.accessTestCaseMainPhase(TestSuiteExecutor.java:129)
	at com.kms.katalon.core.main.TestSuiteExecutor.accessTestSuiteMainPhase(TestSuiteExecutor.java:112)
	at com.kms.katalon.core.main.TestSuiteExecutor.execute(TestSuiteExecutor.java:81)
	at com.kms.katalon.core.main.TestCaseMain.startTestSuite(TestCaseMain.java:142)
	at com.kms.katalon.core.main.TestCaseMain$startTestSuite$0.call(Unknown Source)
	at org.codehaus.groovy.runtime.callsite.CallSiteArray.defaultCall(CallSiteArray.java:48)
	at org.codehaus.groovy.runtime.callsite.AbstractCallSite.call(AbstractCallSite.java:113)
	at org.codehaus.groovy.runtime.callsite.AbstractCallSite.call(AbstractCallSite.java:141)
	at TempTestSuite1537878892048.run(TempTestSuite1537878892048.groovy:36)
	at groovy.lang.GroovyShell.runScriptOrMainOrTestOrRunnable(GroovyShell.java:263)
	at groovy.lang.GroovyShell.run(GroovyShell.java:518)
	at groovy.lang.GroovyShell.run(GroovyShell.java:507)
	at groovy.ui.GroovyMain.processOnce(GroovyMain.java:653)
	at groovy.ui.GroovyMain.run(GroovyMain.java:384)
	at groovy.ui.GroovyMain.process(GroovyMain.java:370)
	at groovy.ui.GroovyMain.processArgs(GroovyMain.java:129)
	at groovy.ui.GroovyMain.main(GroovyMain.java:109)
	at sun.reflect.NativeMethodAccessorImpl.invoke0(Native Method)
	at sun.reflect.NativeMethodAccessorImpl.invoke(NativeMethodAccessorImpl.java:62)
	at sun.reflect.DelegatingMethodAccessorImpl.invoke(DelegatingMethodAccessorImpl.java:43)
	at java.lang.reflect.Method.invoke(Method.java:498)
	at org.codehaus.groovy.tools.GroovyStarter.rootLoader(GroovyStarter.java:109)
	at org.codehaus.groovy.tools.GroovyStarter.main(GroovyStarter.java:131)
)]]></system-err>
   </testsuite>
</testsuites>
