<?xml version="1.0" encoding="UTF-8"?>
<testsuites name="nc-cp-bo-login-test-suit" time="2912" tests="112" failures="18" errors="0">
   <testsuite name="nc-cp-bo-login-test-suit" tests="112" failures="18" errors="0" time="2912" timestamp="2018-09-26 10:55:24" hostname="Mazhar - mazhar-pc.metafour.lan" id="Test Suites/nc-cp-bo-login-test-suit">
      <properties>
[...]
</properties>
      <testcase name="Test Cases/nc_cp_login_test" classname="Test Cases/nc_cp_login_test" status="PASSED">
         <system-out><![CDATA[2018-09-26 10:55:24 - [TEST_CASE][PASSED] - Test Cases/nc_cp_login_test: Test Cases/nc_cp_login_test

2018-09-26 10:55:25 - [TEST_STEP][PASSED] - openBrowser: Browser is opened with url: 'https://360.netcourier.net/metafour-auth/authenticate?appId=clon&accessCode=&continue=/online/authenticated'

2018-09-26 10:55:33 - [MESSAGE][PASSED] - Browser is opened with url: 'https://360.netcourier.net/metafour-auth/authenticate?appId=clon&accessCode=&continue=/online/authenticated'

2018-09-26 10:55:33 - [TEST_STEP][PASSED] - navigateToUrl: Navigate to 'https://360.netcourier.net/metafour-auth/authenticate?appId=clon&accessCode=&continue=/online/authenticated' successfully

2018-09-26 10:55:34 - [MESSAGE][PASSED] - Navigate to 'https://360.netcourier.net/metafour-auth/authenticate?appId=clon&accessCode=&continue=/online/authenticated' successfully

2018-09-26 10:55:34 - [TEST_STEP][PASSED] - setText: Text 'dumm' is set on object 'Object Repository/Page_Metafour User Login/input_Login_access_code'

2018-09-26 10:55:34 - [MESSAGE][PASSED] - Text 'dumm' is set on object 'Object Repository/Page_Metafour User Login/input_Login_access_code'

2018-09-26 10:55:34 - [TEST_STEP][PASSED] - setText: Text 'Jony' is set on object 'Object Repository/Page_Metafour User Login/input_Login_login'

2018-09-26 10:55:34 - [MESSAGE][PASSED] - Text 'Jony' is set on object 'Object Repository/Page_Metafour User Login/input_Login_login'

2018-09-26 10:55:34 - [TEST_STEP][PASSED] - setText: Text '1234' is set on object 'Object Repository/Page_Metafour User Login/input_Login_j_password'

2018-09-26 10:55:34 - [MESSAGE][PASSED] - Text '1234' is set on object 'Object Repository/Page_Metafour User Login/input_Login_j_password'

2018-09-26 10:55:34 - [TEST_STEP][PASSED] - click: Object: 'Object Repository/Page_Metafour User Login/button_Sign in' is clicked on

2018-09-26 10:55:39 - [MESSAGE][PASSED] - Object: 'Object Repository/Page_Metafour User Login/button_Sign in' is clicked on

2018-09-26 10:55:39 - [TEST_STEP][PASSED] - delay: Delayed 3 second(s)

2018-09-26 10:55:42 - [MESSAGE][PASSED] - Delayed 3 second(s)

2018-09-26 10:55:42 - [TEST_STEP][PASSED] - verifyElementNotPresent: Web element with id: 'Object Repository/Page_Metafour User Login/div_Sorry login failed' located by 'By.xpath: //div[@id='customerrormessagediv']' is not present after '30' second(s)

2018-09-26 10:55:42 - [MESSAGE][WARNING] - Timeout '0' is invalid. Using default page load timeout: '30'

2018-09-26 10:55:42 - [MESSAGE][PASSED] - Web element with id: 'Object Repository/Page_Metafour User Login/div_Sorry login failed' located by 'By.xpath: //div[@id='customerrormessagediv']' is not present after '30' second(s)

2018-09-26 10:55:42 - [TEST_STEP][PASSED] - closeBrowser: Browser is closed

2018-09-26 10:55:43 - [MESSAGE][PASSED] - Browser is closed]]></system-out>
         <system-err><![CDATA[]]></system-err>
      </testcase>
      <testcase name="Test Cases/nc_cp_login_test" classname="Test Cases/nc_cp_login_test" status="PASSED">
         <system-out><![CDATA[2018-09-26 10:55:43 - [TEST_CASE][PASSED] - Test Cases/nc_cp_login_test: Test Cases/nc_cp_login_test

2018-09-26 10:55:43 - [TEST_STEP][PASSED] - openBrowser: Browser is opened with url: 'https://ateamexpress.netcourier.net/metafour-auth/authenticate?appId=clon&accessCode=&continue=/online/authenticated'

2018-09-26 10:55:50 - [MESSAGE][PASSED] - Browser is opened with url: 'https://ateamexpress.netcourier.net/metafour-auth/authenticate?appId=clon&accessCode=&continue=/online/authenticated'

2018-09-26 10:55:50 - [TEST_STEP][PASSED] - navigateToUrl: Navigate to 'https://ateamexpress.netcourier.net/metafour-auth/authenticate?appId=clon&accessCode=&continue=/online/authenticated' successfully

2018-09-26 10:55:50 - [MESSAGE][PASSED] - Navigate to 'https://ateamexpress.netcourier.net/metafour-auth/authenticate?appId=clon&accessCode=&continue=/online/authenticated' successfully

2018-09-26 10:55:50 - [TEST_STEP][PASSED] - setText: Text 'ACME' is set on object 'Object Repository/Page_Metafour User Login/input_Login_access_code'

2018-09-26 10:55:50 - [MESSAGE][PASSED] - Text 'ACME' is set on object 'Object Repository/Page_Metafour User Login/input_Login_access_code'

2018-09-26 10:55:50 - [TEST_STEP][PASSED] - setText: Text 'Jony' is set on object 'Object Repository/Page_Metafour User Login/input_Login_login'

2018-09-26 10:55:50 - [MESSAGE][PASSED] - Text 'Jony' is set on object 'Object Repository/Page_Metafour User Login/input_Login_login'

2018-09-26 10:55:50 - [TEST_STEP][PASSED] - setText: Text '1234' is set on object 'Object Repository/Page_Metafour User Login/input_Login_j_password'

2018-09-26 10:55:50 - [MESSAGE][PASSED] - Text '1234' is set on object 'Object Repository/Page_Metafour User Login/input_Login_j_password'

2018-09-26 10:55:50 - [TEST_STEP][PASSED] - click: Object: 'Object Repository/Page_Metafour User Login/button_Sign in' is clicked on

2018-09-26 10:55:55 - [MESSAGE][PASSED] - Object: 'Object Repository/Page_Metafour User Login/button_Sign in' is clicked on

2018-09-26 10:55:55 - [TEST_STEP][PASSED] - delay: Delayed 3 second(s)

2018-09-26 10:55:58 - [MESSAGE][PASSED] - Delayed 3 second(s)

2018-09-26 10:55:58 - [TEST_STEP][PASSED] - verifyElementNotPresent: Web element with id: 'Object Repository/Page_Metafour User Login/div_Sorry login failed' located by 'By.xpath: //div[@id='customerrormessagediv']' is not present after '30' second(s)

2018-09-26 10:55:58 - [MESSAGE][WARNING] - Timeout '0' is invalid. Using default page load timeout: '30'

2018-09-26 10:55:58 - [MESSAGE][PASSED] - Web element with id: 'Object Repository/Page_Metafour User Login/div_Sorry login failed' located by 'By.xpath: //div[@id='customerrormessagediv']' is not present after '30' second(s)

2018-09-26 10:55:58 - [TEST_STEP][PASSED] - closeBrowser: Browser is closed

2018-09-26 10:55:58 - [MESSAGE][PASSED] - Browser is closed]]></system-out>
         <system-err><![CDATA[]]></system-err>
      </testcase>
      <testcase name="Test Cases/nc_cp_login_test" classname="Test Cases/nc_cp_login_test" status="PASSED">
         <system-out><![CDATA[2018-09-26 10:55:58 - [TEST_CASE][PASSED] - Test Cases/nc_cp_login_test: Test Cases/nc_cp_login_test

2018-09-26 10:55:58 - [TEST_STEP][PASSED] - openBrowser: Browser is opened with url: 'http://aands.metafour.com/metafour-auth/authenticate?appId=clon&accessCode=&continue=/online/authenticated'

2018-09-26 10:56:04 - [MESSAGE][PASSED] - Browser is opened with url: 'http://aands.metafour.com/metafour-auth/authenticate?appId=clon&accessCode=&continue=/online/authenticated'

2018-09-26 10:56:04 - [TEST_STEP][PASSED] - navigateToUrl: Navigate to 'http://aands.metafour.com/metafour-auth/authenticate?appId=clon&accessCode=&continue=/online/authenticated' successfully

2018-09-26 10:56:05 - [MESSAGE][PASSED] - Navigate to 'http://aands.metafour.com/metafour-auth/authenticate?appId=clon&accessCode=&continue=/online/authenticated' successfully

2018-09-26 10:56:05 - [TEST_STEP][PASSED] - setText: Text 'dummy' is set on object 'Object Repository/Page_Metafour User Login/input_Login_access_code'

2018-09-26 10:56:05 - [MESSAGE][PASSED] - Text 'dummy' is set on object 'Object Repository/Page_Metafour User Login/input_Login_access_code'

2018-09-26 10:56:05 - [TEST_STEP][PASSED] - setText: Text 'clon' is set on object 'Object Repository/Page_Metafour User Login/input_Login_login'

2018-09-26 10:56:05 - [MESSAGE][PASSED] - Text 'clon' is set on object 'Object Repository/Page_Metafour User Login/input_Login_login'

2018-09-26 10:56:05 - [TEST_STEP][PASSED] - setText: Text 'clon' is set on object 'Object Repository/Page_Metafour User Login/input_Login_j_password'

2018-09-26 10:56:05 - [MESSAGE][PASSED] - Text 'clon' is set on object 'Object Repository/Page_Metafour User Login/input_Login_j_password'

2018-09-26 10:56:05 - [TEST_STEP][PASSED] - click: Object: 'Object Repository/Page_Metafour User Login/button_Sign in' is clicked on

2018-09-26 10:56:09 - [MESSAGE][PASSED] - Object: 'Object Repository/Page_Metafour User Login/button_Sign in' is clicked on

2018-09-26 10:56:09 - [TEST_STEP][PASSED] - delay: Delayed 3 second(s)

2018-09-26 10:56:12 - [MESSAGE][PASSED] - Delayed 3 second(s)

2018-09-26 10:56:12 - [TEST_STEP][PASSED] - verifyElementNotPresent: Web element with id: 'Object Repository/Page_Metafour User Login/div_Sorry login failed' located by 'By.xpath: //div[@id='customerrormessagediv']' is not present after '30' second(s)

2018-09-26 10:56:12 - [MESSAGE][WARNING] - Timeout '0' is invalid. Using default page load timeout: '30'

2018-09-26 10:56:12 - [MESSAGE][PASSED] - Web element with id: 'Object Repository/Page_Metafour User Login/div_Sorry login failed' located by 'By.xpath: //div[@id='customerrormessagediv']' is not present after '30' second(s)

2018-09-26 10:56:12 - [TEST_STEP][PASSED] - closeBrowser: Browser is closed

2018-09-26 10:56:13 - [MESSAGE][PASSED] - Browser is closed]]></system-out>
         <system-err><![CDATA[]]></system-err>
      </testcase>
      <testcase name="Test Cases/nc_cp_login_test" classname="Test Cases/nc_cp_login_test" status="FAILED">
         <failure type="FAILED" message="(Stack trace: com.kms.katalon.core.exception.StepFailedException: Unable to verify object 'Object Repository/Page_Metafour User Login/div_Sorry login failed' is not present (Root cause: Web element with id: 'Object Repository/Page_Metafour User Login/div_Sorry login failed' located by 'By.xpath: //div[@id='customerrormessagediv']' is present after '30' second(s))
	at com.kms.katalon.core.keyword.internal.KeywordMain.stepFailed(KeywordMain.groovy:36)
	at com.kms.katalon.core.webui.keyword.internal.WebUIKeywordMain.stepFailed(WebUIKeywordMain.groovy:65)
	at com.kms.katalon.core.webui.keyword.internal.WebUIKeywordMain.runKeyword(WebUIKeywordMain.groovy:27)
	at com.kms.katalon.core.webui.keyword.builtin.VerifyElementNotPresentKeyword.verifyElementNotPresent(VerifyElementNotPresentKeyword.groovy:118)
	at com.kms.katalon.core.webui.keyword.builtin.VerifyElementNotPresentKeyword.execute(VerifyElementNotPresentKeyword.groovy:68)
	at com.kms.katalon.core.keyword.internal.KeywordExecutor.executeKeywordForPlatform(KeywordExecutor.groovy:53)
	at com.kms.katalon.core.webui.keyword.WebUiBuiltInKeywords.verifyElementNotPresent(WebUiBuiltInKeywords.groovy:1467)
	at com.kms.katalon.core.webui.keyword.WebUiBuiltInKeywords$verifyElementNotPresent$3.call(Unknown Source)
	at Script1537190043452.run(Script1537190043452.groovy:31)
	at com.kms.katalon.core.main.ScriptEngine.run(ScriptEngine.java:183)
	at com.kms.katalon.core.main.ScriptEngine.runScriptAsRawText(ScriptEngine.java:108)
	at com.kms.katalon.core.main.TestCaseExecutor.runScript(TestCaseExecutor.java:294)
	at com.kms.katalon.core.main.TestCaseExecutor.doExecute(TestCaseExecutor.java:285)
	at com.kms.katalon.core.main.TestCaseExecutor.processExecutionPhase(TestCaseExecutor.java:264)
	at com.kms.katalon.core.main.TestCaseExecutor.accessMainPhase(TestCaseExecutor.java:256)
	at com.kms.katalon.core.main.TestCaseExecutor.execute(TestCaseExecutor.java:200)
	at com.kms.katalon.core.main.TestSuiteExecutor.accessTestCaseMainPhase(TestSuiteExecutor.java:129)
	at com.kms.katalon.core.main.TestSuiteExecutor.accessTestSuiteMainPhase(TestSuiteExecutor.java:112)
	at com.kms.katalon.core.main.TestSuiteExecutor.execute(TestSuiteExecutor.java:81)
	at com.kms.katalon.core.main.TestCaseMain.startTestSuite(TestCaseMain.java:142)
	at com.kms.katalon.core.main.TestCaseMain$startTestSuite$0.call(Unknown Source)
	at org.codehaus.groovy.runtime.callsite.CallSiteArray.defaultCall(CallSiteArray.java:48)
	at org.codehaus.groovy.runtime.callsite.AbstractCallSite.call(AbstractCallSite.java:113)
	at org.codehaus.groovy.runtime.callsite.AbstractCallSite.call(AbstractCallSite.java:141)
	at TempTestSuite1537937721688.run(TempTestSuite1537937721688.groovy:36)
	at groovy.lang.GroovyShell.runScriptOrMainOrTestOrRunnable(GroovyShell.java:263)
	at groovy.lang.GroovyShell.run(GroovyShell.java:518)
	at groovy.lang.GroovyShell.run(GroovyShell.java:507)
	at groovy.ui.GroovyMain.processOnce(GroovyMain.java:653)
	at groovy.ui.GroovyMain.run(GroovyMain.java:384)
	at groovy.ui.GroovyMain.process(GroovyMain.java:370)
	at groovy.ui.GroovyMain.processArgs(GroovyMain.java:129)
	at groovy.ui.GroovyMain.main(GroovyMain.java:109)
	at sun.reflect.NativeMethodAccessorImpl.invoke0(Native Method)
	at sun.reflect.NativeMethodAccessorImpl.invoke(NativeMethodAccessorImpl.java:62)
	at sun.reflect.DelegatingMethodAccessorImpl.invoke(DelegatingMethodAccessorImpl.java:43)
	at java.lang.reflect.Method.invoke(Method.java:498)
	at org.codehaus.groovy.tools.GroovyStarter.rootLoader(GroovyStarter.java:109)
	at org.codehaus.groovy.tools.GroovyStarter.main(GroovyStarter.java:131)
)"/>
         <system-out><![CDATA[2018-09-26 10:56:13 - [TEST_CASE][FAILED] - Test Cases/nc_cp_login_test: Test Cases/nc_cp_login_test FAILED because (of) (Stack trace: com.kms.katalon.core.exception.StepFailedException: Unable to verify object 'Object Repository/Page_Metafour User Login/div_Sorry login failed' is not present (Root cause: Web element with id: 'Object Repository/Page_Metafour User Login/div_Sorry login failed' located by 'By.xpath: //div[@id='customerrormessagediv']' is present after '30' second(s))
	at com.kms.katalon.core.keyword.internal.KeywordMain.stepFailed(KeywordMain.groovy:36)
	at com.kms.katalon.core.webui.keyword.internal.WebUIKeywordMain.stepFailed(WebUIKeywordMain.groovy:65)
	at com.kms.katalon.core.webui.keyword.internal.WebUIKeywordMain.runKeyword(WebUIKeywordMain.groovy:27)
	at com.kms.katalon.core.webui.keyword.builtin.VerifyElementNotPresentKeyword.verifyElementNotPresent(VerifyElementNotPresentKeyword.groovy:118)
	at com.kms.katalon.core.webui.keyword.builtin.VerifyElementNotPresentKeyword.execute(VerifyElementNotPresentKeyword.groovy:68)
	at com.kms.katalon.core.keyword.internal.KeywordExecutor.executeKeywordForPlatform(KeywordExecutor.groovy:53)
	at com.kms.katalon.core.webui.keyword.WebUiBuiltInKeywords.verifyElementNotPresent(WebUiBuiltInKeywords.groovy:1467)
	at com.kms.katalon.core.webui.keyword.WebUiBuiltInKeywords$verifyElementNotPresent$3.call(Unknown Source)
	at Script1537190043452.run(Script1537190043452.groovy:31)
	at com.kms.katalon.core.main.ScriptEngine.run(ScriptEngine.java:183)
	at com.kms.katalon.core.main.ScriptEngine.runScriptAsRawText(ScriptEngine.java:108)
	at com.kms.katalon.core.main.TestCaseExecutor.runScript(TestCaseExecutor.java:294)
	at com.kms.katalon.core.main.TestCaseExecutor.doExecute(TestCaseExecutor.java:285)
	at com.kms.katalon.core.main.TestCaseExecutor.processExecutionPhase(TestCaseExecutor.java:264)
	at com.kms.katalon.core.main.TestCaseExecutor.accessMainPhase(TestCaseExecutor.java:256)
	at com.kms.katalon.core.main.TestCaseExecutor.execute(TestCaseExecutor.java:200)
	at com.kms.katalon.core.main.TestSuiteExecutor.accessTestCaseMainPhase(TestSuiteExecutor.java:129)
	at com.kms.katalon.core.main.TestSuiteExecutor.accessTestSuiteMainPhase(TestSuiteExecutor.java:112)
	at com.kms.katalon.core.main.TestSuiteExecutor.execute(TestSuiteExecutor.java:81)
	at com.kms.katalon.core.main.TestCaseMain.startTestSuite(TestCaseMain.java:142)
	at com.kms.katalon.core.main.TestCaseMain$startTestSuite$0.call(Unknown Source)
	at org.codehaus.groovy.runtime.callsite.CallSiteArray.defaultCall(CallSiteArray.java:48)
	at org.codehaus.groovy.runtime.callsite.AbstractCallSite.call(AbstractCallSite.java:113)
	at org.codehaus.groovy.runtime.callsite.AbstractCallSite.call(AbstractCallSite.java:141)
	at TempTestSuite1537937721688.run(TempTestSuite1537937721688.groovy:36)
	at groovy.lang.GroovyShell.runScriptOrMainOrTestOrRunnable(GroovyShell.java:263)
	at groovy.lang.GroovyShell.run(GroovyShell.java:518)
	at groovy.lang.GroovyShell.run(GroovyShell.java:507)
	at groovy.ui.GroovyMain.processOnce(GroovyMain.java:653)
	at groovy.ui.GroovyMain.run(GroovyMain.java:384)
	at groovy.ui.GroovyMain.process(GroovyMain.java:370)
	at groovy.ui.GroovyMain.processArgs(GroovyMain.java:129)
	at groovy.ui.GroovyMain.main(GroovyMain.java:109)
	at sun.reflect.NativeMethodAccessorImpl.invoke0(Native Method)
	at sun.reflect.NativeMethodAccessorImpl.invoke(NativeMethodAccessorImpl.java:62)
	at sun.reflect.DelegatingMethodAccessorImpl.invoke(DelegatingMethodAccessorImpl.java:43)
	at java.lang.reflect.Method.invoke(Method.java:498)
	at org.codehaus.groovy.tools.GroovyStarter.rootLoader(GroovyStarter.java:109)
	at org.codehaus.groovy.tools.GroovyStarter.main(GroovyStarter.java:131)
)

2018-09-26 10:56:13 - [TEST_STEP][PASSED] - openBrowser: Browser is opened with url: 'https://addlee.netcourier.net/metafour-auth/authenticate?appId=clon&accessCode=&continue=/online/authenticated'

2018-09-26 10:56:18 - [MESSAGE][PASSED] - Browser is opened with url: 'https://addlee.netcourier.net/metafour-auth/authenticate?appId=clon&accessCode=&continue=/online/authenticated'

2018-09-26 10:56:18 - [TEST_STEP][PASSED] - navigateToUrl: Navigate to 'https://addlee.netcourier.net/metafour-auth/authenticate?appId=clon&accessCode=&continue=/online/authenticated' successfully

2018-09-26 10:56:18 - [MESSAGE][PASSED] - Navigate to 'https://addlee.netcourier.net/metafour-auth/authenticate?appId=clon&accessCode=&continue=/online/authenticated' successfully

2018-09-26 10:56:18 - [TEST_STEP][PASSED] - setText: Text 'dummy' is set on object 'Object Repository/Page_Metafour User Login/input_Login_access_code'

2018-09-26 10:56:18 - [MESSAGE][PASSED] - Text 'dummy' is set on object 'Object Repository/Page_Metafour User Login/input_Login_access_code'

2018-09-26 10:56:18 - [TEST_STEP][PASSED] - setText: Text 'Hasan' is set on object 'Object Repository/Page_Metafour User Login/input_Login_login'

2018-09-26 10:56:18 - [MESSAGE][PASSED] - Text 'Hasan' is set on object 'Object Repository/Page_Metafour User Login/input_Login_login'

2018-09-26 10:56:18 - [TEST_STEP][PASSED] - setText: Text 'MFasia%123' is set on object 'Object Repository/Page_Metafour User Login/input_Login_j_password'

2018-09-26 10:56:18 - [MESSAGE][PASSED] - Text 'MFasia%123' is set on object 'Object Repository/Page_Metafour User Login/input_Login_j_password'

2018-09-26 10:56:18 - [TEST_STEP][PASSED] - click: Object: 'Object Repository/Page_Metafour User Login/button_Sign in' is clicked on

2018-09-26 10:56:19 - [MESSAGE][PASSED] - Object: 'Object Repository/Page_Metafour User Login/button_Sign in' is clicked on

2018-09-26 10:56:19 - [TEST_STEP][PASSED] - delay: Delayed 3 second(s)

2018-09-26 10:56:22 - [MESSAGE][PASSED] - Delayed 3 second(s)

2018-09-26 10:56:22 - [TEST_STEP][FAILED] - verifyElementNotPresent: Unable to verify object 'Object Repository/Page_Metafour User Login/div_Sorry login failed' is not present (Root cause: Web element with id: 'Object Repository/Page_Metafour User Login/div_Sorry login failed' located by 'By.xpath: //div[@id='customerrormessagediv']' is present after '30' second(s))

2018-09-26 10:56:22 - [MESSAGE][WARNING] - Timeout '0' is invalid. Using default page load timeout: '30'

2018-09-26 10:56:53 - [MESSAGE][FAILED] - Web element with id: 'Object Repository/Page_Metafour User Login/div_Sorry login failed' located by 'By.xpath: //div[@id='customerrormessagediv']' is present after '30' second(s)
[[ATTACHMENT|C:\\Users\\mazha\\Katalon Studio\\m4-monitoring\\Reports\\nc-cp-bo-login-test-suit\\20180926_105521\\1537937813063.png]]

2018-09-26 10:56:53 - [MESSAGE][FAILED] - Unable to verify object 'Object Repository/Page_Metafour User Login/div_Sorry login failed' is not present (Root cause: Web element with id: 'Object Repository/Page_Metafour User Login/div_Sorry login failed' located by 'By.xpath: //div[@id='customerrormessagediv']' is present after '30' second(s))
[[ATTACHMENT|C:\\Users\\mazha\\Katalon Studio\\m4-monitoring\\Reports\\nc-cp-bo-login-test-suit\\20180926_105521\\1537937813330.png]]]]></system-out>
         <system-err><![CDATA[2018-09-26 10:56:13 - [TEST_CASE][FAILED] - Test Cases/nc_cp_login_test: Test Cases/nc_cp_login_test FAILED because (of) (Stack trace: com.kms.katalon.core.exception.StepFailedException: Unable to verify object 'Object Repository/Page_Metafour User Login/div_Sorry login failed' is not present (Root cause: Web element with id: 'Object Repository/Page_Metafour User Login/div_Sorry login failed' located by 'By.xpath: //div[@id='customerrormessagediv']' is present after '30' second(s))
	at com.kms.katalon.core.keyword.internal.KeywordMain.stepFailed(KeywordMain.groovy:36)
	at com.kms.katalon.core.webui.keyword.internal.WebUIKeywordMain.stepFailed(WebUIKeywordMain.groovy:65)
	at com.kms.katalon.core.webui.keyword.internal.WebUIKeywordMain.runKeyword(WebUIKeywordMain.groovy:27)
	at com.kms.katalon.core.webui.keyword.builtin.VerifyElementNotPresentKeyword.verifyElementNotPresent(VerifyElementNotPresentKeyword.groovy:118)
	at com.kms.katalon.core.webui.keyword.builtin.VerifyElementNotPresentKeyword.execute(VerifyElementNotPresentKeyword.groovy:68)
	at com.kms.katalon.core.keyword.internal.KeywordExecutor.executeKeywordForPlatform(KeywordExecutor.groovy:53)
	at com.kms.katalon.core.webui.keyword.WebUiBuiltInKeywords.verifyElementNotPresent(WebUiBuiltInKeywords.groovy:1467)
	at com.kms.katalon.core.webui.keyword.WebUiBuiltInKeywords$verifyElementNotPresent$3.call(Unknown Source)
	at Script1537190043452.run(Script1537190043452.groovy:31)
	at com.kms.katalon.core.main.ScriptEngine.run(ScriptEngine.java:183)
	at com.kms.katalon.core.main.ScriptEngine.runScriptAsRawText(ScriptEngine.java:108)
	at com.kms.katalon.core.main.TestCaseExecutor.runScript(TestCaseExecutor.java:294)
	at com.kms.katalon.core.main.TestCaseExecutor.doExecute(TestCaseExecutor.java:285)
	at com.kms.katalon.core.main.TestCaseExecutor.processExecutionPhase(TestCaseExecutor.java:264)
	at com.kms.katalon.core.main.TestCaseExecutor.accessMainPhase(TestCaseExecutor.java:256)
	at com.kms.katalon.core.main.TestCaseExecutor.execute(TestCaseExecutor.java:200)
	at com.kms.katalon.core.main.TestSuiteExecutor.accessTestCaseMainPhase(TestSuiteExecutor.java:129)
	at com.kms.katalon.core.main.TestSuiteExecutor.accessTestSuiteMainPhase(TestSuiteExecutor.java:112)
	at com.kms.katalon.core.main.TestSuiteExecutor.execute(TestSuiteExecutor.java:81)
	at com.kms.katalon.core.main.TestCaseMain.startTestSuite(TestCaseMain.java:142)
	at com.kms.katalon.core.main.TestCaseMain$startTestSuite$0.call(Unknown Source)
	at org.codehaus.groovy.runtime.callsite.CallSiteArray.defaultCall(CallSiteArray.java:48)
	at org.codehaus.groovy.runtime.callsite.AbstractCallSite.call(AbstractCallSite.java:113)
	at org.codehaus.groovy.runtime.callsite.AbstractCallSite.call(AbstractCallSite.java:141)
	at TempTestSuite1537937721688.run(TempTestSuite1537937721688.groovy:36)
	at groovy.lang.GroovyShell.runScriptOrMainOrTestOrRunnable(GroovyShell.java:263)
	at groovy.lang.GroovyShell.run(GroovyShell.java:518)
	at groovy.lang.GroovyShell.run(GroovyShell.java:507)
	at groovy.ui.GroovyMain.processOnce(GroovyMain.java:653)
	at groovy.ui.GroovyMain.run(GroovyMain.java:384)
	at groovy.ui.GroovyMain.process(GroovyMain.java:370)
	at groovy.ui.GroovyMain.processArgs(GroovyMain.java:129)
	at groovy.ui.GroovyMain.main(GroovyMain.java:109)
	at sun.reflect.NativeMethodAccessorImpl.invoke0(Native Method)
	at sun.reflect.NativeMethodAccessorImpl.invoke(NativeMethodAccessorImpl.java:62)
	at sun.reflect.DelegatingMethodAccessorImpl.invoke(DelegatingMethodAccessorImpl.java:43)
	at java.lang.reflect.Method.invoke(Method.java:498)
	at org.codehaus.groovy.tools.GroovyStarter.rootLoader(GroovyStarter.java:109)
	at org.codehaus.groovy.tools.GroovyStarter.main(GroovyStarter.java:131)
)]]></system-err>
      </testcase>
      <testcase name="Test Cases/nc_cp_login_test" classname="Test Cases/nc_cp_login_test" status="FAILED">
         <failure type="FAILED" message="(Stack trace: com.kms.katalon.core.exception.StepFailedException: Unable to set text 'dummy' of object 'Object Repository/Page_Metafour User Login/input_Login_access_code' (Root cause: com.kms.katalon.core.webui.exception.WebElementNotFoundException: Web element with id: 'Object Repository/Page_Metafour User Login/input_Login_access_code' located by 'By.xpath: //input[@id='access_code']' not found)
	at com.kms.katalon.core.keyword.internal.KeywordMain.stepFailed(KeywordMain.groovy:36)
	at com.kms.katalon.core.webui.keyword.internal.WebUIKeywordMain.stepFailed(WebUIKeywordMain.groovy:65)
	at com.kms.katalon.core.webui.keyword.internal.WebUIKeywordMain.runKeyword(WebUIKeywordMain.groovy:27)
	at com.kms.katalon.core.webui.keyword.builtin.SetTextKeyword.setText(SetTextKeyword.groovy:65)
	at com.kms.katalon.core.webui.keyword.builtin.SetTextKeyword.execute(SetTextKeyword.groovy:37)
	at com.kms.katalon.core.keyword.internal.KeywordExecutor.executeKeywordForPlatform(KeywordExecutor.groovy:53)
	at com.kms.katalon.core.webui.keyword.WebUiBuiltInKeywords.setText(WebUiBuiltInKeywords.groovy:950)
	at com.kms.katalon.core.webui.keyword.WebUiBuiltInKeywords$setText$1.call(Unknown Source)
	at Script1537190043452.run(Script1537190043452.groovy:21)
	at com.kms.katalon.core.main.ScriptEngine.run(ScriptEngine.java:183)
	at com.kms.katalon.core.main.ScriptEngine.runScriptAsRawText(ScriptEngine.java:108)
	at com.kms.katalon.core.main.TestCaseExecutor.runScript(TestCaseExecutor.java:294)
	at com.kms.katalon.core.main.TestCaseExecutor.doExecute(TestCaseExecutor.java:285)
	at com.kms.katalon.core.main.TestCaseExecutor.processExecutionPhase(TestCaseExecutor.java:264)
	at com.kms.katalon.core.main.TestCaseExecutor.accessMainPhase(TestCaseExecutor.java:256)
	at com.kms.katalon.core.main.TestCaseExecutor.execute(TestCaseExecutor.java:200)
	at com.kms.katalon.core.main.TestSuiteExecutor.accessTestCaseMainPhase(TestSuiteExecutor.java:129)
	at com.kms.katalon.core.main.TestSuiteExecutor.accessTestSuiteMainPhase(TestSuiteExecutor.java:112)
	at com.kms.katalon.core.main.TestSuiteExecutor.execute(TestSuiteExecutor.java:81)
	at com.kms.katalon.core.main.TestCaseMain.startTestSuite(TestCaseMain.java:142)
	at com.kms.katalon.core.main.TestCaseMain$startTestSuite$0.call(Unknown Source)
	at org.codehaus.groovy.runtime.callsite.CallSiteArray.defaultCall(CallSiteArray.java:48)
	at org.codehaus.groovy.runtime.callsite.AbstractCallSite.call(AbstractCallSite.java:113)
	at org.codehaus.groovy.runtime.callsite.AbstractCallSite.call(AbstractCallSite.java:141)
	at TempTestSuite1537937721688.run(TempTestSuite1537937721688.groovy:36)
	at groovy.lang.GroovyShell.runScriptOrMainOrTestOrRunnable(GroovyShell.java:263)
	at groovy.lang.GroovyShell.run(GroovyShell.java:518)
	at groovy.lang.GroovyShell.run(GroovyShell.java:507)
	at groovy.ui.GroovyMain.processOnce(GroovyMain.java:653)
	at groovy.ui.GroovyMain.run(GroovyMain.java:384)
	at groovy.ui.GroovyMain.process(GroovyMain.java:370)
	at groovy.ui.GroovyMain.processArgs(GroovyMain.java:129)
	at groovy.ui.GroovyMain.main(GroovyMain.java:109)
	at sun.reflect.NativeMethodAccessorImpl.invoke0(Native Method)
	at sun.reflect.NativeMethodAccessorImpl.invoke(NativeMethodAccessorImpl.java:62)
	at sun.reflect.DelegatingMethodAccessorImpl.invoke(DelegatingMethodAccessorImpl.java:43)
	at java.lang.reflect.Method.invoke(Method.java:498)
	at org.codehaus.groovy.tools.GroovyStarter.rootLoader(GroovyStarter.java:109)
	at org.codehaus.groovy.tools.GroovyStarter.main(GroovyStarter.java:131)
)"/>
         <system-out><![CDATA[2018-09-26 10:56:53 - [TEST_CASE][FAILED] - Test Cases/nc_cp_login_test: Test Cases/nc_cp_login_test FAILED because (of) (Stack trace: com.kms.katalon.core.exception.StepFailedException: Unable to set text 'dummy' of object 'Object Repository/Page_Metafour User Login/input_Login_access_code' (Root cause: com.kms.katalon.core.webui.exception.WebElementNotFoundException: Web element with id: 'Object Repository/Page_Metafour User Login/input_Login_access_code' located by 'By.xpath: //input[@id='access_code']' not found)
	at com.kms.katalon.core.keyword.internal.KeywordMain.stepFailed(KeywordMain.groovy:36)
	at com.kms.katalon.core.webui.keyword.internal.WebUIKeywordMain.stepFailed(WebUIKeywordMain.groovy:65)
	at com.kms.katalon.core.webui.keyword.internal.WebUIKeywordMain.runKeyword(WebUIKeywordMain.groovy:27)
	at com.kms.katalon.core.webui.keyword.builtin.SetTextKeyword.setText(SetTextKeyword.groovy:65)
	at com.kms.katalon.core.webui.keyword.builtin.SetTextKeyword.execute(SetTextKeyword.groovy:37)
	at com.kms.katalon.core.keyword.internal.KeywordExecutor.executeKeywordForPlatform(KeywordExecutor.groovy:53)
	at com.kms.katalon.core.webui.keyword.WebUiBuiltInKeywords.setText(WebUiBuiltInKeywords.groovy:950)
	at com.kms.katalon.core.webui.keyword.WebUiBuiltInKeywords$setText$1.call(Unknown Source)
	at Script1537190043452.run(Script1537190043452.groovy:21)
	at com.kms.katalon.core.main.ScriptEngine.run(ScriptEngine.java:183)
	at com.kms.katalon.core.main.ScriptEngine.runScriptAsRawText(ScriptEngine.java:108)
	at com.kms.katalon.core.main.TestCaseExecutor.runScript(TestCaseExecutor.java:294)
	at com.kms.katalon.core.main.TestCaseExecutor.doExecute(TestCaseExecutor.java:285)
	at com.kms.katalon.core.main.TestCaseExecutor.processExecutionPhase(TestCaseExecutor.java:264)
	at com.kms.katalon.core.main.TestCaseExecutor.accessMainPhase(TestCaseExecutor.java:256)
	at com.kms.katalon.core.main.TestCaseExecutor.execute(TestCaseExecutor.java:200)
	at com.kms.katalon.core.main.TestSuiteExecutor.accessTestCaseMainPhase(TestSuiteExecutor.java:129)
	at com.kms.katalon.core.main.TestSuiteExecutor.accessTestSuiteMainPhase(TestSuiteExecutor.java:112)
	at com.kms.katalon.core.main.TestSuiteExecutor.execute(TestSuiteExecutor.java:81)
	at com.kms.katalon.core.main.TestCaseMain.startTestSuite(TestCaseMain.java:142)
	at com.kms.katalon.core.main.TestCaseMain$startTestSuite$0.call(Unknown Source)
	at org.codehaus.groovy.runtime.callsite.CallSiteArray.defaultCall(CallSiteArray.java:48)
	at org.codehaus.groovy.runtime.callsite.AbstractCallSite.call(AbstractCallSite.java:113)
	at org.codehaus.groovy.runtime.callsite.AbstractCallSite.call(AbstractCallSite.java:141)
	at TempTestSuite1537937721688.run(TempTestSuite1537937721688.groovy:36)
	at groovy.lang.GroovyShell.runScriptOrMainOrTestOrRunnable(GroovyShell.java:263)
	at groovy.lang.GroovyShell.run(GroovyShell.java:518)
	at groovy.lang.GroovyShell.run(GroovyShell.java:507)
	at groovy.ui.GroovyMain.processOnce(GroovyMain.java:653)
	at groovy.ui.GroovyMain.run(GroovyMain.java:384)
	at groovy.ui.GroovyMain.process(GroovyMain.java:370)
	at groovy.ui.GroovyMain.processArgs(GroovyMain.java:129)
	at groovy.ui.GroovyMain.main(GroovyMain.java:109)
	at sun.reflect.NativeMethodAccessorImpl.invoke0(Native Method)
	at sun.reflect.NativeMethodAccessorImpl.invoke(NativeMethodAccessorImpl.java:62)
	at sun.reflect.DelegatingMethodAccessorImpl.invoke(DelegatingMethodAccessorImpl.java:43)
	at java.lang.reflect.Method.invoke(Method.java:498)
	at org.codehaus.groovy.tools.GroovyStarter.rootLoader(GroovyStarter.java:109)
	at org.codehaus.groovy.tools.GroovyStarter.main(GroovyStarter.java:131)
)

2018-09-26 10:56:53 - [TEST_STEP][PASSED] - openBrowser: Browser is opened with url: 'http://aci.metafour.com/metafour-auth/authenticate?appId=clon&accessCode=&continue=/online/authenticated'

2018-09-26 10:56:53 - [MESSAGE][WARNING] - A browser is already opened. Closing browser and opening a new one

2018-09-26 10:57:30 - [MESSAGE][PASSED] - Browser is opened with url: 'http://aci.metafour.com/metafour-auth/authenticate?appId=clon&accessCode=&continue=/online/authenticated'

2018-09-26 10:57:30 - [TEST_STEP][PASSED] - navigateToUrl: Navigate to 'http://aci.metafour.com/metafour-auth/authenticate?appId=clon&accessCode=&continue=/online/authenticated' successfully

2018-09-26 10:57:30 - [MESSAGE][PASSED] - Navigate to 'http://aci.metafour.com/metafour-auth/authenticate?appId=clon&accessCode=&continue=/online/authenticated' successfully

2018-09-26 10:57:30 - [TEST_STEP][FAILED] - setText: Unable to set text 'dummy' of object 'Object Repository/Page_Metafour User Login/input_Login_access_code' (Root cause: com.kms.katalon.core.webui.exception.WebElementNotFoundException: Web element with id: 'Object Repository/Page_Metafour User Login/input_Login_access_code' located by 'By.xpath: //input[@id='access_code']' not found)

2018-09-26 10:58:02 - [MESSAGE][FAILED] - Unable to set text 'dummy' of object 'Object Repository/Page_Metafour User Login/input_Login_access_code' (Root cause: com.kms.katalon.core.webui.exception.WebElementNotFoundException: Web element with id: 'Object Repository/Page_Metafour User Login/input_Login_access_code' located by 'By.xpath: //input[@id='access_code']' not found)
[[ATTACHMENT|C:\\Users\\mazha\\Katalon Studio\\m4-monitoring\\Reports\\nc-cp-bo-login-test-suit\\20180926_105521\\1537937882079.png]]]]></system-out>
         <system-err><![CDATA[2018-09-26 10:56:53 - [TEST_CASE][FAILED] - Test Cases/nc_cp_login_test: Test Cases/nc_cp_login_test FAILED because (of) (Stack trace: com.kms.katalon.core.exception.StepFailedException: Unable to set text 'dummy' of object 'Object Repository/Page_Metafour User Login/input_Login_access_code' (Root cause: com.kms.katalon.core.webui.exception.WebElementNotFoundException: Web element with id: 'Object Repository/Page_Metafour User Login/input_Login_access_code' located by 'By.xpath: //input[@id='access_code']' not found)
	at com.kms.katalon.core.keyword.internal.KeywordMain.stepFailed(KeywordMain.groovy:36)
	at com.kms.katalon.core.webui.keyword.internal.WebUIKeywordMain.stepFailed(WebUIKeywordMain.groovy:65)
	at com.kms.katalon.core.webui.keyword.internal.WebUIKeywordMain.runKeyword(WebUIKeywordMain.groovy:27)
	at com.kms.katalon.core.webui.keyword.builtin.SetTextKeyword.setText(SetTextKeyword.groovy:65)
	at com.kms.katalon.core.webui.keyword.builtin.SetTextKeyword.execute(SetTextKeyword.groovy:37)
	at com.kms.katalon.core.keyword.internal.KeywordExecutor.executeKeywordForPlatform(KeywordExecutor.groovy:53)
	at com.kms.katalon.core.webui.keyword.WebUiBuiltInKeywords.setText(WebUiBuiltInKeywords.groovy:950)
	at com.kms.katalon.core.webui.keyword.WebUiBuiltInKeywords$setText$1.call(Unknown Source)
	at Script1537190043452.run(Script1537190043452.groovy:21)
	at com.kms.katalon.core.main.ScriptEngine.run(ScriptEngine.java:183)
	at com.kms.katalon.core.main.ScriptEngine.runScriptAsRawText(ScriptEngine.java:108)
	at com.kms.katalon.core.main.TestCaseExecutor.runScript(TestCaseExecutor.java:294)
	at com.kms.katalon.core.main.TestCaseExecutor.doExecute(TestCaseExecutor.java:285)
	at com.kms.katalon.core.main.TestCaseExecutor.processExecutionPhase(TestCaseExecutor.java:264)
	at com.kms.katalon.core.main.TestCaseExecutor.accessMainPhase(TestCaseExecutor.java:256)
	at com.kms.katalon.core.main.TestCaseExecutor.execute(TestCaseExecutor.java:200)
	at com.kms.katalon.core.main.TestSuiteExecutor.accessTestCaseMainPhase(TestSuiteExecutor.java:129)
	at com.kms.katalon.core.main.TestSuiteExecutor.accessTestSuiteMainPhase(TestSuiteExecutor.java:112)
	at com.kms.katalon.core.main.TestSuiteExecutor.execute(TestSuiteExecutor.java:81)
	at com.kms.katalon.core.main.TestCaseMain.startTestSuite(TestCaseMain.java:142)
	at com.kms.katalon.core.main.TestCaseMain$startTestSuite$0.call(Unknown Source)
	at org.codehaus.groovy.runtime.callsite.CallSiteArray.defaultCall(CallSiteArray.java:48)
	at org.codehaus.groovy.runtime.callsite.AbstractCallSite.call(AbstractCallSite.java:113)
	at org.codehaus.groovy.runtime.callsite.AbstractCallSite.call(AbstractCallSite.java:141)
	at TempTestSuite1537937721688.run(TempTestSuite1537937721688.groovy:36)
	at groovy.lang.GroovyShell.runScriptOrMainOrTestOrRunnable(GroovyShell.java:263)
	at groovy.lang.GroovyShell.run(GroovyShell.java:518)
	at groovy.lang.GroovyShell.run(GroovyShell.java:507)
	at groovy.ui.GroovyMain.processOnce(GroovyMain.java:653)
	at groovy.ui.GroovyMain.run(GroovyMain.java:384)
	at groovy.ui.GroovyMain.process(GroovyMain.java:370)
	at groovy.ui.GroovyMain.processArgs(GroovyMain.java:129)
	at groovy.ui.GroovyMain.main(GroovyMain.java:109)
	at sun.reflect.NativeMethodAccessorImpl.invoke0(Native Method)
	at sun.reflect.NativeMethodAccessorImpl.invoke(NativeMethodAccessorImpl.java:62)
	at sun.reflect.DelegatingMethodAccessorImpl.invoke(DelegatingMethodAccessorImpl.java:43)
	at java.lang.reflect.Method.invoke(Method.java:498)
	at org.codehaus.groovy.tools.GroovyStarter.rootLoader(GroovyStarter.java:109)
	at org.codehaus.groovy.tools.GroovyStarter.main(GroovyStarter.java:131)
)]]></system-err>
      </testcase>
      <testcase name="Test Cases/nc_cp_login_test" classname="Test Cases/nc_cp_login_test" status="PASSED">
         <system-out><![CDATA[2018-09-26 10:58:02 - [TEST_CASE][PASSED] - Test Cases/nc_cp_login_test: Test Cases/nc_cp_login_test

2018-09-26 10:58:02 - [TEST_STEP][PASSED] - openBrowser: Browser is opened with url: 'https://ajww.netcourier.net/metafour-auth/authenticate?appId=clon&accessCode=&continue=/online/authenticated'

2018-09-26 10:58:02 - [MESSAGE][WARNING] - A browser is already opened. Closing browser and opening a new one

2018-09-26 10:58:08 - [MESSAGE][PASSED] - Browser is opened with url: 'https://ajww.netcourier.net/metafour-auth/authenticate?appId=clon&accessCode=&continue=/online/authenticated'

2018-09-26 10:58:08 - [TEST_STEP][PASSED] - navigateToUrl: Navigate to 'https://ajww.netcourier.net/metafour-auth/authenticate?appId=clon&accessCode=&continue=/online/authenticated' successfully

2018-09-26 10:58:08 - [MESSAGE][PASSED] - Navigate to 'https://ajww.netcourier.net/metafour-auth/authenticate?appId=clon&accessCode=&continue=/online/authenticated' successfully

2018-09-26 10:58:08 - [TEST_STEP][PASSED] - setText: Text 'dummy' is set on object 'Object Repository/Page_Metafour User Login/input_Login_access_code'

2018-09-26 10:58:08 - [MESSAGE][PASSED] - Text 'dummy' is set on object 'Object Repository/Page_Metafour User Login/input_Login_access_code'

2018-09-26 10:58:08 - [TEST_STEP][PASSED] - setText: Text 'clon' is set on object 'Object Repository/Page_Metafour User Login/input_Login_login'

2018-09-26 10:58:08 - [MESSAGE][PASSED] - Text 'clon' is set on object 'Object Repository/Page_Metafour User Login/input_Login_login'

2018-09-26 10:58:08 - [TEST_STEP][PASSED] - setText: Text 'clon' is set on object 'Object Repository/Page_Metafour User Login/input_Login_j_password'

2018-09-26 10:58:08 - [MESSAGE][PASSED] - Text 'clon' is set on object 'Object Repository/Page_Metafour User Login/input_Login_j_password'

2018-09-26 10:58:08 - [TEST_STEP][PASSED] - click: Object: 'Object Repository/Page_Metafour User Login/button_Sign in' is clicked on

2018-09-26 10:58:12 - [MESSAGE][PASSED] - Object: 'Object Repository/Page_Metafour User Login/button_Sign in' is clicked on

2018-09-26 10:58:12 - [TEST_STEP][PASSED] - delay: Delayed 3 second(s)

2018-09-26 10:58:15 - [MESSAGE][PASSED] - Delayed 3 second(s)

2018-09-26 10:58:15 - [TEST_STEP][PASSED] - verifyElementNotPresent: Web element with id: 'Object Repository/Page_Metafour User Login/div_Sorry login failed' located by 'By.xpath: //div[@id='customerrormessagediv']' is not present after '30' second(s)

2018-09-26 10:58:15 - [MESSAGE][WARNING] - Timeout '0' is invalid. Using default page load timeout: '30'

2018-09-26 10:58:15 - [MESSAGE][PASSED] - Web element with id: 'Object Repository/Page_Metafour User Login/div_Sorry login failed' located by 'By.xpath: //div[@id='customerrormessagediv']' is not present after '30' second(s)

2018-09-26 10:58:15 - [TEST_STEP][PASSED] - closeBrowser: Browser is closed

2018-09-26 10:58:15 - [MESSAGE][PASSED] - Browser is closed]]></system-out>
         <system-err><![CDATA[]]></system-err>
      </testcase>
      <testcase name="Test Cases/nc_cp_login_test" classname="Test Cases/nc_cp_login_test" status="PASSED">
         <system-out><![CDATA[2018-09-26 10:58:15 - [TEST_CASE][PASSED] - Test Cases/nc_cp_login_test: Test Cases/nc_cp_login_test

2018-09-26 10:58:15 - [TEST_STEP][PASSED] - openBrowser: Browser is opened with url: 'http://allenovery.netcourier.net/metafour-auth/authenticate?appId=clon&accessCode=&continue=/online/authenticated'

2018-09-26 10:58:21 - [MESSAGE][PASSED] - Browser is opened with url: 'http://allenovery.netcourier.net/metafour-auth/authenticate?appId=clon&accessCode=&continue=/online/authenticated'

2018-09-26 10:58:21 - [TEST_STEP][PASSED] - navigateToUrl: Navigate to 'http://allenovery.netcourier.net/metafour-auth/authenticate?appId=clon&accessCode=&continue=/online/authenticated' successfully

2018-09-26 10:58:21 - [MESSAGE][PASSED] - Navigate to 'http://allenovery.netcourier.net/metafour-auth/authenticate?appId=clon&accessCode=&continue=/online/authenticated' successfully

2018-09-26 10:58:21 - [TEST_STEP][PASSED] - setText: Text 'dummy' is set on object 'Object Repository/Page_Metafour User Login/input_Login_access_code'

2018-09-26 10:58:21 - [MESSAGE][PASSED] - Text 'dummy' is set on object 'Object Repository/Page_Metafour User Login/input_Login_access_code'

2018-09-26 10:58:21 - [TEST_STEP][PASSED] - setText: Text 'Hasan' is set on object 'Object Repository/Page_Metafour User Login/input_Login_login'

2018-09-26 10:58:21 - [MESSAGE][PASSED] - Text 'Hasan' is set on object 'Object Repository/Page_Metafour User Login/input_Login_login'

2018-09-26 10:58:21 - [TEST_STEP][PASSED] - setText: Text 'hasan' is set on object 'Object Repository/Page_Metafour User Login/input_Login_j_password'

2018-09-26 10:58:21 - [MESSAGE][PASSED] - Text 'hasan' is set on object 'Object Repository/Page_Metafour User Login/input_Login_j_password'

2018-09-26 10:58:21 - [TEST_STEP][PASSED] - click: Object: 'Object Repository/Page_Metafour User Login/button_Sign in' is clicked on

2018-09-26 10:58:25 - [MESSAGE][PASSED] - Object: 'Object Repository/Page_Metafour User Login/button_Sign in' is clicked on

2018-09-26 10:58:25 - [TEST_STEP][PASSED] - delay: Delayed 3 second(s)

2018-09-26 10:58:28 - [MESSAGE][PASSED] - Delayed 3 second(s)

2018-09-26 10:58:28 - [TEST_STEP][PASSED] - verifyElementNotPresent: Web element with id: 'Object Repository/Page_Metafour User Login/div_Sorry login failed' located by 'By.xpath: //div[@id='customerrormessagediv']' is not present after '30' second(s)

2018-09-26 10:58:28 - [MESSAGE][WARNING] - Timeout '0' is invalid. Using default page load timeout: '30'

2018-09-26 10:58:28 - [MESSAGE][PASSED] - Web element with id: 'Object Repository/Page_Metafour User Login/div_Sorry login failed' located by 'By.xpath: //div[@id='customerrormessagediv']' is not present after '30' second(s)

2018-09-26 10:58:28 - [TEST_STEP][PASSED] - closeBrowser: Browser is closed

2018-09-26 10:58:28 - [MESSAGE][PASSED] - Browser is closed]]></system-out>
         <system-err><![CDATA[]]></system-err>
      </testcase>
      <testcase name="Test Cases/nc_cp_login_test" classname="Test Cases/nc_cp_login_test" status="PASSED">
         <system-out><![CDATA[2018-09-26 10:58:28 - [TEST_CASE][PASSED] - Test Cases/nc_cp_login_test: Test Cases/nc_cp_login_test

2018-09-26 10:58:28 - [TEST_STEP][PASSED] - openBrowser: Browser is opened with url: 'https://ariestransport.netcourier.net/metafour-auth/authenticate?appId=clon&accessCode=&continue=/online/authenticated'

2018-09-26 10:58:34 - [MESSAGE][PASSED] - Browser is opened with url: 'https://ariestransport.netcourier.net/metafour-auth/authenticate?appId=clon&accessCode=&continue=/online/authenticated'

2018-09-26 10:58:34 - [TEST_STEP][PASSED] - navigateToUrl: Navigate to 'https://ariestransport.netcourier.net/metafour-auth/authenticate?appId=clon&accessCode=&continue=/online/authenticated' successfully

2018-09-26 10:58:35 - [MESSAGE][PASSED] - Navigate to 'https://ariestransport.netcourier.net/metafour-auth/authenticate?appId=clon&accessCode=&continue=/online/authenticated' successfully

2018-09-26 10:58:35 - [TEST_STEP][PASSED] - setText: Text 'Test' is set on object 'Object Repository/Page_Metafour User Login/input_Login_access_code'

2018-09-26 10:58:35 - [MESSAGE][PASSED] - Text 'Test' is set on object 'Object Repository/Page_Metafour User Login/input_Login_access_code'

2018-09-26 10:58:35 - [TEST_STEP][PASSED] - setText: Text 'Jony' is set on object 'Object Repository/Page_Metafour User Login/input_Login_login'

2018-09-26 10:58:35 - [MESSAGE][PASSED] - Text 'Jony' is set on object 'Object Repository/Page_Metafour User Login/input_Login_login'

2018-09-26 10:58:35 - [TEST_STEP][PASSED] - setText: Text '1234' is set on object 'Object Repository/Page_Metafour User Login/input_Login_j_password'

2018-09-26 10:58:35 - [MESSAGE][PASSED] - Text '1234' is set on object 'Object Repository/Page_Metafour User Login/input_Login_j_password'

2018-09-26 10:58:35 - [TEST_STEP][PASSED] - click: Object: 'Object Repository/Page_Metafour User Login/button_Sign in' is clicked on

2018-09-26 10:58:40 - [MESSAGE][PASSED] - Object: 'Object Repository/Page_Metafour User Login/button_Sign in' is clicked on

2018-09-26 10:58:40 - [TEST_STEP][PASSED] - delay: Delayed 3 second(s)

2018-09-26 10:58:43 - [MESSAGE][PASSED] - Delayed 3 second(s)

2018-09-26 10:58:43 - [TEST_STEP][PASSED] - verifyElementNotPresent: Web element with id: 'Object Repository/Page_Metafour User Login/div_Sorry login failed' located by 'By.xpath: //div[@id='customerrormessagediv']' is not present after '30' second(s)

2018-09-26 10:58:43 - [MESSAGE][WARNING] - Timeout '0' is invalid. Using default page load timeout: '30'

2018-09-26 10:58:43 - [MESSAGE][PASSED] - Web element with id: 'Object Repository/Page_Metafour User Login/div_Sorry login failed' located by 'By.xpath: //div[@id='customerrormessagediv']' is not present after '30' second(s)

2018-09-26 10:58:43 - [TEST_STEP][PASSED] - closeBrowser: Browser is closed

2018-09-26 10:58:43 - [MESSAGE][PASSED] - Browser is closed]]></system-out>
         <system-err><![CDATA[]]></system-err>
      </testcase>
      <testcase name="Test Cases/nc_cp_login_test" classname="Test Cases/nc_cp_login_test" status="PASSED">
         <system-out><![CDATA[2018-09-26 10:58:43 - [TEST_CASE][PASSED] - Test Cases/nc_cp_login_test: Test Cases/nc_cp_login_test

2018-09-26 10:58:43 - [TEST_STEP][PASSED] - openBrowser: Browser is opened with url: 'https://asialogistics.netcourier.net/metafour-auth/authenticate?appId=clon&accessCode=&continue=/online/authenticated'

2018-09-26 10:58:48 - [MESSAGE][PASSED] - Browser is opened with url: 'https://asialogistics.netcourier.net/metafour-auth/authenticate?appId=clon&accessCode=&continue=/online/authenticated'

2018-09-26 10:58:48 - [TEST_STEP][PASSED] - navigateToUrl: Navigate to 'https://asialogistics.netcourier.net/metafour-auth/authenticate?appId=clon&accessCode=&continue=/online/authenticated' successfully

2018-09-26 10:58:49 - [MESSAGE][PASSED] - Navigate to 'https://asialogistics.netcourier.net/metafour-auth/authenticate?appId=clon&accessCode=&continue=/online/authenticated' successfully

2018-09-26 10:58:49 - [TEST_STEP][PASSED] - setText: Text 'dummy' is set on object 'Object Repository/Page_Metafour User Login/input_Login_access_code'

2018-09-26 10:58:49 - [MESSAGE][PASSED] - Text 'dummy' is set on object 'Object Repository/Page_Metafour User Login/input_Login_access_code'

2018-09-26 10:58:49 - [TEST_STEP][PASSED] - setText: Text 'Jony' is set on object 'Object Repository/Page_Metafour User Login/input_Login_login'

2018-09-26 10:58:49 - [MESSAGE][PASSED] - Text 'Jony' is set on object 'Object Repository/Page_Metafour User Login/input_Login_login'

2018-09-26 10:58:49 - [TEST_STEP][PASSED] - setText: Text '2021' is set on object 'Object Repository/Page_Metafour User Login/input_Login_j_password'

2018-09-26 10:58:49 - [MESSAGE][PASSED] - Text '2021' is set on object 'Object Repository/Page_Metafour User Login/input_Login_j_password'

2018-09-26 10:58:49 - [TEST_STEP][PASSED] - click: Object: 'Object Repository/Page_Metafour User Login/button_Sign in' is clicked on

2018-09-26 10:58:52 - [MESSAGE][PASSED] - Object: 'Object Repository/Page_Metafour User Login/button_Sign in' is clicked on

2018-09-26 10:58:52 - [TEST_STEP][PASSED] - delay: Delayed 3 second(s)

2018-09-26 10:58:55 - [MESSAGE][PASSED] - Delayed 3 second(s)

2018-09-26 10:58:55 - [TEST_STEP][PASSED] - verifyElementNotPresent: Web element with id: 'Object Repository/Page_Metafour User Login/div_Sorry login failed' located by 'By.xpath: //div[@id='customerrormessagediv']' is not present after '30' second(s)

2018-09-26 10:58:55 - [MESSAGE][WARNING] - Timeout '0' is invalid. Using default page load timeout: '30'

2018-09-26 10:58:56 - [MESSAGE][PASSED] - Web element with id: 'Object Repository/Page_Metafour User Login/div_Sorry login failed' located by 'By.xpath: //div[@id='customerrormessagediv']' is not present after '30' second(s)

2018-09-26 10:58:56 - [TEST_STEP][PASSED] - closeBrowser: Browser is closed

2018-09-26 10:58:56 - [MESSAGE][PASSED] - Browser is closed]]></system-out>
         <system-err><![CDATA[]]></system-err>
      </testcase>
      <testcase name="Test Cases/nc_cp_login_test" classname="Test Cases/nc_cp_login_test" status="FAILED">
         <failure type="FAILED" message="(Stack trace: com.kms.katalon.core.exception.StepFailedException: Unable to verify object 'Object Repository/Page_Metafour User Login/div_Sorry login failed' is not present (Root cause: Web element with id: 'Object Repository/Page_Metafour User Login/div_Sorry login failed' located by 'By.xpath: //div[@id='customerrormessagediv']' is present after '30' second(s))
	at com.kms.katalon.core.keyword.internal.KeywordMain.stepFailed(KeywordMain.groovy:36)
	at com.kms.katalon.core.webui.keyword.internal.WebUIKeywordMain.stepFailed(WebUIKeywordMain.groovy:65)
	at com.kms.katalon.core.webui.keyword.internal.WebUIKeywordMain.runKeyword(WebUIKeywordMain.groovy:27)
	at com.kms.katalon.core.webui.keyword.builtin.VerifyElementNotPresentKeyword.verifyElementNotPresent(VerifyElementNotPresentKeyword.groovy:118)
	at com.kms.katalon.core.webui.keyword.builtin.VerifyElementNotPresentKeyword.execute(VerifyElementNotPresentKeyword.groovy:68)
	at com.kms.katalon.core.keyword.internal.KeywordExecutor.executeKeywordForPlatform(KeywordExecutor.groovy:53)
	at com.kms.katalon.core.webui.keyword.WebUiBuiltInKeywords.verifyElementNotPresent(WebUiBuiltInKeywords.groovy:1467)
	at com.kms.katalon.core.webui.keyword.WebUiBuiltInKeywords$verifyElementNotPresent$3.call(Unknown Source)
	at Script1537190043452.run(Script1537190043452.groovy:31)
	at com.kms.katalon.core.main.ScriptEngine.run(ScriptEngine.java:183)
	at com.kms.katalon.core.main.ScriptEngine.runScriptAsRawText(ScriptEngine.java:108)
	at com.kms.katalon.core.main.TestCaseExecutor.runScript(TestCaseExecutor.java:294)
	at com.kms.katalon.core.main.TestCaseExecutor.doExecute(TestCaseExecutor.java:285)
	at com.kms.katalon.core.main.TestCaseExecutor.processExecutionPhase(TestCaseExecutor.java:264)
	at com.kms.katalon.core.main.TestCaseExecutor.accessMainPhase(TestCaseExecutor.java:256)
	at com.kms.katalon.core.main.TestCaseExecutor.execute(TestCaseExecutor.java:200)
	at com.kms.katalon.core.main.TestSuiteExecutor.accessTestCaseMainPhase(TestSuiteExecutor.java:129)
	at com.kms.katalon.core.main.TestSuiteExecutor.accessTestSuiteMainPhase(TestSuiteExecutor.java:112)
	at com.kms.katalon.core.main.TestSuiteExecutor.execute(TestSuiteExecutor.java:81)
	at com.kms.katalon.core.main.TestCaseMain.startTestSuite(TestCaseMain.java:142)
	at com.kms.katalon.core.main.TestCaseMain$startTestSuite$0.call(Unknown Source)
	at org.codehaus.groovy.runtime.callsite.CallSiteArray.defaultCall(CallSiteArray.java:48)
	at org.codehaus.groovy.runtime.callsite.AbstractCallSite.call(AbstractCallSite.java:113)
	at org.codehaus.groovy.runtime.callsite.AbstractCallSite.call(AbstractCallSite.java:141)
	at TempTestSuite1537937721688.run(TempTestSuite1537937721688.groovy:36)
	at groovy.lang.GroovyShell.runScriptOrMainOrTestOrRunnable(GroovyShell.java:263)
	at groovy.lang.GroovyShell.run(GroovyShell.java:518)
	at groovy.lang.GroovyShell.run(GroovyShell.java:507)
	at groovy.ui.GroovyMain.processOnce(GroovyMain.java:653)
	at groovy.ui.GroovyMain.run(GroovyMain.java:384)
	at groovy.ui.GroovyMain.process(GroovyMain.java:370)
	at groovy.ui.GroovyMain.processArgs(GroovyMain.java:129)
	at groovy.ui.GroovyMain.main(GroovyMain.java:109)
	at sun.reflect.NativeMethodAccessorImpl.invoke0(Native Method)
	at sun.reflect.NativeMethodAccessorImpl.invoke(NativeMethodAccessorImpl.java:62)
	at sun.reflect.DelegatingMethodAccessorImpl.invoke(DelegatingMethodAccessorImpl.java:43)
	at java.lang.reflect.Method.invoke(Method.java:498)
	at org.codehaus.groovy.tools.GroovyStarter.rootLoader(GroovyStarter.java:109)
	at org.codehaus.groovy.tools.GroovyStarter.main(GroovyStarter.java:131)
)"/>
         <system-out><![CDATA[2018-09-26 10:58:56 - [TEST_CASE][FAILED] - Test Cases/nc_cp_login_test: Test Cases/nc_cp_login_test FAILED because (of) (Stack trace: com.kms.katalon.core.exception.StepFailedException: Unable to verify object 'Object Repository/Page_Metafour User Login/div_Sorry login failed' is not present (Root cause: Web element with id: 'Object Repository/Page_Metafour User Login/div_Sorry login failed' located by 'By.xpath: //div[@id='customerrormessagediv']' is present after '30' second(s))
	at com.kms.katalon.core.keyword.internal.KeywordMain.stepFailed(KeywordMain.groovy:36)
	at com.kms.katalon.core.webui.keyword.internal.WebUIKeywordMain.stepFailed(WebUIKeywordMain.groovy:65)
	at com.kms.katalon.core.webui.keyword.internal.WebUIKeywordMain.runKeyword(WebUIKeywordMain.groovy:27)
	at com.kms.katalon.core.webui.keyword.builtin.VerifyElementNotPresentKeyword.verifyElementNotPresent(VerifyElementNotPresentKeyword.groovy:118)
	at com.kms.katalon.core.webui.keyword.builtin.VerifyElementNotPresentKeyword.execute(VerifyElementNotPresentKeyword.groovy:68)
	at com.kms.katalon.core.keyword.internal.KeywordExecutor.executeKeywordForPlatform(KeywordExecutor.groovy:53)
	at com.kms.katalon.core.webui.keyword.WebUiBuiltInKeywords.verifyElementNotPresent(WebUiBuiltInKeywords.groovy:1467)
	at com.kms.katalon.core.webui.keyword.WebUiBuiltInKeywords$verifyElementNotPresent$3.call(Unknown Source)
	at Script1537190043452.run(Script1537190043452.groovy:31)
	at com.kms.katalon.core.main.ScriptEngine.run(ScriptEngine.java:183)
	at com.kms.katalon.core.main.ScriptEngine.runScriptAsRawText(ScriptEngine.java:108)
	at com.kms.katalon.core.main.TestCaseExecutor.runScript(TestCaseExecutor.java:294)
	at com.kms.katalon.core.main.TestCaseExecutor.doExecute(TestCaseExecutor.java:285)
	at com.kms.katalon.core.main.TestCaseExecutor.processExecutionPhase(TestCaseExecutor.java:264)
	at com.kms.katalon.core.main.TestCaseExecutor.accessMainPhase(TestCaseExecutor.java:256)
	at com.kms.katalon.core.main.TestCaseExecutor.execute(TestCaseExecutor.java:200)
	at com.kms.katalon.core.main.TestSuiteExecutor.accessTestCaseMainPhase(TestSuiteExecutor.java:129)
	at com.kms.katalon.core.main.TestSuiteExecutor.accessTestSuiteMainPhase(TestSuiteExecutor.java:112)
	at com.kms.katalon.core.main.TestSuiteExecutor.execute(TestSuiteExecutor.java:81)
	at com.kms.katalon.core.main.TestCaseMain.startTestSuite(TestCaseMain.java:142)
	at com.kms.katalon.core.main.TestCaseMain$startTestSuite$0.call(Unknown Source)
	at org.codehaus.groovy.runtime.callsite.CallSiteArray.defaultCall(CallSiteArray.java:48)
	at org.codehaus.groovy.runtime.callsite.AbstractCallSite.call(AbstractCallSite.java:113)
	at org.codehaus.groovy.runtime.callsite.AbstractCallSite.call(AbstractCallSite.java:141)
	at TempTestSuite1537937721688.run(TempTestSuite1537937721688.groovy:36)
	at groovy.lang.GroovyShell.runScriptOrMainOrTestOrRunnable(GroovyShell.java:263)
	at groovy.lang.GroovyShell.run(GroovyShell.java:518)
	at groovy.lang.GroovyShell.run(GroovyShell.java:507)
	at groovy.ui.GroovyMain.processOnce(GroovyMain.java:653)
	at groovy.ui.GroovyMain.run(GroovyMain.java:384)
	at groovy.ui.GroovyMain.process(GroovyMain.java:370)
	at groovy.ui.GroovyMain.processArgs(GroovyMain.java:129)
	at groovy.ui.GroovyMain.main(GroovyMain.java:109)
	at sun.reflect.NativeMethodAccessorImpl.invoke0(Native Method)
	at sun.reflect.NativeMethodAccessorImpl.invoke(NativeMethodAccessorImpl.java:62)
	at sun.reflect.DelegatingMethodAccessorImpl.invoke(DelegatingMethodAccessorImpl.java:43)
	at java.lang.reflect.Method.invoke(Method.java:498)
	at org.codehaus.groovy.tools.GroovyStarter.rootLoader(GroovyStarter.java:109)
	at org.codehaus.groovy.tools.GroovyStarter.main(GroovyStarter.java:131)
)

2018-09-26 10:58:56 - [TEST_STEP][PASSED] - openBrowser: Browser is opened with url: 'https://avgo-eu.netcourier.net/metafour-auth/authenticate?appId=clon&accessCode=&continue=/online/authenticated'

2018-09-26 10:59:01 - [MESSAGE][PASSED] - Browser is opened with url: 'https://avgo-eu.netcourier.net/metafour-auth/authenticate?appId=clon&accessCode=&continue=/online/authenticated'

2018-09-26 10:59:01 - [TEST_STEP][PASSED] - navigateToUrl: Navigate to 'https://avgo-eu.netcourier.net/metafour-auth/authenticate?appId=clon&accessCode=&continue=/online/authenticated' successfully

2018-09-26 10:59:02 - [MESSAGE][PASSED] - Navigate to 'https://avgo-eu.netcourier.net/metafour-auth/authenticate?appId=clon&accessCode=&continue=/online/authenticated' successfully

2018-09-26 10:59:02 - [TEST_STEP][PASSED] - setText: Text 'DUMMY ASIA' is set on object 'Object Repository/Page_Metafour User Login/input_Login_access_code'

2018-09-26 10:59:02 - [MESSAGE][PASSED] - Text 'DUMMY ASIA' is set on object 'Object Repository/Page_Metafour User Login/input_Login_access_code'

2018-09-26 10:59:02 - [TEST_STEP][PASSED] - setText: Text 'Hasan' is set on object 'Object Repository/Page_Metafour User Login/input_Login_login'

2018-09-26 10:59:02 - [MESSAGE][PASSED] - Text 'Hasan' is set on object 'Object Repository/Page_Metafour User Login/input_Login_login'

2018-09-26 10:59:02 - [TEST_STEP][PASSED] - setText: Text 'hasan' is set on object 'Object Repository/Page_Metafour User Login/input_Login_j_password'

2018-09-26 10:59:02 - [MESSAGE][PASSED] - Text 'hasan' is set on object 'Object Repository/Page_Metafour User Login/input_Login_j_password'

2018-09-26 10:59:02 - [TEST_STEP][PASSED] - click: Object: 'Object Repository/Page_Metafour User Login/button_Sign in' is clicked on

2018-09-26 10:59:03 - [MESSAGE][PASSED] - Object: 'Object Repository/Page_Metafour User Login/button_Sign in' is clicked on

2018-09-26 10:59:03 - [TEST_STEP][PASSED] - delay: Delayed 3 second(s)

2018-09-26 10:59:06 - [MESSAGE][PASSED] - Delayed 3 second(s)

2018-09-26 10:59:06 - [TEST_STEP][FAILED] - verifyElementNotPresent: Unable to verify object 'Object Repository/Page_Metafour User Login/div_Sorry login failed' is not present (Root cause: Web element with id: 'Object Repository/Page_Metafour User Login/div_Sorry login failed' located by 'By.xpath: //div[@id='customerrormessagediv']' is present after '30' second(s))

2018-09-26 10:59:06 - [MESSAGE][WARNING] - Timeout '0' is invalid. Using default page load timeout: '30'

2018-09-26 10:59:36 - [MESSAGE][FAILED] - Web element with id: 'Object Repository/Page_Metafour User Login/div_Sorry login failed' located by 'By.xpath: //div[@id='customerrormessagediv']' is present after '30' second(s)
[[ATTACHMENT|C:\\Users\\mazha\\Katalon Studio\\m4-monitoring\\Reports\\nc-cp-bo-login-test-suit\\20180926_105521\\1537937976523.png]]

2018-09-26 10:59:37 - [MESSAGE][FAILED] - Unable to verify object 'Object Repository/Page_Metafour User Login/div_Sorry login failed' is not present (Root cause: Web element with id: 'Object Repository/Page_Metafour User Login/div_Sorry login failed' located by 'By.xpath: //div[@id='customerrormessagediv']' is present after '30' second(s))
[[ATTACHMENT|C:\\Users\\mazha\\Katalon Studio\\m4-monitoring\\Reports\\nc-cp-bo-login-test-suit\\20180926_105521\\1537937976771.png]]]]></system-out>
         <system-err><![CDATA[2018-09-26 10:58:56 - [TEST_CASE][FAILED] - Test Cases/nc_cp_login_test: Test Cases/nc_cp_login_test FAILED because (of) (Stack trace: com.kms.katalon.core.exception.StepFailedException: Unable to verify object 'Object Repository/Page_Metafour User Login/div_Sorry login failed' is not present (Root cause: Web element with id: 'Object Repository/Page_Metafour User Login/div_Sorry login failed' located by 'By.xpath: //div[@id='customerrormessagediv']' is present after '30' second(s))
	at com.kms.katalon.core.keyword.internal.KeywordMain.stepFailed(KeywordMain.groovy:36)
	at com.kms.katalon.core.webui.keyword.internal.WebUIKeywordMain.stepFailed(WebUIKeywordMain.groovy:65)
	at com.kms.katalon.core.webui.keyword.internal.WebUIKeywordMain.runKeyword(WebUIKeywordMain.groovy:27)
	at com.kms.katalon.core.webui.keyword.builtin.VerifyElementNotPresentKeyword.verifyElementNotPresent(VerifyElementNotPresentKeyword.groovy:118)
	at com.kms.katalon.core.webui.keyword.builtin.VerifyElementNotPresentKeyword.execute(VerifyElementNotPresentKeyword.groovy:68)
	at com.kms.katalon.core.keyword.internal.KeywordExecutor.executeKeywordForPlatform(KeywordExecutor.groovy:53)
	at com.kms.katalon.core.webui.keyword.WebUiBuiltInKeywords.verifyElementNotPresent(WebUiBuiltInKeywords.groovy:1467)
	at com.kms.katalon.core.webui.keyword.WebUiBuiltInKeywords$verifyElementNotPresent$3.call(Unknown Source)
	at Script1537190043452.run(Script1537190043452.groovy:31)
	at com.kms.katalon.core.main.ScriptEngine.run(ScriptEngine.java:183)
	at com.kms.katalon.core.main.ScriptEngine.runScriptAsRawText(ScriptEngine.java:108)
	at com.kms.katalon.core.main.TestCaseExecutor.runScript(TestCaseExecutor.java:294)
	at com.kms.katalon.core.main.TestCaseExecutor.doExecute(TestCaseExecutor.java:285)
	at com.kms.katalon.core.main.TestCaseExecutor.processExecutionPhase(TestCaseExecutor.java:264)
	at com.kms.katalon.core.main.TestCaseExecutor.accessMainPhase(TestCaseExecutor.java:256)
	at com.kms.katalon.core.main.TestCaseExecutor.execute(TestCaseExecutor.java:200)
	at com.kms.katalon.core.main.TestSuiteExecutor.accessTestCaseMainPhase(TestSuiteExecutor.java:129)
	at com.kms.katalon.core.main.TestSuiteExecutor.accessTestSuiteMainPhase(TestSuiteExecutor.java:112)
	at com.kms.katalon.core.main.TestSuiteExecutor.execute(TestSuiteExecutor.java:81)
	at com.kms.katalon.core.main.TestCaseMain.startTestSuite(TestCaseMain.java:142)
	at com.kms.katalon.core.main.TestCaseMain$startTestSuite$0.call(Unknown Source)
	at org.codehaus.groovy.runtime.callsite.CallSiteArray.defaultCall(CallSiteArray.java:48)
	at org.codehaus.groovy.runtime.callsite.AbstractCallSite.call(AbstractCallSite.java:113)
	at org.codehaus.groovy.runtime.callsite.AbstractCallSite.call(AbstractCallSite.java:141)
	at TempTestSuite1537937721688.run(TempTestSuite1537937721688.groovy:36)
	at groovy.lang.GroovyShell.runScriptOrMainOrTestOrRunnable(GroovyShell.java:263)
	at groovy.lang.GroovyShell.run(GroovyShell.java:518)
	at groovy.lang.GroovyShell.run(GroovyShell.java:507)
	at groovy.ui.GroovyMain.processOnce(GroovyMain.java:653)
	at groovy.ui.GroovyMain.run(GroovyMain.java:384)
	at groovy.ui.GroovyMain.process(GroovyMain.java:370)
	at groovy.ui.GroovyMain.processArgs(GroovyMain.java:129)
	at groovy.ui.GroovyMain.main(GroovyMain.java:109)
	at sun.reflect.NativeMethodAccessorImpl.invoke0(Native Method)
	at sun.reflect.NativeMethodAccessorImpl.invoke(NativeMethodAccessorImpl.java:62)
	at sun.reflect.DelegatingMethodAccessorImpl.invoke(DelegatingMethodAccessorImpl.java:43)
	at java.lang.reflect.Method.invoke(Method.java:498)
	at org.codehaus.groovy.tools.GroovyStarter.rootLoader(GroovyStarter.java:109)
	at org.codehaus.groovy.tools.GroovyStarter.main(GroovyStarter.java:131)
)]]></system-err>
      </testcase>
      <testcase name="Test Cases/nc_cp_login_test" classname="Test Cases/nc_cp_login_test" status="PASSED">
         <system-out><![CDATA[2018-09-26 10:59:37 - [TEST_CASE][PASSED] - Test Cases/nc_cp_login_test: Test Cases/nc_cp_login_test

2018-09-26 10:59:37 - [TEST_STEP][PASSED] - openBrowser: Browser is opened with url: 'https://avgo-uae.netcourier.net/metafour-auth/authenticate?appId=clon&accessCode=&continue=/online/authenticated'

2018-09-26 10:59:37 - [MESSAGE][WARNING] - A browser is already opened. Closing browser and opening a new one

2018-09-26 10:59:42 - [MESSAGE][PASSED] - Browser is opened with url: 'https://avgo-uae.netcourier.net/metafour-auth/authenticate?appId=clon&accessCode=&continue=/online/authenticated'

2018-09-26 10:59:42 - [TEST_STEP][PASSED] - navigateToUrl: Navigate to 'https://avgo-uae.netcourier.net/metafour-auth/authenticate?appId=clon&accessCode=&continue=/online/authenticated' successfully

2018-09-26 10:59:43 - [MESSAGE][PASSED] - Navigate to 'https://avgo-uae.netcourier.net/metafour-auth/authenticate?appId=clon&accessCode=&continue=/online/authenticated' successfully

2018-09-26 10:59:43 - [TEST_STEP][PASSED] - setText: Text 'Dummy' is set on object 'Object Repository/Page_Metafour User Login/input_Login_access_code'

2018-09-26 10:59:43 - [MESSAGE][PASSED] - Text 'Dummy' is set on object 'Object Repository/Page_Metafour User Login/input_Login_access_code'

2018-09-26 10:59:43 - [TEST_STEP][PASSED] - setText: Text 'Jony' is set on object 'Object Repository/Page_Metafour User Login/input_Login_login'

2018-09-26 10:59:43 - [MESSAGE][PASSED] - Text 'Jony' is set on object 'Object Repository/Page_Metafour User Login/input_Login_login'

2018-09-26 10:59:43 - [TEST_STEP][PASSED] - setText: Text '1234' is set on object 'Object Repository/Page_Metafour User Login/input_Login_j_password'

2018-09-26 10:59:43 - [MESSAGE][PASSED] - Text '1234' is set on object 'Object Repository/Page_Metafour User Login/input_Login_j_password'

2018-09-26 10:59:43 - [TEST_STEP][PASSED] - click: Object: 'Object Repository/Page_Metafour User Login/button_Sign in' is clicked on

2018-09-26 10:59:46 - [MESSAGE][PASSED] - Object: 'Object Repository/Page_Metafour User Login/button_Sign in' is clicked on

2018-09-26 10:59:46 - [TEST_STEP][PASSED] - delay: Delayed 3 second(s)

2018-09-26 10:59:50 - [MESSAGE][PASSED] - Delayed 3 second(s)

2018-09-26 10:59:50 - [TEST_STEP][PASSED] - verifyElementNotPresent: Web element with id: 'Object Repository/Page_Metafour User Login/div_Sorry login failed' located by 'By.xpath: //div[@id='customerrormessagediv']' is not present after '30' second(s)

2018-09-26 10:59:50 - [MESSAGE][WARNING] - Timeout '0' is invalid. Using default page load timeout: '30'

2018-09-26 10:59:50 - [MESSAGE][PASSED] - Web element with id: 'Object Repository/Page_Metafour User Login/div_Sorry login failed' located by 'By.xpath: //div[@id='customerrormessagediv']' is not present after '30' second(s)

2018-09-26 10:59:50 - [TEST_STEP][PASSED] - closeBrowser: Browser is closed

2018-09-26 10:59:50 - [MESSAGE][PASSED] - Browser is closed]]></system-out>
         <system-err><![CDATA[]]></system-err>
      </testcase>
      <testcase name="Test Cases/nc_cp_login_test" classname="Test Cases/nc_cp_login_test" status="FAILED">
         <failure type="FAILED" message="(Stack trace: com.kms.katalon.core.exception.StepFailedException: Unable to verify object 'Object Repository/Page_Metafour User Login/div_Sorry login failed' is not present (Root cause: Web element with id: 'Object Repository/Page_Metafour User Login/div_Sorry login failed' located by 'By.xpath: //div[@id='customerrormessagediv']' is present after '30' second(s))
	at com.kms.katalon.core.keyword.internal.KeywordMain.stepFailed(KeywordMain.groovy:36)
	at com.kms.katalon.core.webui.keyword.internal.WebUIKeywordMain.stepFailed(WebUIKeywordMain.groovy:65)
	at com.kms.katalon.core.webui.keyword.internal.WebUIKeywordMain.runKeyword(WebUIKeywordMain.groovy:27)
	at com.kms.katalon.core.webui.keyword.builtin.VerifyElementNotPresentKeyword.verifyElementNotPresent(VerifyElementNotPresentKeyword.groovy:118)
	at com.kms.katalon.core.webui.keyword.builtin.VerifyElementNotPresentKeyword.execute(VerifyElementNotPresentKeyword.groovy:68)
	at com.kms.katalon.core.keyword.internal.KeywordExecutor.executeKeywordForPlatform(KeywordExecutor.groovy:53)
	at com.kms.katalon.core.webui.keyword.WebUiBuiltInKeywords.verifyElementNotPresent(WebUiBuiltInKeywords.groovy:1467)
	at com.kms.katalon.core.webui.keyword.WebUiBuiltInKeywords$verifyElementNotPresent$3.call(Unknown Source)
	at Script1537190043452.run(Script1537190043452.groovy:31)
	at com.kms.katalon.core.main.ScriptEngine.run(ScriptEngine.java:183)
	at com.kms.katalon.core.main.ScriptEngine.runScriptAsRawText(ScriptEngine.java:108)
	at com.kms.katalon.core.main.TestCaseExecutor.runScript(TestCaseExecutor.java:294)
	at com.kms.katalon.core.main.TestCaseExecutor.doExecute(TestCaseExecutor.java:285)
	at com.kms.katalon.core.main.TestCaseExecutor.processExecutionPhase(TestCaseExecutor.java:264)
	at com.kms.katalon.core.main.TestCaseExecutor.accessMainPhase(TestCaseExecutor.java:256)
	at com.kms.katalon.core.main.TestCaseExecutor.execute(TestCaseExecutor.java:200)
	at com.kms.katalon.core.main.TestSuiteExecutor.accessTestCaseMainPhase(TestSuiteExecutor.java:129)
	at com.kms.katalon.core.main.TestSuiteExecutor.accessTestSuiteMainPhase(TestSuiteExecutor.java:112)
	at com.kms.katalon.core.main.TestSuiteExecutor.execute(TestSuiteExecutor.java:81)
	at com.kms.katalon.core.main.TestCaseMain.startTestSuite(TestCaseMain.java:142)
	at com.kms.katalon.core.main.TestCaseMain$startTestSuite$0.call(Unknown Source)
	at org.codehaus.groovy.runtime.callsite.CallSiteArray.defaultCall(CallSiteArray.java:48)
	at org.codehaus.groovy.runtime.callsite.AbstractCallSite.call(AbstractCallSite.java:113)
	at org.codehaus.groovy.runtime.callsite.AbstractCallSite.call(AbstractCallSite.java:141)
	at TempTestSuite1537937721688.run(TempTestSuite1537937721688.groovy:36)
	at groovy.lang.GroovyShell.runScriptOrMainOrTestOrRunnable(GroovyShell.java:263)
	at groovy.lang.GroovyShell.run(GroovyShell.java:518)
	at groovy.lang.GroovyShell.run(GroovyShell.java:507)
	at groovy.ui.GroovyMain.processOnce(GroovyMain.java:653)
	at groovy.ui.GroovyMain.run(GroovyMain.java:384)
	at groovy.ui.GroovyMain.process(GroovyMain.java:370)
	at groovy.ui.GroovyMain.processArgs(GroovyMain.java:129)
	at groovy.ui.GroovyMain.main(GroovyMain.java:109)
	at sun.reflect.NativeMethodAccessorImpl.invoke0(Native Method)
	at sun.reflect.NativeMethodAccessorImpl.invoke(NativeMethodAccessorImpl.java:62)
	at sun.reflect.DelegatingMethodAccessorImpl.invoke(DelegatingMethodAccessorImpl.java:43)
	at java.lang.reflect.Method.invoke(Method.java:498)
	at org.codehaus.groovy.tools.GroovyStarter.rootLoader(GroovyStarter.java:109)
	at org.codehaus.groovy.tools.GroovyStarter.main(GroovyStarter.java:131)
)"/>
         <system-out><![CDATA[2018-09-26 10:59:50 - [TEST_CASE][FAILED] - Test Cases/nc_cp_login_test: Test Cases/nc_cp_login_test FAILED because (of) (Stack trace: com.kms.katalon.core.exception.StepFailedException: Unable to verify object 'Object Repository/Page_Metafour User Login/div_Sorry login failed' is not present (Root cause: Web element with id: 'Object Repository/Page_Metafour User Login/div_Sorry login failed' located by 'By.xpath: //div[@id='customerrormessagediv']' is present after '30' second(s))
	at com.kms.katalon.core.keyword.internal.KeywordMain.stepFailed(KeywordMain.groovy:36)
	at com.kms.katalon.core.webui.keyword.internal.WebUIKeywordMain.stepFailed(WebUIKeywordMain.groovy:65)
	at com.kms.katalon.core.webui.keyword.internal.WebUIKeywordMain.runKeyword(WebUIKeywordMain.groovy:27)
	at com.kms.katalon.core.webui.keyword.builtin.VerifyElementNotPresentKeyword.verifyElementNotPresent(VerifyElementNotPresentKeyword.groovy:118)
	at com.kms.katalon.core.webui.keyword.builtin.VerifyElementNotPresentKeyword.execute(VerifyElementNotPresentKeyword.groovy:68)
	at com.kms.katalon.core.keyword.internal.KeywordExecutor.executeKeywordForPlatform(KeywordExecutor.groovy:53)
	at com.kms.katalon.core.webui.keyword.WebUiBuiltInKeywords.verifyElementNotPresent(WebUiBuiltInKeywords.groovy:1467)
	at com.kms.katalon.core.webui.keyword.WebUiBuiltInKeywords$verifyElementNotPresent$3.call(Unknown Source)
	at Script1537190043452.run(Script1537190043452.groovy:31)
	at com.kms.katalon.core.main.ScriptEngine.run(ScriptEngine.java:183)
	at com.kms.katalon.core.main.ScriptEngine.runScriptAsRawText(ScriptEngine.java:108)
	at com.kms.katalon.core.main.TestCaseExecutor.runScript(TestCaseExecutor.java:294)
	at com.kms.katalon.core.main.TestCaseExecutor.doExecute(TestCaseExecutor.java:285)
	at com.kms.katalon.core.main.TestCaseExecutor.processExecutionPhase(TestCaseExecutor.java:264)
	at com.kms.katalon.core.main.TestCaseExecutor.accessMainPhase(TestCaseExecutor.java:256)
	at com.kms.katalon.core.main.TestCaseExecutor.execute(TestCaseExecutor.java:200)
	at com.kms.katalon.core.main.TestSuiteExecutor.accessTestCaseMainPhase(TestSuiteExecutor.java:129)
	at com.kms.katalon.core.main.TestSuiteExecutor.accessTestSuiteMainPhase(TestSuiteExecutor.java:112)
	at com.kms.katalon.core.main.TestSuiteExecutor.execute(TestSuiteExecutor.java:81)
	at com.kms.katalon.core.main.TestCaseMain.startTestSuite(TestCaseMain.java:142)
	at com.kms.katalon.core.main.TestCaseMain$startTestSuite$0.call(Unknown Source)
	at org.codehaus.groovy.runtime.callsite.CallSiteArray.defaultCall(CallSiteArray.java:48)
	at org.codehaus.groovy.runtime.callsite.AbstractCallSite.call(AbstractCallSite.java:113)
	at org.codehaus.groovy.runtime.callsite.AbstractCallSite.call(AbstractCallSite.java:141)
	at TempTestSuite1537937721688.run(TempTestSuite1537937721688.groovy:36)
	at groovy.lang.GroovyShell.runScriptOrMainOrTestOrRunnable(GroovyShell.java:263)
	at groovy.lang.GroovyShell.run(GroovyShell.java:518)
	at groovy.lang.GroovyShell.run(GroovyShell.java:507)
	at groovy.ui.GroovyMain.processOnce(GroovyMain.java:653)
	at groovy.ui.GroovyMain.run(GroovyMain.java:384)
	at groovy.ui.GroovyMain.process(GroovyMain.java:370)
	at groovy.ui.GroovyMain.processArgs(GroovyMain.java:129)
	at groovy.ui.GroovyMain.main(GroovyMain.java:109)
	at sun.reflect.NativeMethodAccessorImpl.invoke0(Native Method)
	at sun.reflect.NativeMethodAccessorImpl.invoke(NativeMethodAccessorImpl.java:62)
	at sun.reflect.DelegatingMethodAccessorImpl.invoke(DelegatingMethodAccessorImpl.java:43)
	at java.lang.reflect.Method.invoke(Method.java:498)
	at org.codehaus.groovy.tools.GroovyStarter.rootLoader(GroovyStarter.java:109)
	at org.codehaus.groovy.tools.GroovyStarter.main(GroovyStarter.java:131)
)

2018-09-26 10:59:50 - [TEST_STEP][PASSED] - openBrowser: Browser is opened with url: 'https://bluesky.netcourier.net/metafour-auth/authenticate?appId=clon&accessCode=&continue=/online/authenticated'

2018-09-26 10:59:56 - [MESSAGE][PASSED] - Browser is opened with url: 'https://bluesky.netcourier.net/metafour-auth/authenticate?appId=clon&accessCode=&continue=/online/authenticated'

2018-09-26 10:59:56 - [TEST_STEP][PASSED] - navigateToUrl: Navigate to 'https://bluesky.netcourier.net/metafour-auth/authenticate?appId=clon&accessCode=&continue=/online/authenticated' successfully

2018-09-26 10:59:56 - [MESSAGE][PASSED] - Navigate to 'https://bluesky.netcourier.net/metafour-auth/authenticate?appId=clon&accessCode=&continue=/online/authenticated' successfully

2018-09-26 10:59:56 - [TEST_STEP][PASSED] - setText: Text 'M4' is set on object 'Object Repository/Page_Metafour User Login/input_Login_access_code'

2018-09-26 10:59:56 - [MESSAGE][PASSED] - Text 'M4' is set on object 'Object Repository/Page_Metafour User Login/input_Login_access_code'

2018-09-26 10:59:56 - [TEST_STEP][PASSED] - setText: Text 'Jony' is set on object 'Object Repository/Page_Metafour User Login/input_Login_login'

2018-09-26 10:59:56 - [MESSAGE][PASSED] - Text 'Jony' is set on object 'Object Repository/Page_Metafour User Login/input_Login_login'

2018-09-26 10:59:56 - [TEST_STEP][PASSED] - setText: Text '1234' is set on object 'Object Repository/Page_Metafour User Login/input_Login_j_password'

2018-09-26 10:59:56 - [MESSAGE][PASSED] - Text '1234' is set on object 'Object Repository/Page_Metafour User Login/input_Login_j_password'

2018-09-26 10:59:56 - [TEST_STEP][PASSED] - click: Object: 'Object Repository/Page_Metafour User Login/button_Sign in' is clicked on

2018-09-26 10:59:57 - [MESSAGE][PASSED] - Object: 'Object Repository/Page_Metafour User Login/button_Sign in' is clicked on

2018-09-26 10:59:57 - [TEST_STEP][PASSED] - delay: Delayed 3 second(s)

2018-09-26 11:00:00 - [MESSAGE][PASSED] - Delayed 3 second(s)

2018-09-26 11:00:00 - [TEST_STEP][FAILED] - verifyElementNotPresent: Unable to verify object 'Object Repository/Page_Metafour User Login/div_Sorry login failed' is not present (Root cause: Web element with id: 'Object Repository/Page_Metafour User Login/div_Sorry login failed' located by 'By.xpath: //div[@id='customerrormessagediv']' is present after '30' second(s))

2018-09-26 11:00:00 - [MESSAGE][WARNING] - Timeout '0' is invalid. Using default page load timeout: '30'

2018-09-26 11:00:31 - [MESSAGE][FAILED] - Web element with id: 'Object Repository/Page_Metafour User Login/div_Sorry login failed' located by 'By.xpath: //div[@id='customerrormessagediv']' is present after '30' second(s)
[[ATTACHMENT|C:\\Users\\mazha\\Katalon Studio\\m4-monitoring\\Reports\\nc-cp-bo-login-test-suit\\20180926_105521\\1537938030975.png]]

2018-09-26 11:00:31 - [MESSAGE][FAILED] - Unable to verify object 'Object Repository/Page_Metafour User Login/div_Sorry login failed' is not present (Root cause: Web element with id: 'Object Repository/Page_Metafour User Login/div_Sorry login failed' located by 'By.xpath: //div[@id='customerrormessagediv']' is present after '30' second(s))
[[ATTACHMENT|C:\\Users\\mazha\\Katalon Studio\\m4-monitoring\\Reports\\nc-cp-bo-login-test-suit\\20180926_105521\\1537938031221.png]]]]></system-out>
         <system-err><![CDATA[2018-09-26 10:59:50 - [TEST_CASE][FAILED] - Test Cases/nc_cp_login_test: Test Cases/nc_cp_login_test FAILED because (of) (Stack trace: com.kms.katalon.core.exception.StepFailedException: Unable to verify object 'Object Repository/Page_Metafour User Login/div_Sorry login failed' is not present (Root cause: Web element with id: 'Object Repository/Page_Metafour User Login/div_Sorry login failed' located by 'By.xpath: //div[@id='customerrormessagediv']' is present after '30' second(s))
	at com.kms.katalon.core.keyword.internal.KeywordMain.stepFailed(KeywordMain.groovy:36)
	at com.kms.katalon.core.webui.keyword.internal.WebUIKeywordMain.stepFailed(WebUIKeywordMain.groovy:65)
	at com.kms.katalon.core.webui.keyword.internal.WebUIKeywordMain.runKeyword(WebUIKeywordMain.groovy:27)
	at com.kms.katalon.core.webui.keyword.builtin.VerifyElementNotPresentKeyword.verifyElementNotPresent(VerifyElementNotPresentKeyword.groovy:118)
	at com.kms.katalon.core.webui.keyword.builtin.VerifyElementNotPresentKeyword.execute(VerifyElementNotPresentKeyword.groovy:68)
	at com.kms.katalon.core.keyword.internal.KeywordExecutor.executeKeywordForPlatform(KeywordExecutor.groovy:53)
	at com.kms.katalon.core.webui.keyword.WebUiBuiltInKeywords.verifyElementNotPresent(WebUiBuiltInKeywords.groovy:1467)
	at com.kms.katalon.core.webui.keyword.WebUiBuiltInKeywords$verifyElementNotPresent$3.call(Unknown Source)
	at Script1537190043452.run(Script1537190043452.groovy:31)
	at com.kms.katalon.core.main.ScriptEngine.run(ScriptEngine.java:183)
	at com.kms.katalon.core.main.ScriptEngine.runScriptAsRawText(ScriptEngine.java:108)
[...]

2018-09-26 11:42:37 - [MESSAGE][PASSED] - Object: 'Object Repository/Page_Metafour User Login/button_Sign in' is clicked on

2018-09-26 11:42:37 - [TEST_STEP][PASSED] - delay: Delayed 3 second(s)

2018-09-26 11:42:40 - [MESSAGE][PASSED] - Delayed 3 second(s)

2018-09-26 11:42:40 - [TEST_STEP][PASSED] - verifyElementNotPresent: Web element with id: 'Object Repository/Page_Metafour User Login/div_Sorry login failed' located by 'By.xpath: //div[@id='customerrormessagediv']' is not present after '30' second(s)

2018-09-26 11:42:40 - [MESSAGE][WARNING] - Timeout '0' is invalid. Using default page load timeout: '30'

2018-09-26 11:42:40 - [MESSAGE][PASSED] - Web element with id: 'Object Repository/Page_Metafour User Login/div_Sorry login failed' located by 'By.xpath: //div[@id='customerrormessagediv']' is not present after '30' second(s)

2018-09-26 11:42:40 - [TEST_STEP][PASSED] - closeBrowser: Browser is closed

2018-09-26 11:42:40 - [MESSAGE][PASSED] - Browser is closed]]></system-out>
         <system-err><![CDATA[]]></system-err>
      </testcase>
      <testcase name="Test Cases/nc_bo_login-test" classname="Test Cases/nc_bo_login-test" status="PASSED">
         <system-out><![CDATA[2018-09-26 11:42:40 - [TEST_CASE][PASSED] - Test Cases/nc_bo_login-test: Test Cases/nc_bo_login-test

2018-09-26 11:42:40 - [TEST_STEP][PASSED] - openBrowser: Browser is opened with url: 'https://spsdemo.metafour.com/netcourier-data/'

2018-09-26 11:42:46 - [MESSAGE][PASSED] - Browser is opened with url: 'https://spsdemo.metafour.com/netcourier-data/'

2018-09-26 11:42:46 - [TEST_STEP][PASSED] - navigateToUrl: Navigate to 'https://spsdemo.metafour.com/netcourier-data/' successfully

2018-09-26 11:42:49 - [MESSAGE][PASSED] - Navigate to 'https://spsdemo.metafour.com/netcourier-data/' successfully

2018-09-26 11:42:49 - [TEST_STEP][PASSED] - setText: Text 'spr' is set on object 'Object Repository/Page_Metafour User Login/input_Login_access_code'

2018-09-26 11:42:52 - [MESSAGE][PASSED] - Text 'spr' is set on object 'Object Repository/Page_Metafour User Login/input_Login_access_code'

2018-09-26 11:42:52 - [TEST_STEP][PASSED] - setText: Text 'admin' is set on object 'Object Repository/Page_Metafour User Login/input_Login_login'

2018-09-26 11:42:52 - [MESSAGE][PASSED] - Text 'admin' is set on object 'Object Repository/Page_Metafour User Login/input_Login_login'

2018-09-26 11:42:52 - [TEST_STEP][PASSED] - setText: Text 'qtspr301u' is set on object 'Object Repository/Page_Metafour User Login/input_Login_j_password'

2018-09-26 11:42:53 - [MESSAGE][PASSED] - Text 'qtspr301u' is set on object 'Object Repository/Page_Metafour User Login/input_Login_j_password'

2018-09-26 11:42:53 - [TEST_STEP][PASSED] - click: Object: 'Object Repository/Page_Metafour User Login/button_Sign in' is clicked on

2018-09-26 11:42:56 - [MESSAGE][PASSED] - Object: 'Object Repository/Page_Metafour User Login/button_Sign in' is clicked on

2018-09-26 11:42:56 - [TEST_STEP][PASSED] - delay: Delayed 3 second(s)

2018-09-26 11:42:59 - [MESSAGE][PASSED] - Delayed 3 second(s)

2018-09-26 11:42:59 - [TEST_STEP][PASSED] - verifyElementNotPresent: Web element with id: 'Object Repository/Page_Metafour User Login/div_Sorry login failed' located by 'By.xpath: //div[@id='customerrormessagediv']' is not present after '30' second(s)

2018-09-26 11:42:59 - [MESSAGE][WARNING] - Timeout '0' is invalid. Using default page load timeout: '30'

2018-09-26 11:42:59 - [MESSAGE][PASSED] - Web element with id: 'Object Repository/Page_Metafour User Login/div_Sorry login failed' located by 'By.xpath: //div[@id='customerrormessagediv']' is not present after '30' second(s)

2018-09-26 11:42:59 - [TEST_STEP][PASSED] - closeBrowser: Browser is closed

2018-09-26 11:42:59 - [MESSAGE][PASSED] - Browser is closed]]></system-out>
         <system-err><![CDATA[]]></system-err>
      </testcase>
      <testcase name="Test Cases/nc_bo_login-test" classname="Test Cases/nc_bo_login-test" status="PASSED">
         <system-out><![CDATA[2018-09-26 11:42:59 - [TEST_CASE][PASSED] - Test Cases/nc_bo_login-test: Test Cases/nc_bo_login-test

2018-09-26 11:42:59 - [TEST_STEP][PASSED] - openBrowser: Browser is opened with url: 'https://ubook2-master.metafour.com/netcourier-data/'

2018-09-26 11:43:05 - [MESSAGE][PASSED] - Browser is opened with url: 'https://ubook2-master.metafour.com/netcourier-data/'

2018-09-26 11:43:05 - [TEST_STEP][PASSED] - navigateToUrl: Navigate to 'https://ubook2-master.metafour.com/netcourier-data/' successfully

2018-09-26 11:43:08 - [MESSAGE][PASSED] - Navigate to 'https://ubook2-master.metafour.com/netcourier-data/' successfully

2018-09-26 11:43:08 - [TEST_STEP][PASSED] - setText: Text 'sps' is set on object 'Object Repository/Page_Metafour User Login/input_Login_access_code'

2018-09-26 11:43:11 - [MESSAGE][PASSED] - Text 'sps' is set on object 'Object Repository/Page_Metafour User Login/input_Login_access_code'

2018-09-26 11:43:11 - [TEST_STEP][PASSED] - setText: Text 'admin' is set on object 'Object Repository/Page_Metafour User Login/input_Login_login'

2018-09-26 11:43:11 - [MESSAGE][PASSED] - Text 'admin' is set on object 'Object Repository/Page_Metafour User Login/input_Login_login'

2018-09-26 11:43:11 - [TEST_STEP][PASSED] - setText: Text 'qtsps888u' is set on object 'Object Repository/Page_Metafour User Login/input_Login_j_password'

2018-09-26 11:43:11 - [MESSAGE][PASSED] - Text 'qtsps888u' is set on object 'Object Repository/Page_Metafour User Login/input_Login_j_password'

2018-09-26 11:43:11 - [TEST_STEP][PASSED] - click: Object: 'Object Repository/Page_Metafour User Login/button_Sign in' is clicked on

2018-09-26 11:43:14 - [MESSAGE][PASSED] - Object: 'Object Repository/Page_Metafour User Login/button_Sign in' is clicked on

2018-09-26 11:43:14 - [TEST_STEP][PASSED] - delay: Delayed 3 second(s)

2018-09-26 11:43:17 - [MESSAGE][PASSED] - Delayed 3 second(s)

2018-09-26 11:43:17 - [TEST_STEP][PASSED] - verifyElementNotPresent: Web element with id: 'Object Repository/Page_Metafour User Login/div_Sorry login failed' located by 'By.xpath: //div[@id='customerrormessagediv']' is not present after '30' second(s)

2018-09-26 11:43:17 - [MESSAGE][WARNING] - Timeout '0' is invalid. Using default page load timeout: '30'

2018-09-26 11:43:17 - [MESSAGE][PASSED] - Web element with id: 'Object Repository/Page_Metafour User Login/div_Sorry login failed' located by 'By.xpath: //div[@id='customerrormessagediv']' is not present after '30' second(s)

2018-09-26 11:43:17 - [TEST_STEP][PASSED] - closeBrowser: Browser is closed

2018-09-26 11:43:18 - [MESSAGE][PASSED] - Browser is closed]]></system-out>
         <system-err><![CDATA[]]></system-err>
      </testcase>
      <testcase name="Test Cases/nc_bo_login-test" classname="Test Cases/nc_bo_login-test" status="PASSED">
         <system-out><![CDATA[2018-09-26 11:43:18 - [TEST_CASE][PASSED] - Test Cases/nc_bo_login-test: Test Cases/nc_bo_login-test

2018-09-26 11:43:18 - [TEST_STEP][PASSED] - openBrowser: Browser is opened with url: 'https://spsuat.metafour.com/netcourier-data/'

2018-09-26 11:43:24 - [MESSAGE][PASSED] - Browser is opened with url: 'https://spsuat.metafour.com/netcourier-data/'

2018-09-26 11:43:24 - [TEST_STEP][PASSED] - navigateToUrl: Navigate to 'https://spsuat.metafour.com/netcourier-data/' successfully

2018-09-26 11:43:26 - [MESSAGE][PASSED] - Navigate to 'https://spsuat.metafour.com/netcourier-data/' successfully

2018-09-26 11:43:26 - [TEST_STEP][PASSED] - setText: Text 'uat' is set on object 'Object Repository/Page_Metafour User Login/input_Login_access_code'

2018-09-26 11:43:29 - [MESSAGE][PASSED] - Text 'uat' is set on object 'Object Repository/Page_Metafour User Login/input_Login_access_code'

2018-09-26 11:43:29 - [TEST_STEP][PASSED] - setText: Text 'admin' is set on object 'Object Repository/Page_Metafour User Login/input_Login_login'

2018-09-26 11:43:30 - [MESSAGE][PASSED] - Text 'admin' is set on object 'Object Repository/Page_Metafour User Login/input_Login_login'

2018-09-26 11:43:30 - [TEST_STEP][PASSED] - setText: Text 'qtuat301u' is set on object 'Object Repository/Page_Metafour User Login/input_Login_j_password'

2018-09-26 11:43:30 - [MESSAGE][PASSED] - Text 'qtuat301u' is set on object 'Object Repository/Page_Metafour User Login/input_Login_j_password'

2018-09-26 11:43:30 - [TEST_STEP][PASSED] - click: Object: 'Object Repository/Page_Metafour User Login/button_Sign in' is clicked on

2018-09-26 11:43:34 - [MESSAGE][PASSED] - Object: 'Object Repository/Page_Metafour User Login/button_Sign in' is clicked on

2018-09-26 11:43:34 - [TEST_STEP][PASSED] - delay: Delayed 3 second(s)

2018-09-26 11:43:37 - [MESSAGE][PASSED] - Delayed 3 second(s)

2018-09-26 11:43:37 - [TEST_STEP][PASSED] - verifyElementNotPresent: Web element with id: 'Object Repository/Page_Metafour User Login/div_Sorry login failed' located by 'By.xpath: //div[@id='customerrormessagediv']' is not present after '30' second(s)

2018-09-26 11:43:37 - [MESSAGE][WARNING] - Timeout '0' is invalid. Using default page load timeout: '30'

2018-09-26 11:43:37 - [MESSAGE][PASSED] - Web element with id: 'Object Repository/Page_Metafour User Login/div_Sorry login failed' located by 'By.xpath: //div[@id='customerrormessagediv']' is not present after '30' second(s)

2018-09-26 11:43:37 - [TEST_STEP][PASSED] - closeBrowser: Browser is closed

2018-09-26 11:43:37 - [MESSAGE][PASSED] - Browser is closed]]></system-out>
         <system-err><![CDATA[]]></system-err>
      </testcase>
      <testcase name="Test Cases/nc_bo_login-test" classname="Test Cases/nc_bo_login-test" status="PASSED">
         <system-out><![CDATA[2018-09-26 11:43:37 - [TEST_CASE][PASSED] - Test Cases/nc_bo_login-test: Test Cases/nc_bo_login-test

2018-09-26 11:43:37 - [TEST_STEP][PASSED] - openBrowser: Browser is opened with url: 'https://talktalk.metafour.com/netcourier-data/'

2018-09-26 11:43:44 - [MESSAGE][PASSED] - Browser is opened with url: 'https://talktalk.metafour.com/netcourier-data/'

2018-09-26 11:43:44 - [TEST_STEP][PASSED] - navigateToUrl: Navigate to 'https://talktalk.metafour.com/netcourier-data/' successfully

2018-09-26 11:43:46 - [MESSAGE][PASSED] - Navigate to 'https://talktalk.metafour.com/netcourier-data/' successfully

2018-09-26 11:43:46 - [TEST_STEP][PASSED] - setText: Text 'ttu' is set on object 'Object Repository/Page_Metafour User Login/input_Login_access_code'

2018-09-26 11:43:49 - [MESSAGE][PASSED] - Text 'ttu' is set on object 'Object Repository/Page_Metafour User Login/input_Login_access_code'

2018-09-26 11:43:49 - [TEST_STEP][PASSED] - setText: Text 'admin' is set on object 'Object Repository/Page_Metafour User Login/input_Login_login'

2018-09-26 11:43:49 - [MESSAGE][PASSED] - Text 'admin' is set on object 'Object Repository/Page_Metafour User Login/input_Login_login'

2018-09-26 11:43:49 - [TEST_STEP][PASSED] - setText: Text 'qtttu533u' is set on object 'Object Repository/Page_Metafour User Login/input_Login_j_password'

2018-09-26 11:43:50 - [MESSAGE][PASSED] - Text 'qtttu533u' is set on object 'Object Repository/Page_Metafour User Login/input_Login_j_password'

2018-09-26 11:43:50 - [TEST_STEP][PASSED] - click: Object: 'Object Repository/Page_Metafour User Login/button_Sign in' is clicked on

2018-09-26 11:43:53 - [MESSAGE][PASSED] - Object: 'Object Repository/Page_Metafour User Login/button_Sign in' is clicked on

2018-09-26 11:43:53 - [TEST_STEP][PASSED] - delay: Delayed 3 second(s)

2018-09-26 11:43:56 - [MESSAGE][PASSED] - Delayed 3 second(s)

2018-09-26 11:43:56 - [TEST_STEP][PASSED] - verifyElementNotPresent: Web element with id: 'Object Repository/Page_Metafour User Login/div_Sorry login failed' located by 'By.xpath: //div[@id='customerrormessagediv']' is not present after '30' second(s)

2018-09-26 11:43:56 - [MESSAGE][WARNING] - Timeout '0' is invalid. Using default page load timeout: '30'

2018-09-26 11:43:56 - [MESSAGE][PASSED] - Web element with id: 'Object Repository/Page_Metafour User Login/div_Sorry login failed' located by 'By.xpath: //div[@id='customerrormessagediv']' is not present after '30' second(s)

2018-09-26 11:43:56 - [TEST_STEP][PASSED] - closeBrowser: Browser is closed

2018-09-26 11:43:56 - [MESSAGE][PASSED] - Browser is closed]]></system-out>
         <system-err><![CDATA[]]></system-err>
      </testcase>
      <system-out><![CDATA[2018-09-26 10:55:24 - [TEST_SUITE][FAILED] - nc-cp-bo-login-test-suit: Test Cases/nc_cp_login_test FAILED because (of) (Stack trace: com.kms.katalon.core.exception.StepFailedException: Unable to verify object 'Object Repository/Page_Metafour User Login/div_Sorry login failed' is not present (Root cause: Web element with id: 'Object Repository/Page_Metafour User Login/div_Sorry login failed' located by 'By.xpath: //div[@id='customerrormessagediv']' is present after '30' second(s))
	at com.kms.katalon.core.keyword.internal.KeywordMain.stepFailed(KeywordMain.groovy:36)
	at com.kms.katalon.core.webui.keyword.internal.WebUIKeywordMain.stepFailed(WebUIKeywordMain.groovy:65)
	at com.kms.katalon.core.webui.keyword.internal.WebUIKeywordMain.runKeyword(WebUIKeywordMain.groovy:27)
	at com.kms.katalon.core.webui.keyword.builtin.VerifyElementNotPresentKeyword.verifyElementNotPresent(VerifyElementNotPresentKeyword.groovy:118)
	at com.kms.katalon.core.webui.keyword.builtin.VerifyElementNotPresentKeyword.execute(VerifyElementNotPresentKeyword.groovy:68)
	at com.kms.katalon.core.keyword.internal.KeywordExecutor.executeKeywordForPlatform(KeywordExecutor.groovy:53)
	at com.kms.katalon.core.webui.keyword.WebUiBuiltInKeywords.verifyElementNotPresent(WebUiBuiltInKeywords.groovy:1467)
	at com.kms.katalon.core.webui.keyword.WebUiBuiltInKeywords$verifyElementNotPresent$3.call(Unknown Source)
	at Script1537190043452.run(Script1537190043452.groovy:31)
	at com.kms.katalon.core.main.ScriptEngine.run(ScriptEngine.java:183)
	at com.kms.katalon.core.main.ScriptEngine.runScriptAsRawText(ScriptEngine.java:108)
	at com.kms.katalon.core.main.TestCaseExecutor.runScript(TestCaseExecutor.java:294)
	at com.kms.katalon.core.main.TestCaseExecutor.doExecute(TestCaseExecutor.java:285)
	at com.kms.katalon.core.main.TestCaseExecutor.processExecutionPhase(TestCaseExecutor.java:264)
	at com.kms.katalon.core.main.TestCaseExecutor.accessMainPhase(TestCaseExecutor.java:256)
	at com.kms.katalon.core.main.TestCaseExecutor.execute(TestCaseExecutor.java:200)
	at com.kms.katalon.core.main.TestSuiteExecutor.accessTestCaseMainPhase(TestSuiteExecutor.java:129)
	at com.kms.katalon.core.main.TestSuiteExecutor.accessTestSuiteMainPhase(TestSuiteExecutor.java:112)
	at com.kms.katalon.core.main.TestSuiteExecutor.execute(TestSuiteExecutor.java:81)
	at com.kms.katalon.core.main.TestCaseMain.startTestSuite(TestCaseMain.java:142)
	at com.kms.katalon.core.main.TestCaseMain$startTestSuite$0.call(Unknown Source)
	at org.codehaus.groovy.runtime.callsite.CallSiteArray.defaultCall(CallSiteArray.java:48)
	at org.codehaus.groovy.runtime.callsite.AbstractCallSite.call(AbstractCallSite.java:113)
	at org.codehaus.groovy.runtime.callsite.AbstractCallSite.call(AbstractCallSite.java:141)
	at TempTestSuite1537937721688.run(TempTestSuite1537937721688.groovy:36)
	at groovy.lang.GroovyShell.runScriptOrMainOrTestOrRunnable(GroovyShell.java:263)
	at groovy.lang.GroovyShell.run(GroovyShell.java:518)
	at groovy.lang.GroovyShell.run(GroovyShell.java:507)
	at groovy.ui.GroovyMain.processOnce(GroovyMain.java:653)
	at groovy.ui.GroovyMain.run(GroovyMain.java:384)
	at groovy.ui.GroovyMain.process(GroovyMain.java:370)
	at groovy.ui.GroovyMain.processArgs(GroovyMain.java:129)
	at groovy.ui.GroovyMain.main(GroovyMain.java:109)
	at sun.reflect.NativeMethodAccessorImpl.invoke0(Native Method)
	at sun.reflect.NativeMethodAccessorImpl.invoke(NativeMethodAccessorImpl.java:62)
	at sun.reflect.DelegatingMethodAccessorImpl.invoke(DelegatingMethodAccessorImpl.java:43)
	at java.lang.reflect.Method.invoke(Method.java:498)
	at org.codehaus.groovy.tools.GroovyStarter.rootLoader(GroovyStarter.java:109)
	at org.codehaus.groovy.tools.GroovyStarter.main(GroovyStarter.java:131)
)]]></system-out>
      <system-err><![CDATA[2018-09-26 10:55:24 - [TEST_SUITE][FAILED] - nc-cp-bo-login-test-suit: Test Cases/nc_cp_login_test FAILED because (of) (Stack trace: com.kms.katalon.core.exception.StepFailedException: Unable to verify object 'Object Repository/Page_Metafour User Login/div_Sorry login failed' is not present (Root cause: Web element with id: 'Object Repository/Page_Metafour User Login/div_Sorry login failed' located by 'By.xpath: //div[@id='customerrormessagediv']' is present after '30' second(s))
	at com.kms.katalon.core.keyword.internal.KeywordMain.stepFailed(KeywordMain.groovy:36)
	at com.kms.katalon.core.webui.keyword.internal.WebUIKeywordMain.stepFailed(WebUIKeywordMain.groovy:65)
	at com.kms.katalon.core.webui.keyword.internal.WebUIKeywordMain.runKeyword(WebUIKeywordMain.groovy:27)
	at com.kms.katalon.core.webui.keyword.builtin.VerifyElementNotPresentKeyword.verifyElementNotPresent(VerifyElementNotPresentKeyword.groovy:118)
	at com.kms.katalon.core.webui.keyword.builtin.VerifyElementNotPresentKeyword.execute(VerifyElementNotPresentKeyword.groovy:68)
	at com.kms.katalon.core.keyword.internal.KeywordExecutor.executeKeywordForPlatform(KeywordExecutor.groovy:53)
	at com.kms.katalon.core.webui.keyword.WebUiBuiltInKeywords.verifyElementNotPresent(WebUiBuiltInKeywords.groovy:1467)
	at com.kms.katalon.core.webui.keyword.WebUiBuiltInKeywords$verifyElementNotPresent$3.call(Unknown Source)
	at Script1537190043452.run(Script1537190043452.groovy:31)
	at com.kms.katalon.core.main.ScriptEngine.run(ScriptEngine.java:183)
	at com.kms.katalon.core.main.ScriptEngine.runScriptAsRawText(ScriptEngine.java:108)
	at com.kms.katalon.core.main.TestCaseExecutor.runScript(TestCaseExecutor.java:294)
	at com.kms.katalon.core.main.TestCaseExecutor.doExecute(TestCaseExecutor.java:285)
	at com.kms.katalon.core.main.TestCaseExecutor.processExecutionPhase(TestCaseExecutor.java:264)
	at com.kms.katalon.core.main.TestCaseExecutor.accessMainPhase(TestCaseExecutor.java:256)
	at com.kms.katalon.core.main.TestCaseExecutor.execute(TestCaseExecutor.java:200)
	at com.kms.katalon.core.main.TestSuiteExecutor.accessTestCaseMainPhase(TestSuiteExecutor.java:129)
	at com.kms.katalon.core.main.TestSuiteExecutor.accessTestSuiteMainPhase(TestSuiteExecutor.java:112)
	at com.kms.katalon.core.main.TestSuiteExecutor.execute(TestSuiteExecutor.java:81)
	at com.kms.katalon.core.main.TestCaseMain.startTestSuite(TestCaseMain.java:142)
	at com.kms.katalon.core.main.TestCaseMain$startTestSuite$0.call(Unknown Source)
	at org.codehaus.groovy.runtime.callsite.CallSiteArray.defaultCall(CallSiteArray.java:48)
	at org.codehaus.groovy.runtime.callsite.AbstractCallSite.call(AbstractCallSite.java:113)
	at org.codehaus.groovy.runtime.callsite.AbstractCallSite.call(AbstractCallSite.java:141)
	at TempTestSuite1537937721688.run(TempTestSuite1537937721688.groovy:36)
	at groovy.lang.GroovyShell.runScriptOrMainOrTestOrRunnable(GroovyShell.java:263)
	at groovy.lang.GroovyShell.run(GroovyShell.java:518)
	at groovy.lang.GroovyShell.run(GroovyShell.java:507)
	at groovy.ui.GroovyMain.processOnce(GroovyMain.java:653)
	at groovy.ui.GroovyMain.run(GroovyMain.java:384)
	at groovy.ui.GroovyMain.process(GroovyMain.java:370)
	at groovy.ui.GroovyMain.processArgs(GroovyMain.java:129)
	at groovy.ui.GroovyMain.main(GroovyMain.java:109)
	at sun.reflect.NativeMethodAccessorImpl.invoke0(Native Method)
	at sun.reflect.NativeMethodAccessorImpl.invoke(NativeMethodAccessorImpl.java:62)
	at sun.reflect.DelegatingMethodAccessorImpl.invoke(DelegatingMethodAccessorImpl.java:43)
	at java.lang.reflect.Method.invoke(Method.java:498)
	at org.codehaus.groovy.tools.GroovyStarter.rootLoader(GroovyStarter.java:109)
	at org.codehaus.groovy.tools.GroovyStarter.main(GroovyStarter.java:131)
)]]></system-err>
   </testsuite>
</testsuites>
